#
# There is insufficient memory for the Java Runtime Environment to continue.
# Native memory allocation (malloc) failed to allocate 1842576 bytes for Chunk::new
# Possible reasons:
#   The system is out of physical RAM or swap space
#   The process is running with CompressedOops enabled, and the Java Heap may be blocking the growth of the native heap
# Possible solutions:
#   Reduce memory load on the system
#   Increase physical memory or swap space
#   Check if swap backing store is full
#   Decrease Java heap size (-Xmx/-Xms)
#   Decrease number of Java threads
#   Decrease Java thread stack sizes (-Xss)
#   Set larger code cache with -XX:ReservedCodeCacheSize=
#   JVM is running with Unscaled Compressed Oops mode in which the Java heap is
#     placed in the first 4GB address space. The Java Heap base address is the
#     maximum limit for the native heap growth. Please use -XX:HeapBaseMinAddress
#     to set the Java Heap base and to place the Java Heap above 4GB virtual address.
# This output file may be truncated or incomplete.
#
#  Out of Memory Error (./src/hotspot/share/memory/arena.cpp:197), pid=3428, tid=7504
#
# JRE version: OpenJDK Runtime Environment (11.0.10) (build 11.0.10+0-b96-7249189)
# Java VM: OpenJDK 64-Bit Server VM (11.0.10+0-b96-7249189, mixed mode, tiered, compressed oops, g1 gc, windows-amd64)
# No core dump will be written. Minidumps are not enabled by default on client versions of Windows
#

---------------  S U M M A R Y ------------

Command Line: --add-opens=java.base/java.util=ALL-UNNAMED --add-opens=java.base/java.lang=ALL-UNNAMED --add-opens=java.base/java.lang.invoke=ALL-UNNAMED --add-opens=java.base/java.util=ALL-UNNAMED --add-opens=java.prefs/java.util.prefs=ALL-UNNAMED --add-opens=java.prefs/java.util.prefs=ALL-UNNAMED --add-opens=java.base/java.nio.charset=ALL-UNNAMED --add-opens=java.base/java.net=ALL-UNNAMED --add-opens=java.base/java.util.concurrent.atomic=ALL-UNNAMED -Xmx2048m -Dfile.encoding=UTF-8 -Duser.country=RU -Duser.language=ru -Duser.variant org.gradle.launcher.daemon.bootstrap.GradleDaemon 7.0.2

Host: Intel(R) Celeron(R) CPU G3930 @ 2.90GHz, 2 cores, 7G,  Windows 10 , 64 bit Build 19041 (10.0.19041.1202)
Time: Tue May  3 13:37:54 2022 RTZ 2 (зима) elapsed time: 24.059328 seconds (0d 0h 0m 24s)

---------------  T H R E A D  ---------------

Current thread (0x000001d2cf85f800):  JavaThread "C2 CompilerThread0" daemon [_thread_in_native, id=7504, stack(0x000000ba2f300000,0x000000ba2f400000)]


Current CompileTask:
C2:  24059 3781       4       groovy.lang.MetaClassImpl$1MOPIter::methodNameAction (325 bytes)

Stack: [0x000000ba2f300000,0x000000ba2f400000]
Native frames: (J=compiled Java code, j=interpreted, Vv=VM code, C=native code)
V  [jvm.dll+0x5ecfaa]
V  [jvm.dll+0x722bd5]
V  [jvm.dll+0x72412d]
V  [jvm.dll+0x7247e3]
V  [jvm.dll+0x242928]
V  [jvm.dll+0xbc4fc]
V  [jvm.dll+0xbca0c]
V  [jvm.dll+0x352d3b]
V  [jvm.dll+0x320ad3]
V  [jvm.dll+0x31ffca]
V  [jvm.dll+0x1fb602]
V  [jvm.dll+0x1fa7f4]
V  [jvm.dll+0x18354c]
V  [jvm.dll+0x208ee7]
V  [jvm.dll+0x207731]
V  [jvm.dll+0x6eb1cf]
V  [jvm.dll+0x6e3d45]
V  [jvm.dll+0x5ebe96]
C  [ucrtbase.dll+0x21bb2]
C  [KERNEL32.DLL+0x17034]
C  [ntdll.dll+0x52651]


---------------  P R O C E S S  ---------------

Threads class SMR info:
_java_thread_list=0x000001d2d45dbba0, length=34, elements={
0x000001d2b413f800, 0x000001d2cf83a800, 0x000001d2cf846800, 0x000001d2cf85a000,
0x000001d2cf85b000, 0x000001d2cf85c800, 0x000001d2cf85f800, 0x000001d2d0226000,
0x000001d2d023c800, 0x000001d2d0331800, 0x000001d2d1cc2000, 0x000001d2d19a2000,
0x000001d2d166e000, 0x000001d2d1c03000, 0x000001d2d1c04000, 0x000001d2d1493800,
0x000001d2d16ab000, 0x000001d2d1581800, 0x000001d2d23dc800, 0x000001d2d23bc800,
0x000001d2d23b9000, 0x000001d2d23bb800, 0x000001d2d23b8800, 0x000001d2d23bd000,
0x000001d2d23be000, 0x000001d2d23bf000, 0x000001d2d23bb000, 0x000001d2d23ba000,
0x000001d2d45fe000, 0x000001d2d45fd000, 0x000001d2d45f8000, 0x000001d2d45fe800,
0x000001d2d45f9000, 0x000001d2d45f9800
}

Java Threads: ( => current thread )
  0x000001d2b413f800 JavaThread "main" [_thread_blocked, id=7324, stack(0x000000ba2e600000,0x000000ba2e700000)]
  0x000001d2cf83a800 JavaThread "Reference Handler" daemon [_thread_blocked, id=7204, stack(0x000000ba2ee00000,0x000000ba2ef00000)]
  0x000001d2cf846800 JavaThread "Finalizer" daemon [_thread_blocked, id=6080, stack(0x000000ba2ef00000,0x000000ba2f000000)]
  0x000001d2cf85a000 JavaThread "Signal Dispatcher" daemon [_thread_blocked, id=6264, stack(0x000000ba2f000000,0x000000ba2f100000)]
  0x000001d2cf85b000 JavaThread "Attach Listener" daemon [_thread_blocked, id=7968, stack(0x000000ba2f100000,0x000000ba2f200000)]
  0x000001d2cf85c800 JavaThread "Service Thread" daemon [_thread_blocked, id=2768, stack(0x000000ba2f200000,0x000000ba2f300000)]
=>0x000001d2cf85f800 JavaThread "C2 CompilerThread0" daemon [_thread_in_native, id=7504, stack(0x000000ba2f300000,0x000000ba2f400000)]
  0x000001d2d0226000 JavaThread "C1 CompilerThread0" daemon [_thread_blocked, id=3180, stack(0x000000ba2f400000,0x000000ba2f500000)]
  0x000001d2d023c800 JavaThread "Sweeper thread" daemon [_thread_blocked, id=7376, stack(0x000000ba2f500000,0x000000ba2f600000)]
  0x000001d2d0331800 JavaThread "Common-Cleaner" daemon [_thread_blocked, id=2976, stack(0x000000ba2f600000,0x000000ba2f700000)]
  0x000001d2d1cc2000 JavaThread "Daemon health stats" [_thread_blocked, id=7888, stack(0x000000ba2f900000,0x000000ba2fa00000)]
  0x000001d2d19a2000 JavaThread "Incoming local TCP Connector on port 59463" [_thread_in_native, id=7328, stack(0x000000ba2fa00000,0x000000ba2fb00000)]
  0x000001d2d166e000 JavaThread "Daemon" [_thread_blocked, id=1416, stack(0x000000ba2fc00000,0x000000ba2fd00000)]
  0x000001d2d1c03000 JavaThread "Daemon periodic checks" [_thread_blocked, id=1768, stack(0x000000ba2fd00000,0x000000ba2fe00000)]
  0x000001d2d1c04000 JavaThread "Handler for socket connection from /127.0.0.1:59463 to /127.0.0.1:59464" [_thread_in_native, id=4640, stack(0x000000ba2fe00000,0x000000ba2ff00000)]
  0x000001d2d1493800 JavaThread "Cancel handler" [_thread_blocked, id=7620, stack(0x000000ba2ff00000,0x000000ba30000000)]
  0x000001d2d16ab000 JavaThread "Daemon worker" [_thread_in_vm, id=5052, stack(0x000000ba30000000,0x000000ba30100000)]
  0x000001d2d1581800 JavaThread "Asynchronous log dispatcher for DefaultDaemonConnection: socket connection from /127.0.0.1:59463 to /127.0.0.1:59464" [_thread_blocked, id=4652, stack(0x000000ba30100000,0x000000ba30200000)]
  0x000001d2d23dc800 JavaThread "Stdin handler" [_thread_blocked, id=6148, stack(0x000000ba30200000,0x000000ba30300000)]
  0x000001d2d23bc800 JavaThread "Daemon client event forwarder" [_thread_blocked, id=212, stack(0x000000ba30300000,0x000000ba30400000)]
  0x000001d2d23b9000 JavaThread "Cache worker for file hash cache (C:\Users\User\.gradle\caches\7.0.2\fileHashes)" [_thread_blocked, id=1992, stack(0x000000ba30400000,0x000000ba30500000)]
  0x000001d2d23bb800 JavaThread "File lock request listener" [_thread_in_native, id=1372, stack(0x000000ba30500000,0x000000ba30600000)]
  0x000001d2d23b8800 JavaThread "Cache worker for journal cache (C:\Users\User\.gradle\caches\journal-1)" [_thread_blocked, id=7164, stack(0x000000ba30600000,0x000000ba30700000)]
  0x000001d2d23bd000 JavaThread "Cache worker for file hash cache (C:\Users\User\AndroidStudioProjects\NMedia\.gradle\7.0.2\fileHashes)" [_thread_blocked, id=1148, stack(0x000000ba30700000,0x000000ba30800000)]
  0x000001d2d23be000 JavaThread "File watcher server" daemon [_thread_in_native, id=7076, stack(0x000000ba30800000,0x000000ba30900000)]
  0x000001d2d23bf000 JavaThread "File watcher consumer" daemon [_thread_blocked, id=4260, stack(0x000000ba30900000,0x000000ba30a00000)]
  0x000001d2d23bb000 JavaThread "Cache worker for checksums cache (C:\Users\User\AndroidStudioProjects\NMedia\.gradle\checksums)" [_thread_blocked, id=8056, stack(0x000000ba30a00000,0x000000ba30b00000)]
  0x000001d2d23ba000 JavaThread "Cache worker for cache directory md-supplier (C:\Users\User\.gradle\caches\7.0.2\md-supplier)" [_thread_blocked, id=7188, stack(0x000000ba30b00000,0x000000ba30c00000)]
  0x000001d2d45fe000 JavaThread "Cache worker for cache directory md-rule (C:\Users\User\.gradle\caches\7.0.2\md-rule)" [_thread_blocked, id=5864, stack(0x000000ba30c00000,0x000000ba30d00000)]
  0x000001d2d45fd000 JavaThread "Cache worker for execution history cache (C:\Users\User\.gradle\caches\7.0.2\executionHistory)" [_thread_blocked, id=7020, stack(0x000000ba30d00000,0x000000ba30e00000)]
  0x000001d2d45f8000 JavaThread "jar transforms" [_thread_blocked, id=7712, stack(0x000000ba30e00000,0x000000ba30f00000)]
  0x000001d2d45fe800 JavaThread "jar transforms Thread 2" [_thread_blocked, id=7780, stack(0x000000ba30f00000,0x000000ba31000000)]
  0x000001d2d45f9000 JavaThread "Cache worker for file content cache (C:\Users\User\.gradle\caches\7.0.2\fileContent)" [_thread_blocked, id=5012, stack(0x000000ba31000000,0x000000ba31100000)]
  0x000001d2d45f9800 JavaThread "Cache worker for dependencies-accessors (C:\Users\User\AndroidStudioProjects\NMedia\.gradle\7.0.2\dependencies-accessors)" [_thread_blocked, id=116, stack(0x000000ba31100000,0x000000ba31200000)]

Other Threads:
  0x000001d2cf833800 VMThread "VM Thread" [stack: 0x000000ba2ed00000,0x000000ba2ee00000] [id=316]
  0x000001d2d0371000 WatcherThread [stack: 0x000000ba2f700000,0x000000ba2f800000] [id=5188]
  0x000001d2b415a800 GCTaskThread "GC Thread#0" [stack: 0x000000ba2e800000,0x000000ba2e900000] [id=5948]
  0x000001d2d045a800 GCTaskThread "GC Thread#1" [stack: 0x000000ba2f800000,0x000000ba2f900000] [id=1224]
  0x000001d2b418a000 ConcurrentGCThread "G1 Main Marker" [stack: 0x000000ba2e900000,0x000000ba2ea00000] [id=6748]
  0x000001d2b418b000 ConcurrentGCThread "G1 Conc#0" [stack: 0x000000ba2ea00000,0x000000ba2eb00000] [id=2892]
  0x000001d2b420f800 ConcurrentGCThread "G1 Refine#0" [stack: 0x000000ba2eb00000,0x000000ba2ec00000] [id=6648]
  0x000001d2d0a67000 ConcurrentGCThread "G1 Refine#1" [stack: 0x000000ba2fb00000,0x000000ba2fc00000] [id=7352]
  0x000001d2b4210800 ConcurrentGCThread "G1 Young RemSet Sampling" [stack: 0x000000ba2ec00000,0x000000ba2ed00000] [id=5168]

Threads with active compile tasks:
C2 CompilerThread0  24111 3781       4       groovy.lang.MetaClassImpl$1MOPIter::methodNameAction (325 bytes)

VM state:not at safepoint (normal execution)

VM Mutex/Monitor currently owned by a thread: None

Heap address: 0x0000000080000000, size: 2048 MB, Compressed Oops mode: 32-bit
Narrow klass base: 0x0000000000000000, Narrow klass shift: 3
Compressed class space size: 1073741824 Address: 0x0000000100000000

Heap:
 garbage-first heap   total 131072K, used 63010K [0x0000000080000000, 0x0000000100000000)
  region size 1024K, 44 young (45056K), 7 survivors (7168K)
 Metaspace       used 42646K, capacity 43633K, committed 43648K, reserved 1087488K
  class space    used 5395K, capacity 5746K, committed 5760K, reserved 1048576K
Heap Regions: E=young(eden), S=young(survivor), O=old, HS=humongous(starts), HC=humongous(continues), CS=collection set, F=free, A=archive, TAMS=top-at-mark-start (previous, next)
|   0|0x0000000080000000, 0x0000000080100000, 0x0000000080100000|100%| O|  |TAMS 0x0000000080100000, 0x0000000080000000| Untracked 
|   1|0x0000000080100000, 0x0000000080200000, 0x0000000080200000|100%| O|  |TAMS 0x0000000080200000, 0x0000000080100000| Untracked 
|   2|0x0000000080200000, 0x0000000080300000, 0x0000000080300000|100%| O|  |TAMS 0x0000000080300000, 0x0000000080200000| Untracked 
|   3|0x0000000080300000, 0x0000000080400000, 0x0000000080400000|100%| O|  |TAMS 0x0000000080400000, 0x0000000080300000| Untracked 
|   4|0x0000000080400000, 0x0000000080500000, 0x0000000080500000|100%|HS|  |TAMS 0x0000000080500000, 0x0000000080400000| Complete 
|   5|0x0000000080500000, 0x0000000080600000, 0x0000000080600000|100%|HC|  |TAMS 0x0000000080600000, 0x0000000080500000| Complete 
|   6|0x0000000080600000, 0x0000000080700000, 0x0000000080700000|100%|HC|  |TAMS 0x0000000080700000, 0x0000000080600000| Complete 
|   7|0x0000000080700000, 0x0000000080800000, 0x0000000080800000|100%| O|  |TAMS 0x0000000080800000, 0x0000000080700000| Untracked 
|   8|0x0000000080800000, 0x0000000080900000, 0x0000000080900000|100%| O|  |TAMS 0x0000000080900000, 0x0000000080800000| Untracked 
|   9|0x0000000080900000, 0x0000000080a00000, 0x0000000080a00000|100%| O|  |TAMS 0x0000000080a00000, 0x0000000080900000| Untracked 
|  10|0x0000000080a00000, 0x0000000080b00000, 0x0000000080b00000|100%| O|  |TAMS 0x0000000080b00000, 0x0000000080a00000| Untracked 
|  11|0x0000000080b00000, 0x0000000080c00000, 0x0000000080c00000|100%| O|  |TAMS 0x0000000080c00000, 0x0000000080b00000| Untracked 
|  12|0x0000000080c00000, 0x0000000080d00000, 0x0000000080d00000|100%| O|  |TAMS 0x0000000080d00000, 0x0000000080c00000| Untracked 
|  13|0x0000000080d00000, 0x0000000080e00000, 0x0000000080e00000|100%| O|  |TAMS 0x0000000080e00000, 0x0000000080d00000| Untracked 
|  14|0x0000000080e00000, 0x0000000080f00000, 0x0000000080f00000|100%| O|  |TAMS 0x0000000080f00000, 0x0000000080e00000| Untracked 
|  15|0x0000000080f00000, 0x0000000081000000, 0x0000000081000000|100%| O|  |TAMS 0x0000000080f2e600, 0x0000000080f00000| Untracked 
|  16|0x0000000081000000, 0x0000000081100000, 0x0000000081100000|100%|HS|  |TAMS 0x0000000081000000, 0x0000000081000000| Complete 
|  17|0x0000000081100000, 0x0000000081100000, 0x0000000081200000|  0%| F|  |TAMS 0x0000000081100000, 0x0000000081100000| Untracked 
|  18|0x0000000081200000, 0x0000000081200000, 0x0000000081300000|  0%| F|  |TAMS 0x0000000081200000, 0x0000000081200000| Untracked 
|  19|0x0000000081300000, 0x0000000081400000, 0x0000000081400000|100%| O|  |TAMS 0x0000000081300000, 0x0000000081300000| Untracked 
|  20|0x0000000081400000, 0x0000000081500000, 0x0000000081500000|100%| O|  |TAMS 0x0000000081400000, 0x0000000081400000| Untracked 
|  21|0x0000000081500000, 0x0000000081588800, 0x0000000081600000| 53%| O|  |TAMS 0x0000000081500000, 0x0000000081500000| Untracked 
|  22|0x0000000081600000, 0x0000000081600000, 0x0000000081700000|  0%| F|  |TAMS 0x0000000081600000, 0x0000000081600000| Untracked 
|  23|0x0000000081700000, 0x0000000081700000, 0x0000000081800000|  0%| F|  |TAMS 0x0000000081700000, 0x0000000081700000| Untracked 
|  24|0x0000000081800000, 0x0000000081800000, 0x0000000081900000|  0%| F|  |TAMS 0x0000000081800000, 0x0000000081800000| Untracked 
|  25|0x0000000081900000, 0x0000000081900000, 0x0000000081a00000|  0%| F|  |TAMS 0x0000000081900000, 0x0000000081900000| Untracked 
|  26|0x0000000081a00000, 0x0000000081a00000, 0x0000000081b00000|  0%| F|  |TAMS 0x0000000081a00000, 0x0000000081a00000| Untracked 
|  27|0x0000000081b00000, 0x0000000081b00000, 0x0000000081c00000|  0%| F|  |TAMS 0x0000000081b00000, 0x0000000081b00000| Untracked 
|  28|0x0000000081c00000, 0x0000000081c00000, 0x0000000081d00000|  0%| F|  |TAMS 0x0000000081c00000, 0x0000000081c00000| Untracked 
|  29|0x0000000081d00000, 0x0000000081d00000, 0x0000000081e00000|  0%| F|  |TAMS 0x0000000081d00000, 0x0000000081d00000| Untracked 
|  30|0x0000000081e00000, 0x0000000081e00000, 0x0000000081f00000|  0%| F|  |TAMS 0x0000000081e00000, 0x0000000081e00000| Untracked 
|  31|0x0000000081f00000, 0x0000000081f00000, 0x0000000082000000|  0%| F|  |TAMS 0x0000000081f00000, 0x0000000081f00000| Untracked 
|  32|0x0000000082000000, 0x0000000082000000, 0x0000000082100000|  0%| F|  |TAMS 0x0000000082000000, 0x0000000082000000| Untracked 
|  33|0x0000000082100000, 0x0000000082100000, 0x0000000082200000|  0%| F|  |TAMS 0x0000000082100000, 0x0000000082100000| Untracked 
|  34|0x0000000082200000, 0x0000000082200000, 0x0000000082300000|  0%| F|  |TAMS 0x0000000082200000, 0x0000000082200000| Untracked 
|  35|0x0000000082300000, 0x0000000082300000, 0x0000000082400000|  0%| F|  |TAMS 0x0000000082300000, 0x0000000082300000| Untracked 
|  36|0x0000000082400000, 0x0000000082400000, 0x0000000082500000|  0%| F|  |TAMS 0x0000000082400000, 0x0000000082400000| Untracked 
|  37|0x0000000082500000, 0x0000000082500000, 0x0000000082600000|  0%| F|  |TAMS 0x0000000082500000, 0x0000000082500000| Untracked 
|  38|0x0000000082600000, 0x0000000082600000, 0x0000000082700000|  0%| F|  |TAMS 0x0000000082600000, 0x0000000082600000| Untracked 
|  39|0x0000000082700000, 0x0000000082700000, 0x0000000082800000|  0%| F|  |TAMS 0x0000000082700000, 0x0000000082700000| Untracked 
|  40|0x0000000082800000, 0x0000000082800000, 0x0000000082900000|  0%| F|  |TAMS 0x0000000082800000, 0x0000000082800000| Untracked 
|  41|0x0000000082900000, 0x0000000082900000, 0x0000000082a00000|  0%| F|  |TAMS 0x0000000082900000, 0x0000000082900000| Untracked 
|  42|0x0000000082a00000, 0x0000000082a00000, 0x0000000082b00000|  0%| F|  |TAMS 0x0000000082a00000, 0x0000000082a00000| Untracked 
|  43|0x0000000082b00000, 0x0000000082b00000, 0x0000000082c00000|  0%| F|  |TAMS 0x0000000082b00000, 0x0000000082b00000| Untracked 
|  44|0x0000000082c00000, 0x0000000082c00000, 0x0000000082d00000|  0%| F|  |TAMS 0x0000000082c00000, 0x0000000082c00000| Untracked 
|  45|0x0000000082d00000, 0x0000000082d00000, 0x0000000082e00000|  0%| F|  |TAMS 0x0000000082d00000, 0x0000000082d00000| Untracked 
|  46|0x0000000082e00000, 0x0000000082e00000, 0x0000000082f00000|  0%| F|  |TAMS 0x0000000082e00000, 0x0000000082e00000| Untracked 
|  47|0x0000000082f00000, 0x0000000082f00000, 0x0000000083000000|  0%| F|  |TAMS 0x0000000082f00000, 0x0000000082f00000| Untracked 
|  48|0x0000000083000000, 0x0000000083000000, 0x0000000083100000|  0%| F|  |TAMS 0x0000000083000000, 0x0000000083000000| Untracked 
|  49|0x0000000083100000, 0x0000000083100000, 0x0000000083200000|  0%| F|  |TAMS 0x0000000083100000, 0x0000000083100000| Untracked 
|  50|0x0000000083200000, 0x0000000083200000, 0x0000000083300000|  0%| F|  |TAMS 0x0000000083200000, 0x0000000083200000| Untracked 
|  51|0x0000000083300000, 0x0000000083300000, 0x0000000083400000|  0%| F|  |TAMS 0x0000000083300000, 0x0000000083300000| Untracked 
|  52|0x0000000083400000, 0x0000000083400000, 0x0000000083500000|  0%| F|  |TAMS 0x0000000083400000, 0x0000000083400000| Untracked 
|  53|0x0000000083500000, 0x0000000083500000, 0x0000000083600000|  0%| F|  |TAMS 0x0000000083500000, 0x0000000083500000| Untracked 
|  54|0x0000000083600000, 0x0000000083600000, 0x0000000083700000|  0%| F|  |TAMS 0x0000000083600000, 0x0000000083600000| Untracked 
|  55|0x0000000083700000, 0x0000000083700000, 0x0000000083800000|  0%| F|  |TAMS 0x0000000083700000, 0x0000000083700000| Untracked 
|  56|0x0000000083800000, 0x0000000083800000, 0x0000000083900000|  0%| F|  |TAMS 0x0000000083800000, 0x0000000083800000| Untracked 
|  57|0x0000000083900000, 0x0000000083900000, 0x0000000083a00000|  0%| F|  |TAMS 0x0000000083900000, 0x0000000083900000| Untracked 
|  58|0x0000000083a00000, 0x0000000083a00000, 0x0000000083b00000|  0%| F|  |TAMS 0x0000000083a00000, 0x0000000083a00000| Untracked 
|  59|0x0000000083b00000, 0x0000000083b00000, 0x0000000083c00000|  0%| F|  |TAMS 0x0000000083b00000, 0x0000000083b00000| Untracked 
|  60|0x0000000083c00000, 0x0000000083c00000, 0x0000000083d00000|  0%| F|  |TAMS 0x0000000083c00000, 0x0000000083c00000| Untracked 
|  61|0x0000000083d00000, 0x0000000083d00000, 0x0000000083e00000|  0%| F|  |TAMS 0x0000000083d00000, 0x0000000083d00000| Untracked 
|  62|0x0000000083e00000, 0x0000000083e00000, 0x0000000083f00000|  0%| F|  |TAMS 0x0000000083e00000, 0x0000000083e00000| Untracked 
|  63|0x0000000083f00000, 0x0000000083f00000, 0x0000000084000000|  0%| F|  |TAMS 0x0000000083f00000, 0x0000000083f00000| Untracked 
|  64|0x0000000084000000, 0x0000000084100000, 0x0000000084100000|100%| S|CS|TAMS 0x0000000084000000, 0x0000000084000000| Complete 
|  65|0x0000000084100000, 0x0000000084200000, 0x0000000084200000|100%| S|CS|TAMS 0x0000000084100000, 0x0000000084100000| Complete 
|  66|0x0000000084200000, 0x0000000084300000, 0x0000000084300000|100%| S|CS|TAMS 0x0000000084200000, 0x0000000084200000| Complete 
|  67|0x0000000084300000, 0x0000000084400000, 0x0000000084400000|100%| S|CS|TAMS 0x0000000084300000, 0x0000000084300000| Complete 
|  68|0x0000000084400000, 0x0000000084500000, 0x0000000084500000|100%| S|CS|TAMS 0x0000000084400000, 0x0000000084400000| Complete 
|  69|0x0000000084500000, 0x0000000084600000, 0x0000000084600000|100%| S|CS|TAMS 0x0000000084500000, 0x0000000084500000| Complete 
|  70|0x0000000084600000, 0x0000000084700000, 0x0000000084700000|100%| S|CS|TAMS 0x0000000084600000, 0x0000000084600000| Complete 
|  71|0x0000000084700000, 0x0000000084700000, 0x0000000084800000|  0%| F|  |TAMS 0x0000000084700000, 0x0000000084700000| Untracked 
|  72|0x0000000084800000, 0x0000000084800000, 0x0000000084900000|  0%| F|  |TAMS 0x0000000084800000, 0x0000000084800000| Untracked 
|  73|0x0000000084900000, 0x0000000084900000, 0x0000000084a00000|  0%| F|  |TAMS 0x0000000084900000, 0x0000000084900000| Untracked 
|  74|0x0000000084a00000, 0x0000000084a00000, 0x0000000084b00000|  0%| F|  |TAMS 0x0000000084a00000, 0x0000000084a00000| Untracked 
|  75|0x0000000084b00000, 0x0000000084b00000, 0x0000000084c00000|  0%| F|  |TAMS 0x0000000084b00000, 0x0000000084b00000| Untracked 
|  76|0x0000000084c00000, 0x0000000084c00000, 0x0000000084d00000|  0%| F|  |TAMS 0x0000000084c00000, 0x0000000084c00000| Untracked 
|  77|0x0000000084d00000, 0x0000000084d00000, 0x0000000084e00000|  0%| F|  |TAMS 0x0000000084d00000, 0x0000000084d00000| Untracked 
|  78|0x0000000084e00000, 0x0000000084e00000, 0x0000000084f00000|  0%| F|  |TAMS 0x0000000084e00000, 0x0000000084e00000| Untracked 
|  79|0x0000000084f00000, 0x0000000084f00000, 0x0000000085000000|  0%| F|  |TAMS 0x0000000084f00000, 0x0000000084f00000| Untracked 
|  80|0x0000000085000000, 0x0000000085000000, 0x0000000085100000|  0%| F|  |TAMS 0x0000000085000000, 0x0000000085000000| Untracked 
|  81|0x0000000085100000, 0x0000000085100000, 0x0000000085200000|  0%| F|  |TAMS 0x0000000085100000, 0x0000000085100000| Untracked 
|  82|0x0000000085200000, 0x0000000085200000, 0x0000000085300000|  0%| F|  |TAMS 0x0000000085200000, 0x0000000085200000| Untracked 
|  83|0x0000000085300000, 0x0000000085300000, 0x0000000085400000|  0%| F|  |TAMS 0x0000000085300000, 0x0000000085300000| Untracked 
|  84|0x0000000085400000, 0x0000000085400000, 0x0000000085500000|  0%| F|  |TAMS 0x0000000085400000, 0x0000000085400000| Untracked 
|  85|0x0000000085500000, 0x0000000085500000, 0x0000000085600000|  0%| F|  |TAMS 0x0000000085500000, 0x0000000085500000| Untracked 
|  86|0x0000000085600000, 0x0000000085600000, 0x0000000085700000|  0%| F|  |TAMS 0x0000000085600000, 0x0000000085600000| Untracked 
|  87|0x0000000085700000, 0x0000000085700000, 0x0000000085800000|  0%| F|  |TAMS 0x0000000085700000, 0x0000000085700000| Untracked 
|  88|0x0000000085800000, 0x0000000085800000, 0x0000000085900000|  0%| F|  |TAMS 0x0000000085800000, 0x0000000085800000| Untracked 
|  89|0x0000000085900000, 0x0000000085900000, 0x0000000085a00000|  0%| F|  |TAMS 0x0000000085900000, 0x0000000085900000| Untracked 
|  90|0x0000000085a00000, 0x0000000085a00000, 0x0000000085b00000|  0%| F|  |TAMS 0x0000000085a00000, 0x0000000085a00000| Untracked 
|  91|0x0000000085b00000, 0x0000000085b80800, 0x0000000085c00000| 50%| E|  |TAMS 0x0000000085b00000, 0x0000000085b00000| Complete 
|  92|0x0000000085c00000, 0x0000000085d00000, 0x0000000085d00000|100%| E|CS|TAMS 0x0000000085c00000, 0x0000000085c00000| Complete 
|  93|0x0000000085d00000, 0x0000000085e00000, 0x0000000085e00000|100%| E|CS|TAMS 0x0000000085d00000, 0x0000000085d00000| Complete 
|  94|0x0000000085e00000, 0x0000000085f00000, 0x0000000085f00000|100%| E|CS|TAMS 0x0000000085e00000, 0x0000000085e00000| Complete 
|  95|0x0000000085f00000, 0x0000000086000000, 0x0000000086000000|100%| E|  |TAMS 0x0000000085f00000, 0x0000000085f00000| Complete 
|  96|0x0000000086000000, 0x0000000086100000, 0x0000000086100000|100%| E|CS|TAMS 0x0000000086000000, 0x0000000086000000| Complete 
|  97|0x0000000086100000, 0x0000000086200000, 0x0000000086200000|100%| E|CS|TAMS 0x0000000086100000, 0x0000000086100000| Complete 
|  98|0x0000000086200000, 0x0000000086300000, 0x0000000086300000|100%| E|CS|TAMS 0x0000000086200000, 0x0000000086200000| Complete 
|  99|0x0000000086300000, 0x0000000086400000, 0x0000000086400000|100%| E|CS|TAMS 0x0000000086300000, 0x0000000086300000| Complete 
| 100|0x0000000086400000, 0x0000000086500000, 0x0000000086500000|100%| E|CS|TAMS 0x0000000086400000, 0x0000000086400000| Complete 
| 101|0x0000000086500000, 0x0000000086600000, 0x0000000086600000|100%| E|CS|TAMS 0x0000000086500000, 0x0000000086500000| Complete 
| 102|0x0000000086600000, 0x0000000086700000, 0x0000000086700000|100%| E|CS|TAMS 0x0000000086600000, 0x0000000086600000| Complete 
| 103|0x0000000086700000, 0x0000000086800000, 0x0000000086800000|100%| E|CS|TAMS 0x0000000086700000, 0x0000000086700000| Complete 
| 104|0x0000000086800000, 0x0000000086900000, 0x0000000086900000|100%| E|CS|TAMS 0x0000000086800000, 0x0000000086800000| Complete 
| 105|0x0000000086900000, 0x0000000086a00000, 0x0000000086a00000|100%| E|CS|TAMS 0x0000000086900000, 0x0000000086900000| Complete 
| 106|0x0000000086a00000, 0x0000000086b00000, 0x0000000086b00000|100%| E|CS|TAMS 0x0000000086a00000, 0x0000000086a00000| Complete 
| 107|0x0000000086b00000, 0x0000000086c00000, 0x0000000086c00000|100%| E|CS|TAMS 0x0000000086b00000, 0x0000000086b00000| Complete 
| 108|0x0000000086c00000, 0x0000000086d00000, 0x0000000086d00000|100%| E|CS|TAMS 0x0000000086c00000, 0x0000000086c00000| Complete 
| 109|0x0000000086d00000, 0x0000000086e00000, 0x0000000086e00000|100%| E|CS|TAMS 0x0000000086d00000, 0x0000000086d00000| Complete 
| 110|0x0000000086e00000, 0x0000000086f00000, 0x0000000086f00000|100%| E|CS|TAMS 0x0000000086e00000, 0x0000000086e00000| Complete 
| 111|0x0000000086f00000, 0x0000000087000000, 0x0000000087000000|100%| E|CS|TAMS 0x0000000086f00000, 0x0000000086f00000| Complete 
| 112|0x0000000087000000, 0x0000000087100000, 0x0000000087100000|100%| E|CS|TAMS 0x0000000087000000, 0x0000000087000000| Complete 
| 113|0x0000000087100000, 0x0000000087200000, 0x0000000087200000|100%| E|CS|TAMS 0x0000000087100000, 0x0000000087100000| Complete 
| 114|0x0000000087200000, 0x0000000087300000, 0x0000000087300000|100%| E|CS|TAMS 0x0000000087200000, 0x0000000087200000| Complete 
| 115|0x0000000087300000, 0x0000000087400000, 0x0000000087400000|100%| E|CS|TAMS 0x0000000087300000, 0x0000000087300000| Complete 
| 116|0x0000000087400000, 0x0000000087500000, 0x0000000087500000|100%| E|CS|TAMS 0x0000000087400000, 0x0000000087400000| Complete 
| 117|0x0000000087500000, 0x0000000087600000, 0x0000000087600000|100%| E|CS|TAMS 0x0000000087500000, 0x0000000087500000| Complete 
| 118|0x0000000087600000, 0x0000000087700000, 0x0000000087700000|100%| E|CS|TAMS 0x0000000087600000, 0x0000000087600000| Complete 
| 119|0x0000000087700000, 0x0000000087800000, 0x0000000087800000|100%| E|CS|TAMS 0x0000000087700000, 0x0000000087700000| Complete 
| 120|0x0000000087800000, 0x0000000087900000, 0x0000000087900000|100%| E|CS|TAMS 0x0000000087800000, 0x0000000087800000| Complete 
| 121|0x0000000087900000, 0x0000000087a00000, 0x0000000087a00000|100%| E|CS|TAMS 0x0000000087900000, 0x0000000087900000| Complete 
| 122|0x0000000087a00000, 0x0000000087b00000, 0x0000000087b00000|100%| E|CS|TAMS 0x0000000087a00000, 0x0000000087a00000| Complete 
| 123|0x0000000087b00000, 0x0000000087c00000, 0x0000000087c00000|100%| E|CS|TAMS 0x0000000087b00000, 0x0000000087b00000| Complete 
| 124|0x0000000087c00000, 0x0000000087d00000, 0x0000000087d00000|100%| E|CS|TAMS 0x0000000087c00000, 0x0000000087c00000| Complete 
| 125|0x0000000087d00000, 0x0000000087e00000, 0x0000000087e00000|100%| E|CS|TAMS 0x0000000087d00000, 0x0000000087d00000| Complete 
| 126|0x0000000087e00000, 0x0000000087f00000, 0x0000000087f00000|100%| E|CS|TAMS 0x0000000087e00000, 0x0000000087e00000| Complete 
| 127|0x0000000087f00000, 0x0000000088000000, 0x0000000088000000|100%| E|CS|TAMS 0x0000000087f00000, 0x0000000087f00000| Complete 

Card table byte_map: [0x000001d2c8c20000,0x000001d2c9020000] _byte_map_base: 0x000001d2c8820000

Marking Bits (Prev, Next): (CMBitMap*) 0x000001d2b4180f58, (CMBitMap*) 0x000001d2b4180f90
 Prev Bits: [0x000001d2c9420000, 0x000001d2cb420000)
 Next Bits: [0x000001d2cb420000, 0x000001d2cd420000)

Polling page: 0x000001d2b4220000

Metaspace:

Usage:
  Non-class:     37.00 MB capacity,    36.38 MB ( 98%) used,   538.25 KB (  1%) free+waste,    98.06 KB ( <1%) overhead. 
      Class:      5.61 MB capacity,     5.27 MB ( 94%) used,   303.78 KB (  5%) free+waste,    46.56 KB ( <1%) overhead. 
       Both:     42.61 MB capacity,    41.65 MB ( 98%) used,   842.03 KB (  2%) free+waste,   144.63 KB ( <1%) overhead. 

Virtual space:
  Non-class space:       38.00 MB reserved,      37.00 MB ( 97%) committed 
      Class space:        1.00 GB reserved,       5.63 MB ( <1%) committed 
             Both:        1.04 GB reserved,      42.63 MB (  4%) committed 

Chunk freelists:
   Non-Class:  1.00 KB
       Class:  14.00 KB
        Both:  15.00 KB

MaxMetaspaceSize: 17179869184.00 GB
CompressedClassSpaceSize: 1.00 GB

CodeHeap 'non-profiled nmethods': size=120064Kb used=2100Kb max_used=2100Kb free=117963Kb
 bounds [0x000001d2c0ec0000, 0x000001d2c1130000, 0x000001d2c8400000]
CodeHeap 'profiled nmethods': size=120000Kb used=8264Kb max_used=8264Kb free=111735Kb
 bounds [0x000001d2b9990000, 0x000001d2ba1b0000, 0x000001d2c0ec0000]
CodeHeap 'non-nmethods': size=5696Kb used=2193Kb max_used=2231Kb free=3502Kb
 bounds [0x000001d2b9400000, 0x000001d2b9670000, 0x000001d2b9990000]
 total_blobs=4550 nmethods=3782 adapters=679
 compilation: enabled
              stopped_count=0, restarted_count=0
 full_count=0

Compilation events (20 events):
Event: 23.759 Thread 0x000001d2d0226000 nmethod 3774 0x000001d2ba198c10 code [0x000001d2ba198de0, 0x000001d2ba198f88]
Event: 23.761 Thread 0x000001d2d0226000 3775       3       com.google.common.cache.LocalCache::usesKeyReferences (16 bytes)
Event: 23.761 Thread 0x000001d2d0226000 nmethod 3775 0x000001d2ba199090 code [0x000001d2ba199240, 0x000001d2ba1993b8]
Event: 23.761 Thread 0x000001d2d0226000 3776       3       com.google.common.cache.LocalCache::usesValueReferences (16 bytes)
Event: 23.761 Thread 0x000001d2d0226000 nmethod 3776 0x000001d2ba199490 code [0x000001d2ba199640, 0x000001d2ba1997b8]
Event: 23.770 Thread 0x000001d2d0226000 3777       3       java.lang.Class::copyFields (36 bytes)
Event: 23.771 Thread 0x000001d2d0226000 nmethod 3777 0x000001d2ba199890 code [0x000001d2ba199ae0, 0x000001d2ba19a498]
Event: 23.771 Thread 0x000001d2d0226000 3778       3       org.codehaus.groovy.reflection.ClassInfo::getClassInfo (13 bytes)
Event: 23.771 Thread 0x000001d2d0226000 nmethod 3778 0x000001d2ba19a810 code [0x000001d2ba19aa60, 0x000001d2ba19b538]
Event: 23.772 Thread 0x000001d2cf85f800 3779       4       org.codehaus.groovy.runtime.metaclass.MetaMethodIndex::getOrPutMethods (184 bytes)
Event: 23.772 Thread 0x000001d2d0226000 3780       3       org.codehaus.groovy.runtime.metaclass.ReflectionMetaMethod::getName (8 bytes)
Event: 23.772 Thread 0x000001d2d0226000 nmethod 3780 0x000001d2ba19b910 code [0x000001d2ba19bac0, 0x000001d2ba19bc58]
Event: 23.776 Thread 0x000001d2d0226000 3782  s    3       java.util.Hashtable::putAll (52 bytes)
Event: 23.776 Thread 0x000001d2d0226000 nmethod 3782 0x000001d2ba19bd90 code [0x000001d2ba19bfe0, 0x000001d2ba19c928]
Event: 23.777 Thread 0x000001d2d0226000 3783       3       groovy.lang.MetaClassImpl::copyNonPrivateFields (100 bytes)
Event: 23.778 Thread 0x000001d2d0226000 nmethod 3783 0x000001d2ba19cb90 code [0x000001d2ba19ce20, 0x000001d2ba19dbf8]
Event: 23.779 Thread 0x000001d2d0226000 3784   !   3       java.util.concurrent.ConcurrentHashMap::computeIfAbsent (576 bytes)
Event: 23.782 Thread 0x000001d2d0226000 nmethod 3784 0x000001d2ba19e090 code [0x000001d2ba19e500, 0x000001d2ba1a1128]
Event: 23.791 Thread 0x000001d2cf85f800 nmethod 3779 0x000001d2c10cc210 code [0x000001d2c10cc3e0, 0x000001d2c10ccf18]
Event: 23.791 Thread 0x000001d2cf85f800 3781       4       groovy.lang.MetaClassImpl$1MOPIter::methodNameAction (325 bytes)

GC Heap History (18 events):
Event: 0.428 GC heap before
{Heap before GC invocations=0 (full 0):
 garbage-first heap   total 131072K, used 7168K [0x0000000080000000, 0x0000000100000000)
  region size 1024K, 7 young (7168K), 0 survivors (0K)
 Metaspace       used 6147K, capacity 6265K, committed 6528K, reserved 1056768K
  class space    used 538K, capacity 578K, committed 640K, reserved 1048576K
}
Event: 0.432 GC heap after
{Heap after GC invocations=1 (full 0):
 garbage-first heap   total 131072K, used 1381K [0x0000000080000000, 0x0000000100000000)
  region size 1024K, 1 young (1024K), 1 survivors (1024K)
 Metaspace       used 6147K, capacity 6265K, committed 6528K, reserved 1056768K
  class space    used 538K, capacity 578K, committed 640K, reserved 1048576K
}
Event: 2.738 GC heap before
{Heap before GC invocations=1 (full 0):
 garbage-first heap   total 131072K, used 85349K [0x0000000080000000, 0x0000000100000000)
  region size 1024K, 76 young (77824K), 1 survivors (1024K)
 Metaspace       used 15587K, capacity 15927K, committed 16000K, reserved 1062912K
  class space    used 1766K, capacity 1867K, committed 1920K, reserved 1048576K
}
Event: 2.749 GC heap after
{Heap after GC invocations=2 (full 0):
 garbage-first heap   total 131072K, used 15055K [0x0000000080000000, 0x0000000100000000)
  region size 1024K, 10 young (10240K), 10 survivors (10240K)
 Metaspace       used 15587K, capacity 15927K, committed 16000K, reserved 1062912K
  class space    used 1766K, capacity 1867K, committed 1920K, reserved 1048576K
}
Event: 2.921 GC heap before
{Heap before GC invocations=2 (full 0):
 garbage-first heap   total 131072K, used 18127K [0x0000000080000000, 0x0000000100000000)
  region size 1024K, 13 young (13312K), 10 survivors (10240K)
 Metaspace       used 16802K, capacity 17232K, committed 17536K, reserved 1064960K
  class space    used 1918K, capacity 2054K, committed 2176K, reserved 1048576K
}
Event: 2.929 GC heap after
{Heap after GC invocations=3 (full 0):
 garbage-first heap   total 131072K, used 15949K [0x0000000080000000, 0x0000000100000000)
  region size 1024K, 1 young (1024K), 1 survivors (1024K)
 Metaspace       used 16802K, capacity 17232K, committed 17536K, reserved 1064960K
  class space    used 1918K, capacity 2054K, committed 2176K, reserved 1048576K
}
Event: 3.249 GC heap before
{Heap before GC invocations=3 (full 0):
 garbage-first heap   total 131072K, used 30285K [0x0000000080000000, 0x0000000100000000)
  region size 1024K, 16 young (16384K), 1 survivors (1024K)
 Metaspace       used 18716K, capacity 19136K, committed 19328K, reserved 1067008K
  class space    used 2231K, capacity 2372K, committed 2432K, reserved 1048576K
}
Event: 3.252 GC heap after
{Heap after GC invocations=4 (full 0):
 garbage-first heap   total 131072K, used 16256K [0x0000000080000000, 0x0000000100000000)
  region size 1024K, 1 young (1024K), 1 survivors (1024K)
 Metaspace       used 18716K, capacity 19136K, committed 19328K, reserved 1067008K
  class space    used 2231K, capacity 2372K, committed 2432K, reserved 1048576K
}
Event: 3.499 GC heap before
{Heap before GC invocations=4 (full 0):
 garbage-first heap   total 131072K, used 31616K [0x0000000080000000, 0x0000000100000000)
  region size 1024K, 17 young (17408K), 1 survivors (1024K)
 Metaspace       used 20572K, capacity 21096K, committed 21248K, reserved 1067008K
  class space    used 2501K, capacity 2690K, committed 2816K, reserved 1048576K
}
Event: 3.504 GC heap after
{Heap after GC invocations=5 (full 0):
 garbage-first heap   total 131072K, used 16674K [0x0000000080000000, 0x0000000100000000)
  region size 1024K, 2 young (2048K), 2 survivors (2048K)
 Metaspace       used 20572K, capacity 21096K, committed 21248K, reserved 1067008K
  class space    used 2501K, capacity 2690K, committed 2816K, reserved 1048576K
}
Event: 4.181 GC heap before
{Heap before GC invocations=6 (full 0):
 garbage-first heap   total 131072K, used 46370K [0x0000000080000000, 0x0000000100000000)
  region size 1024K, 31 young (31744K), 2 survivors (2048K)
 Metaspace       used 23538K, capacity 24187K, committed 24448K, reserved 1071104K
  class space    used 2990K, capacity 3192K, committed 3200K, reserved 1048576K
}
Event: 4.186 GC heap after
{Heap after GC invocations=7 (full 0):
 garbage-first heap   total 131072K, used 17424K [0x0000000080000000, 0x0000000100000000)
  region size 1024K, 3 young (3072K), 3 survivors (3072K)
 Metaspace       used 23538K, capacity 24187K, committed 24448K, reserved 1071104K
  class space    used 2990K, capacity 3192K, committed 3200K, reserved 1048576K
}
Event: 8.407 GC heap before
{Heap before GC invocations=7 (full 0):
 garbage-first heap   total 131072K, used 62480K [0x0000000080000000, 0x0000000100000000)
  region size 1024K, 47 young (48128K), 3 survivors (3072K)
 Metaspace       used 27953K, capacity 28636K, committed 28800K, reserved 1075200K
  class space    used 3694K, capacity 3932K, committed 3968K, reserved 1048576K
}
Event: 8.414 GC heap after
{Heap after GC invocations=8 (full 0):
 garbage-first heap   total 131072K, used 19252K [0x0000000080000000, 0x0000000100000000)
  region size 1024K, 4 young (4096K), 4 survivors (4096K)
 Metaspace       used 27953K, capacity 28636K, committed 28800K, reserved 1075200K
  class space    used 3694K, capacity 3932K, committed 3968K, reserved 1048576K
}
Event: 12.622 GC heap before
{Heap before GC invocations=8 (full 0):
 garbage-first heap   total 131072K, used 54068K [0x0000000080000000, 0x0000000100000000)
  region size 1024K, 39 young (39936K), 4 survivors (4096K)
 Metaspace       used 35053K, capacity 35799K, committed 35840K, reserved 1081344K
  class space    used 4535K, capacity 4832K, committed 4864K, reserved 1048576K
}
Event: 12.635 GC heap after
{Heap after GC invocations=9 (full 0):
 garbage-first heap   total 131072K, used 22713K [0x0000000080000000, 0x0000000100000000)
  region size 1024K, 7 young (7168K), 7 survivors (7168K)
 Metaspace       used 35053K, capacity 35799K, committed 35840K, reserved 1081344K
  class space    used 4535K, capacity 4832K, committed 4864K, reserved 1048576K
}
Event: 15.514 GC heap before
{Heap before GC invocations=10 (full 0):
 garbage-first heap   total 131072K, used 75961K [0x0000000080000000, 0x0000000100000000)
  region size 1024K, 57 young (58368K), 7 survivors (7168K)
 Metaspace       used 38922K, capacity 39761K, committed 39936K, reserved 1083392K
  class space    used 4936K, capacity 5251K, committed 5376K, reserved 1048576K
}
Event: 15.532 GC heap after
{Heap after GC invocations=11 (full 0):
 garbage-first heap   total 131072K, used 26146K [0x0000000080000000, 0x0000000100000000)
  region size 1024K, 7 young (7168K), 7 survivors (7168K)
 Metaspace       used 38922K, capacity 39761K, committed 39936K, reserved 1083392K
  class space    used 4936K, capacity 5251K, committed 5376K, reserved 1048576K
}

Deoptimization events (20 events):
Event: 22.560 Thread 0x000001d2d16ab000 Uncommon trap: trap_request=0xffffff4d fr.pc=0x000001d2c100d4c8 relative=0x0000000000000288
Event: 22.560 Thread 0x000001d2d16ab000 Uncommon trap: reason=unstable_if action=reinterpret pc=0x000001d2c100d4c8 method=java.util.HashMap.getNode(ILjava/lang/Object;)Ljava/util/HashMap$Node; @ 53 c2
Event: 22.560 Thread 0x000001d2d16ab000 DEOPT PACKING pc=0x000001d2c100d4c8 sp=0x000000ba300f9510
Event: 22.560 Thread 0x000001d2d16ab000 DEOPT UNPACKING pc=0x000001d2b9426ca9 sp=0x000000ba300f9430 mode 2
Event: 22.560 Thread 0x000001d2d16ab000 Uncommon trap: trap_request=0xffffff4d fr.pc=0x000001d2c1025b10 relative=0x0000000000000710
Event: 22.560 Thread 0x000001d2d16ab000 Uncommon trap: reason=unstable_if action=reinterpret pc=0x000001d2c1025b10 method=java.util.HashMap.putVal(ILjava/lang/Object;Ljava/lang/Object;ZZ)Ljava/lang/Object; @ 85 c2
Event: 22.560 Thread 0x000001d2d16ab000 DEOPT PACKING pc=0x000001d2c1025b10 sp=0x000000ba300f94d0
Event: 22.560 Thread 0x000001d2d16ab000 DEOPT UNPACKING pc=0x000001d2b9426ca9 sp=0x000000ba300f9400 mode 2
Event: 22.573 Thread 0x000001d2d16ab000 Uncommon trap: trap_request=0xffffff4d fr.pc=0x000001d2c0fefc70 relative=0x0000000000000310
Event: 22.573 Thread 0x000001d2d16ab000 Uncommon trap: reason=unstable_if action=reinterpret pc=0x000001d2c0fefc70 method=org.gradle.internal.reflect.PropertyAccessorType.isGetGetterName(Ljava/lang/String;)Z @ 14 c2
Event: 22.573 Thread 0x000001d2d16ab000 DEOPT PACKING pc=0x000001d2c0fefc70 sp=0x000000ba300f9dd0
Event: 22.573 Thread 0x000001d2d16ab000 DEOPT UNPACKING pc=0x000001d2b9426ca9 sp=0x000000ba300f9d28 mode 2
Event: 22.626 Thread 0x000001d2d16ab000 Uncommon trap: trap_request=0xffffff4d fr.pc=0x000001d2c0fea608 relative=0x00000000000000e8
Event: 22.626 Thread 0x000001d2d16ab000 Uncommon trap: reason=unstable_if action=reinterpret pc=0x000001d2c0fea608 method=org.objectweb.asm.ByteVector.putShort(I)Lorg/objectweb/asm/ByteVector; @ 13 c2
Event: 22.626 Thread 0x000001d2d16ab000 DEOPT PACKING pc=0x000001d2c0fea608 sp=0x000000ba300f9990
Event: 22.626 Thread 0x000001d2d16ab000 DEOPT UNPACKING pc=0x000001d2b9426ca9 sp=0x000000ba300f9928 mode 2
Event: 22.661 Thread 0x000001d2d16ab000 Uncommon trap: trap_request=0xffffff4d fr.pc=0x000001d2c1021ec8 relative=0x0000000000001a48
Event: 22.661 Thread 0x000001d2d16ab000 Uncommon trap: reason=unstable_if action=reinterpret pc=0x000001d2c1021ec8 method=java.util.concurrent.ConcurrentHashMap.computeIfAbsent(Ljava/lang/Object;Ljava/util/function/Function;)Ljava/lang/Object; @ 123 c2
Event: 22.661 Thread 0x000001d2d16ab000 DEOPT PACKING pc=0x000001d2c1021ec8 sp=0x000000ba300fae70
Event: 22.661 Thread 0x000001d2d16ab000 DEOPT UNPACKING pc=0x000001d2b9426ca9 sp=0x000000ba300fae10 mode 2

Classes redefined (0 events):
No events

Internal exceptions (20 events):
Event: 15.505 Thread 0x000001d2d16ab000 Exception <a 'java/lang/ClassNotFoundException'{0x000000008479ea60}: java/util/AbstractCollectionBeanInfo> (0x000000008479ea60) thrown at [./src/hotspot/share/classfile/systemDictionary.cpp, line 231]
Event: 15.506 Thread 0x000001d2d16ab000 Exception <a 'java/lang/ClassNotFoundException'{0x00000000847a51e0}: java/util/AbstractCollectionCustomizer> (0x00000000847a51e0) thrown at [./src/hotspot/share/classfile/systemDictionary.cpp, line 231]
Event: 15.509 Thread 0x000001d2d16ab000 Exception <a 'java/lang/ClassNotFoundException'{0x00000000847d8e20}: org/gradle/api/internal/DefaultDomainObjectCollectionCustomizer> (0x00000000847d8e20) thrown at [./src/hotspot/share/classfile/systemDictionary.cpp, line 231]
Event: 15.534 Thread 0x000001d2d16ab000 Exception <a 'java/lang/ClassNotFoundException'{0x0000000087f21bc0}: org/gradle/api/internal/DefaultNamedDomainObjectCollectionCustomizer> (0x0000000087f21bc0) thrown at [./src/hotspot/share/classfile/systemDictionary.cpp, line 231]
Event: 15.571 Thread 0x000001d2d16ab000 Exception <a 'java/lang/ClassNotFoundException'{0x0000000087f9da60}: org/gradle/api/internal/DefaultNamedDomainObjectListCustomizer> (0x0000000087f9da60) thrown at [./src/hotspot/share/classfile/systemDictionary.cpp, line 231]
Event: 15.575 Thread 0x000001d2d16ab000 Exception <a 'java/lang/ClassNotFoundException'{0x0000000087ff2678}: org/gradle/api/internal/artifacts/DefaultArtifactRepositoryContainerCustomizer> (0x0000000087ff2678) thrown at [./src/hotspot/share/classfile/systemDictionary.cpp, line 231]
Event: 15.579 Thread 0x000001d2d16ab000 Exception <a 'java/lang/ClassNotFoundException'{0x0000000087e3cc98}: org/gradle/api/internal/artifacts/dsl/DefaultRepositoryHandlerCustomizer> (0x0000000087e3cc98) thrown at [./src/hotspot/share/classfile/systemDictionary.cpp, line 231]
Event: 15.588 Thread 0x000001d2d16ab000 Exception <a 'java/lang/ClassNotFoundException'{0x0000000087e99ee8}: org/gradle/api/internal/artifacts/dsl/DefaultRepositoryHandler_DecoratedCustomizer> (0x0000000087e99ee8) thrown at [./src/hotspot/share/classfile/systemDictionary.cpp, line 231]
Event: 16.334 Thread 0x000001d2d16ab000 Exception <a 'java/lang/ClassNotFoundException'{0x0000000087990e28}: org/gradle/initialization/DefaultProjectDescriptorBeanInfo> (0x0000000087990e28) thrown at [./src/hotspot/share/classfile/systemDictionary.cpp, line 231]
Event: 16.335 Thread 0x000001d2d16ab000 Exception <a 'java/lang/ClassNotFoundException'{0x00000000879b5f60}: org/gradle/initialization/DefaultProjectDescriptorCustomizer> (0x00000000879b5f60) thrown at [./src/hotspot/share/classfile/systemDictionary.cpp, line 231]
Event: 16.342 Thread 0x000001d2d16ab000 Implicit null exception at 0x000001d2c0ffcbec to 0x000001d2c0ffcc94
Event: 17.076 Thread 0x000001d2d23bc800 Exception <a 'java/lang/NoSuchMethodError'{0x0000000086e0a928}: <clinit>> (0x0000000086e0a928) thrown at [./src/hotspot/share/prims/jni.cpp, line 1362]
Event: 17.077 Thread 0x000001d2d23bc800 Exception <a 'java/lang/NoSuchMethodError'{0x0000000086e0bf18}: <clinit>> (0x0000000086e0bf18) thrown at [./src/hotspot/share/prims/jni.cpp, line 1362]
Event: 17.078 Thread 0x000001d2d23bc800 Exception <a 'java/lang/NoSuchMethodError'{0x0000000086e1b3d0}: <clinit>> (0x0000000086e1b3d0) thrown at [./src/hotspot/share/prims/jni.cpp, line 1362]
Event: 17.079 Thread 0x000001d2d23bc800 Exception <a 'java/lang/NoSuchMethodError'{0x0000000086e1d468}: <clinit>> (0x0000000086e1d468) thrown at [./src/hotspot/share/prims/jni.cpp, line 1362]
Event: 17.080 Thread 0x000001d2d23bc800 Exception <a 'java/lang/NoSuchMethodError'{0x0000000086e2cfc0}: <clinit>> (0x0000000086e2cfc0) thrown at [./src/hotspot/share/prims/jni.cpp, line 1362]
Event: 23.774 Thread 0x000001d2d16ab000 Exception <a 'java/lang/ClassNotFoundException'{0x0000000085b04a88}: build_3af1uqz8ucswj43vf4nwcaovwBeanInfo> (0x0000000085b04a88) thrown at [./src/hotspot/share/classfile/systemDictionary.cpp, line 231]
Event: 23.774 Thread 0x000001d2d16ab000 Exception <a 'java/lang/ClassNotFoundException'{0x0000000085b1a8d0}: org/gradle/api/internal/project/ProjectScriptBeanInfo> (0x0000000085b1a8d0) thrown at [./src/hotspot/share/classfile/systemDictionary.cpp, line 231]
Event: 23.775 Thread 0x000001d2d16ab000 Exception <a 'java/lang/ClassNotFoundException'{0x0000000085b308e8}: org/gradle/api/internal/project/ProjectScriptCustomizer> (0x0000000085b308e8) thrown at [./src/hotspot/share/classfile/systemDictionary.cpp, line 231]
Event: 23.777 Thread 0x000001d2d16ab000 Exception <a 'java/lang/ClassNotFoundException'{0x0000000085b4bad8}: build_3af1uqz8ucswj43vf4nwcaovwCustomizer> (0x0000000085b4bad8) thrown at [./src/hotspot/share/classfile/systemDictionary.cpp, line 231]

Events (20 events):
Event: 23.774 loading class build_3af1uqz8ucswj43vf4nwcaovwBeanInfo
Event: 23.774 loading class build_3af1uqz8ucswj43vf4nwcaovwBeanInfo done
Event: 23.774 loading class org/gradle/api/internal/project/ProjectScriptBeanInfo
Event: 23.774 loading class org/gradle/api/internal/project/ProjectScriptBeanInfo done
Event: 23.774 loading class org/gradle/api/internal/project/ProjectScriptBeanInfo
Event: 23.774 loading class org/gradle/api/internal/project/ProjectScriptBeanInfo done
Event: 23.774 loading class org/gradle/api/internal/project/ProjectScriptBeanInfo
Event: 23.774 loading class org/gradle/api/internal/project/ProjectScriptBeanInfo done
Event: 23.775 loading class org/gradle/api/internal/project/ProjectScriptCustomizer
Event: 23.775 loading class org/gradle/api/internal/project/ProjectScriptCustomizer done
Event: 23.775 loading class org/gradle/api/internal/project/ProjectScriptCustomizer
Event: 23.775 loading class org/gradle/api/internal/project/ProjectScriptCustomizer done
Event: 23.775 loading class org/gradle/api/internal/project/ProjectScriptCustomizer
Event: 23.775 loading class org/gradle/api/internal/project/ProjectScriptCustomizer done
Event: 23.777 loading class build_3af1uqz8ucswj43vf4nwcaovwCustomizer
Event: 23.777 loading class build_3af1uqz8ucswj43vf4nwcaovwCustomizer done
Event: 23.777 loading class build_3af1uqz8ucswj43vf4nwcaovwCustomizer
Event: 23.777 loading class build_3af1uqz8ucswj43vf4nwcaovwCustomizer done
Event: 23.782 loading class org/gradle/internal/service/scopes/ProjectScopeServices
Event: 23.782 loading class org/gradle/internal/service/scopes/ProjectScopeServices done


Dynamic libraries:
0x00007ff788570000 - 0x00007ff78857a000 	C:\Program Files\Android\Android Studio\jre\bin\java.exe
0x00007ffa0fbb0000 - 0x00007ffa0fda5000 	C:\Windows\SYSTEM32\ntdll.dll
0x00007ff9e65a0000 - 0x00007ff9e65b6000 	C:\Program Files\Avast Software\Avast\aswhook.dll
0x00007ffa0f990000 - 0x00007ffa0fa4e000 	C:\Windows\System32\KERNEL32.DLL
0x00007ffa0d410000 - 0x00007ffa0d6d9000 	C:\Windows\System32\KERNELBASE.dll
0x00007ffa0d840000 - 0x00007ffa0d940000 	C:\Windows\System32\ucrtbase.dll
0x00007ffa09b30000 - 0x00007ffa09b49000 	C:\Program Files\Android\Android Studio\jre\bin\jli.dll
0x00007ffa0e630000 - 0x00007ffa0e7d1000 	C:\Windows\System32\USER32.dll
0x00007ffa0d3e0000 - 0x00007ffa0d402000 	C:\Windows\System32\win32u.dll
0x00007ffa0f6e0000 - 0x00007ffa0f70b000 	C:\Windows\System32\GDI32.dll
0x00007ffa0da50000 - 0x00007ffa0db5b000 	C:\Windows\System32\gdi32full.dll
0x00007ffa0db60000 - 0x00007ffa0dbfd000 	C:\Windows\System32\msvcp_win.dll
0x00007ff9e8a70000 - 0x00007ff9e8a87000 	C:\Program Files\Android\Android Studio\jre\bin\VCRUNTIME140.dll
0x00007ff9ed1e0000 - 0x00007ff9ed47a000 	C:\Windows\WinSxS\amd64_microsoft.windows.common-controls_6595b64144ccf1df_6.0.19041.1110_none_60b5254171f9507e\COMCTL32.dll
0x00007ffa0fad0000 - 0x00007ffa0fb6e000 	C:\Windows\System32\msvcrt.dll
0x00007ffa0e940000 - 0x00007ffa0e970000 	C:\Windows\System32\IMM32.DLL
0x00007ff9d0f20000 - 0x00007ff9d0fbd000 	C:\Program Files\Android\Android Studio\jre\bin\msvcp140.dll
0x00007ff9bafb0000 - 0x00007ff9bba7f000 	C:\Program Files\Android\Android Studio\jre\bin\server\jvm.dll
0x00007ffa0f0e0000 - 0x00007ffa0f18c000 	C:\Windows\System32\ADVAPI32.dll
0x00007ffa0e8a0000 - 0x00007ffa0e93b000 	C:\Windows\System32\sechost.dll
0x00007ffa0ea80000 - 0x00007ffa0ebaa000 	C:\Windows\System32\RPCRT4.dll
0x00007ffa0ef20000 - 0x00007ffa0ef28000 	C:\Windows\System32\PSAPI.DLL
0x00007ff9fd070000 - 0x00007ff9fd079000 	C:\Windows\SYSTEM32\WSOCK32.dll
0x00007ffa0f710000 - 0x00007ffa0f77b000 	C:\Windows\System32\WS2_32.dll
0x00007ff9f0ac0000 - 0x00007ff9f0ae7000 	C:\Windows\SYSTEM32\WINMM.dll
0x00007ffa080b0000 - 0x00007ffa080ba000 	C:\Windows\SYSTEM32\VERSION.dll
0x00007ffa0b1f0000 - 0x00007ffa0b202000 	C:\Windows\SYSTEM32\kernel.appcore.dll
0x00007ff9fbaa0000 - 0x00007ff9fbab1000 	C:\Program Files\Android\Android Studio\jre\bin\verify.dll
0x00007ffa078c0000 - 0x00007ffa07aa4000 	C:\Windows\SYSTEM32\DBGHELP.DLL
0x00007ffa077c0000 - 0x00007ffa077ec000 	C:\Windows\SYSTEM32\dbgcore.DLL
0x00007ffa0d940000 - 0x00007ffa0d9c3000 	C:\Windows\System32\bcryptPrimitives.dll
0x00007ff9fa900000 - 0x00007ff9fa929000 	C:\Program Files\Android\Android Studio\jre\bin\java.dll
0x00007ffa087f0000 - 0x00007ffa087fb000 	C:\Program Files\Android\Android Studio\jre\bin\jimage.dll
0x00007ff9fa970000 - 0x00007ff9fa988000 	C:\Program Files\Android\Android Studio\jre\bin\zip.dll
0x00007ffa0dc00000 - 0x00007ffa0e33f000 	C:\Windows\System32\SHELL32.dll
0x00007ffa0b3f0000 - 0x00007ffa0bb80000 	C:\Windows\SYSTEM32\windows.storage.dll
0x00007ffa0ebc0000 - 0x00007ffa0ef15000 	C:\Windows\System32\combase.dll
0x00007ffa0cc50000 - 0x00007ffa0cc7c000 	C:\Windows\SYSTEM32\Wldp.dll
0x00007ffa0e7e0000 - 0x00007ffa0e88e000 	C:\Windows\System32\SHCORE.dll
0x00007ffa0ea20000 - 0x00007ffa0ea75000 	C:\Windows\System32\shlwapi.dll
0x00007ffa0d210000 - 0x00007ffa0d22f000 	C:\Windows\SYSTEM32\profapi.dll
0x00007ff9f9770000 - 0x00007ff9f978a000 	C:\Program Files\Android\Android Studio\jre\bin\net.dll
0x00007ff9fd260000 - 0x00007ff9fd368000 	C:\Windows\SYSTEM32\WINHTTP.dll
0x00007ffa0c9b0000 - 0x00007ffa0ca1a000 	C:\Windows\system32\mswsock.dll
0x00007ff9f9750000 - 0x00007ff9f9764000 	C:\Program Files\Android\Android Studio\jre\bin\nio.dll
0x00007ffa09b70000 - 0x00007ffa09b97000 	C:\Users\User\.gradle\native\8bec1ad78214c89d9ad589b4d07fe93259594b29d510b10fafb7a158f7737e5d\windows-amd64\native-platform.dll
0x00007ff9cfff0000 - 0x00007ff9d012d000 	C:\Users\User\.gradle\native\53dbd7edfb1c66fb8903c78663c9afc45aea4f116125fa6feffd364cf09443e8\windows-amd64\native-platform-file-events.dll
0x00007ffa087d0000 - 0x00007ffa087da000 	C:\Program Files\Android\Android Studio\jre\bin\management.dll
0x00007ff9fa8f0000 - 0x00007ff9fa8fc000 	C:\Program Files\Android\Android Studio\jre\bin\management_ext.dll
0x00007ffa0cba0000 - 0x00007ffa0cbb8000 	C:\Windows\SYSTEM32\CRYPTSP.dll
0x00007ffa0c330000 - 0x00007ffa0c364000 	C:\Windows\system32\rsaenh.dll
0x00007ffa0d9d0000 - 0x00007ffa0d9f7000 	C:\Windows\System32\bcrypt.dll
0x00007ffa0d1d0000 - 0x00007ffa0d1fe000 	C:\Windows\SYSTEM32\USERENV.dll
0x00007ffa0cbc0000 - 0x00007ffa0cbcc000 	C:\Windows\SYSTEM32\CRYPTBASE.dll
0x00007ffa0c6a0000 - 0x00007ffa0c6db000 	C:\Windows\SYSTEM32\IPHLPAPI.DLL
0x00007ffa0e890000 - 0x00007ffa0e898000 	C:\Windows\System32\NSI.dll
0x00007ff9fd100000 - 0x00007ff9fd117000 	C:\Windows\SYSTEM32\dhcpcsvc6.DLL
0x00007ff9fd0e0000 - 0x00007ff9fd0fd000 	C:\Windows\SYSTEM32\dhcpcsvc.DLL
0x00007ffa0c6e0000 - 0x00007ffa0c7ac000 	C:\Windows\SYSTEM32\DNSAPI.dll

dbghelp: loaded successfully - version: 4.0.5 - missing functions: none
symbol engine: initialized successfully - sym options: 0x614 - pdb path: .;C:\Program Files\Android\Android Studio\jre\bin;C:\Windows\SYSTEM32;C:\Program Files\Avast Software\Avast;C:\Windows\WinSxS\amd64_microsoft.windows.common-controls_6595b64144ccf1df_6.0.19041.1110_none_60b5254171f9507e;C:\Program Files\Android\Android Studio\jre\bin\server;C:\Users\User\.gradle\native\8bec1ad78214c89d9ad589b4d07fe93259594b29d510b10fafb7a158f7737e5d\windows-amd64;C:\Users\User\.gradle\native\53dbd7edfb1c66fb8903c78663c9afc45aea4f116125fa6feffd364cf09443e8\windows-amd64

VM Arguments:
jvm_args: --add-opens=java.base/java.util=ALL-UNNAMED --add-opens=java.base/java.lang=ALL-UNNAMED --add-opens=java.base/java.lang.invoke=ALL-UNNAMED --add-opens=java.base/java.util=ALL-UNNAMED --add-opens=java.prefs/java.util.prefs=ALL-UNNAMED --add-opens=java.prefs/java.util.prefs=ALL-UNNAMED --add-opens=java.base/java.nio.charset=ALL-UNNAMED --add-opens=java.base/java.net=ALL-UNNAMED --add-opens=java.base/java.util.concurrent.atomic=ALL-UNNAMED -Xmx2048m -Dfile.encoding=UTF-8 -Duser.country=RU -Duser.language=ru -Duser.variant 
java_command: org.gradle.launcher.daemon.bootstrap.GradleDaemon 7.0.2
java_class_path (initial): C:\Users\User\.gradle\wrapper\dists\gradle-7.0.2-bin\857tjihv64xamwrf0h14cai3r\gradle-7.0.2\lib\gradle-launcher-7.0.2.jar
Launcher Type: SUN_STANDARD

[Global flags]
     intx CICompilerCount                          = 2                                         {product} {ergonomic}
     uint ConcGCThreads                            = 1                                         {product} {ergonomic}
     uint G1ConcRefinementThreads                  = 2                                         {product} {ergonomic}
   size_t G1HeapRegionSize                         = 1048576                                   {product} {ergonomic}
    uintx GCDrainStackTargetSize                   = 64                                        {product} {ergonomic}
   size_t InitialHeapSize                          = 134217728                                 {product} {ergonomic}
   size_t MarkStackSize                            = 4194304                                   {product} {ergonomic}
   size_t MaxHeapSize                              = 2147483648                                {product} {command line}
   size_t MaxNewSize                               = 1287651328                                {product} {ergonomic}
   size_t MinHeapDeltaBytes                        = 1048576                                   {product} {ergonomic}
    uintx NonNMethodCodeHeapSize                   = 5825164                                {pd product} {ergonomic}
    uintx NonProfiledCodeHeapSize                  = 122916538                              {pd product} {ergonomic}
    uintx ProfiledCodeHeapSize                     = 122916538                              {pd product} {ergonomic}
    uintx ReservedCodeCacheSize                    = 251658240                              {pd product} {ergonomic}
     bool SegmentedCodeCache                       = true                                      {product} {ergonomic}
     bool UseCompressedClassPointers               = true                                 {lp64_product} {ergonomic}
     bool UseCompressedOops                        = true                                 {lp64_product} {ergonomic}
     bool UseG1GC                                  = true                                      {product} {ergonomic}
     bool UseLargePagesIndividualAllocation        = false                                  {pd product} {ergonomic}

Logging:
Log output configuration:
 #0: stdout all=warning uptime,level,tags
 #1: stderr all=off uptime,level,tags

Environment Variables:
PATH=C:\Program Files\Eclipse Adoptium\jdk-11.0.14.9-hotspot\bin;C:\Windows\system32;C:\Windows;C:\Windows\System32\Wbem;C:\Windows\System32\WindowsPowerShell\v1.0\;C:\Program Files\nodejs\;C:\Program Files\Git\cmd;C:\Users\User\AppData\Local\Microsoft\WindowsApps;C:\Users\User\AppData\Local\Programs\Microsoft VS Code\bin;C:\Server\bin\PHP;C:\Users\User\AppData\Roaming\npm
USERNAME=User
OS=Windows_NT
PROCESSOR_IDENTIFIER=Intel64 Family 6 Model 158 Stepping 9, GenuineIntel



---------------  S Y S T E M  ---------------

OS: Windows 10 , 64 bit Build 19041 (10.0.19041.1202)
OS uptime: 0 days 5:09 hours

CPU:total 2 (initial active 2) (2 cores per cpu, 1 threads per core) family 6 model 158 stepping 9 microcode 0xb4, cmov, cx8, fxsr, mmx, sse, sse2, sse3, ssse3, sse4.1, sse4.2, popcnt, aes, clmul, erms, 3dnowpref, lzcnt, tsc, tscinvbit

Memory: 4k page, system-wide physical 8084M (181M free)
TotalPageFile size 9108M (AvailPageFile size 0M)
current process WorkingSet (physical memory assigned to process): 245M, peak: 245M
current process commit charge ("private bytes"): 290M, peak: 291M

vm_info: OpenJDK 64-Bit Server VM (11.0.10+0-b96-7249189) for windows-amd64 JRE (11.0.10+0-b96-7249189), built on Mar 31 2021 21:44:00 by "builder" with MS VC++ 14.0 (VS2015)

END.
