#
# There is insufficient memory for the Java Runtime Environment to continue.
# Native memory allocation (mmap) failed to map 95420416 bytes for Failed to commit area from 0x0000000091300000 to 0x0000000096e00000 of length 95420416.
# Possible reasons:
#   The system is out of physical RAM or swap space
#   The process is running with CompressedOops enabled, and the Java Heap may be blocking the growth of the native heap
# Possible solutions:
#   Reduce memory load on the system
#   Increase physical memory or swap space
#   Check if swap backing store is full
#   Decrease Java heap size (-Xmx/-Xms)
#   Decrease number of Java threads
#   Decrease Java thread stack sizes (-Xss)
#   Set larger code cache with -XX:ReservedCodeCacheSize=
#   JVM is running with Unscaled Compressed Oops mode in which the Java heap is
#     placed in the first 4GB address space. The Java Heap base address is the
#     maximum limit for the native heap growth. Please use -XX:HeapBaseMinAddress
#     to set the Java Heap base and to place the Java Heap above 4GB virtual address.
# This output file may be truncated or incomplete.
#
#  Out of Memory Error (./src/hotspot/os/windows/os_windows.cpp:3301), pid=5732, tid=8172
#
# JRE version: OpenJDK Runtime Environment (11.0.10) (build 11.0.10+0-b96-7249189)
# Java VM: OpenJDK 64-Bit Server VM (11.0.10+0-b96-7249189, mixed mode, tiered, compressed oops, g1 gc, windows-amd64)
# No core dump will be written. Minidumps are not enabled by default on client versions of Windows
#

---------------  S U M M A R Y ------------

Command Line: --add-opens=java.base/java.util=ALL-UNNAMED --add-opens=java.base/java.lang=ALL-UNNAMED --add-opens=java.base/java.lang.invoke=ALL-UNNAMED --add-opens=java.base/java.util=ALL-UNNAMED --add-opens=java.prefs/java.util.prefs=ALL-UNNAMED --add-opens=java.prefs/java.util.prefs=ALL-UNNAMED --add-opens=java.base/java.nio.charset=ALL-UNNAMED --add-opens=java.base/java.net=ALL-UNNAMED --add-opens=java.base/java.util.concurrent.atomic=ALL-UNNAMED -Xmx2048m -Dfile.encoding=UTF-8 -Duser.country=RU -Duser.language=ru -Duser.variant org.gradle.launcher.daemon.bootstrap.GradleDaemon 7.0.2

Host: Intel(R) Celeron(R) CPU G3930 @ 2.90GHz, 2 cores, 7G,  Windows 10 , 64 bit Build 19041 (10.0.19041.1202)
Time: Mon May  2 21:34:09 2022 RTZ 2 (зима) elapsed time: 85.779008 seconds (0d 0h 1m 25s)

---------------  T H R E A D  ---------------

Current thread (0x0000015b7ac47800):  VMThread "VM Thread" [stack: 0x00000018d4700000,0x00000018d4800000] [id=8172]

Stack: [0x00000018d4700000,0x00000018d4800000]
[error occurred during error reporting (printing stack bounds), id 0xc0000005, EXCEPTION_ACCESS_VIOLATION (0xc0000005) at pc=0x0000015b64880f3d]

Native frames: (J=compiled Java code, j=interpreted, Vv=VM code, C=native code)
V  [jvm.dll+0x5ecfaa]
V  [jvm.dll+0x722bd5]
V  [jvm.dll+0x72412d]
V  [jvm.dll+0x724745]
V  [jvm.dll+0x7246fb]
V  [jvm.dll+0x5ec348]
V  [jvm.dll+0x5ecad8]
C  [ntdll.dll+0xa20cf]
C  [ntdll.dll+0x51454]
C  [ntdll.dll+0xa0bfe]
C  0x0000015b64880f3d

VM_Operation (0x00000018d73f6280): G1CollectForAllocation, mode: safepoint, requested by thread 0x0000015b002dc800


---------------  P R O C E S S  ---------------

Threads class SMR info:
_java_thread_list=0x0000015b043669c0, length=48, elements={
0x0000015b5f580000, 0x0000015b7ac50000, 0x0000015b7ac53000, 0x0000015b7ac6b000,
0x0000015b7ac6d000, 0x0000015b7ac6e000, 0x0000015b7ac71000, 0x0000015b7ac73800,
0x0000015b7ac75800, 0x0000015b7b75c000, 0x0000015b7d644000, 0x0000015b7cd19000,
0x0000015b7b8bf800, 0x0000015b7bb23800, 0x0000015b7ba91800, 0x0000015b7c844800,
0x0000015b7b8be800, 0x0000015b7b8fb800, 0x0000015b7c24f000, 0x0000015b7cbf9800,
0x0000015b7cbf8000, 0x0000015b7cbfe800, 0x0000015b7cbfa800, 0x0000015b7cbfb000,
0x0000015b7cbfd000, 0x0000015b7cbfc000, 0x0000015b7cbfd800, 0x0000015b7cbf9000,
0x0000015b002da000, 0x0000015b002d6800, 0x0000015b002d5000, 0x0000015b002d9000,
0x0000015b002d7800, 0x0000015b002db000, 0x0000015b002d6000, 0x0000015b002e0800,
0x0000015b002db800, 0x0000015b002df000, 0x0000015b002df800, 0x0000015b002dd800,
0x0000015b002e2000, 0x0000015b002dc800, 0x0000015b002e3000, 0x0000015b04005800,
0x0000015b04006800, 0x0000015b04007000, 0x0000015b04008000, 0x0000015b04009000
}

Java Threads: ( => current thread )
  0x0000015b5f580000 JavaThread "main" [_thread_blocked, id=8056, stack(0x00000018d4100000,0x00000018d4200000)]
  0x0000015b7ac50000 JavaThread "Reference Handler" daemon [_thread_blocked, id=2780, stack(0x00000018d4800000,0x00000018d4900000)]
  0x0000015b7ac53000 JavaThread "Finalizer" daemon [_thread_blocked, id=2580, stack(0x00000018d4900000,0x00000018d4a00000)]
  0x0000015b7ac6b000 JavaThread "Signal Dispatcher" daemon [_thread_blocked, id=7768, stack(0x00000018d4a00000,0x00000018d4b00000)]
  0x0000015b7ac6d000 JavaThread "Attach Listener" daemon [_thread_blocked, id=7636, stack(0x00000018d4b00000,0x00000018d4c00000)]
  0x0000015b7ac6e000 JavaThread "Service Thread" daemon [_thread_blocked, id=5924, stack(0x00000018d4c00000,0x00000018d4d00000)]
  0x0000015b7ac71000 JavaThread "C2 CompilerThread0" daemon [_thread_blocked, id=4764, stack(0x00000018d4d00000,0x00000018d4e00000)]
  0x0000015b7ac73800 JavaThread "C1 CompilerThread0" daemon [_thread_blocked, id=2108, stack(0x00000018d4e00000,0x00000018d4f00000)]
  0x0000015b7ac75800 JavaThread "Sweeper thread" daemon [_thread_blocked, id=5368, stack(0x00000018d4f00000,0x00000018d5000000)]
  0x0000015b7b75c000 JavaThread "Common-Cleaner" daemon [_thread_blocked, id=6656, stack(0x00000018d5000000,0x00000018d5100000)]
  0x0000015b7d644000 JavaThread "Daemon health stats" [_thread_blocked, id=2752, stack(0x00000018d5300000,0x00000018d5400000)]
  0x0000015b7cd19000 JavaThread "Incoming local TCP Connector on port 63453" [_thread_in_native, id=2228, stack(0x00000018d5400000,0x00000018d5500000)]
  0x0000015b7b8bf800 JavaThread "Daemon periodic checks" [_thread_blocked, id=8076, stack(0x00000018d5600000,0x00000018d5700000)]
  0x0000015b7bb23800 JavaThread "Daemon" [_thread_blocked, id=7072, stack(0x00000018d5700000,0x00000018d5800000)]
  0x0000015b7ba91800 JavaThread "Handler for socket connection from /127.0.0.1:63453 to /127.0.0.1:63454" [_thread_in_native, id=6532, stack(0x00000018d5800000,0x00000018d5900000)]
  0x0000015b7c844800 JavaThread "Cancel handler" [_thread_blocked, id=5716, stack(0x00000018d5900000,0x00000018d5a00000)]
  0x0000015b7b8be800 JavaThread "Daemon worker" [_thread_blocked, id=3692, stack(0x00000018d5a00000,0x00000018d5b00000)]
  0x0000015b7b8fb800 JavaThread "Asynchronous log dispatcher for DefaultDaemonConnection: socket connection from /127.0.0.1:63453 to /127.0.0.1:63454" [_thread_blocked, id=4660, stack(0x00000018d5b00000,0x00000018d5c00000)]
  0x0000015b7c24f000 JavaThread "Stdin handler" [_thread_blocked, id=7120, stack(0x00000018d5c00000,0x00000018d5d00000)]
  0x0000015b7cbf9800 JavaThread "Daemon client event forwarder" [_thread_blocked, id=6660, stack(0x00000018d5d00000,0x00000018d5e00000)]
  0x0000015b7cbf8000 JavaThread "Cache worker for file hash cache (C:\Users\User\.gradle\caches\7.0.2\fileHashes)" [_thread_blocked, id=7376, stack(0x00000018d5e00000,0x00000018d5f00000)]
  0x0000015b7cbfe800 JavaThread "File lock request listener" [_thread_in_native, id=3808, stack(0x00000018d5f00000,0x00000018d6000000)]
  0x0000015b7cbfa800 JavaThread "Cache worker for journal cache (C:\Users\User\.gradle\caches\journal-1)" [_thread_blocked, id=7492, stack(0x00000018d6000000,0x00000018d6100000)]
  0x0000015b7cbfb000 JavaThread "Cache worker for file hash cache (C:\Users\User\AndroidStudioProjects\NMedia\.gradle\7.0.2\fileHashes)" [_thread_blocked, id=6952, stack(0x00000018d6100000,0x00000018d6200000)]
  0x0000015b7cbfd000 JavaThread "File watcher server" daemon [_thread_blocked, id=1656, stack(0x00000018d6200000,0x00000018d6300000)]
  0x0000015b7cbfc000 JavaThread "File watcher consumer" daemon [_thread_blocked, id=5892, stack(0x00000018d6300000,0x00000018d6400000)]
  0x0000015b7cbfd800 JavaThread "Cache worker for checksums cache (C:\Users\User\AndroidStudioProjects\NMedia\.gradle\checksums)" [_thread_blocked, id=2956, stack(0x00000018d6400000,0x00000018d6500000)]
  0x0000015b7cbf9000 JavaThread "Cache worker for cache directory md-supplier (C:\Users\User\.gradle\caches\7.0.2\md-supplier)" [_thread_blocked, id=6136, stack(0x00000018d6500000,0x00000018d6600000)]
  0x0000015b002da000 JavaThread "Cache worker for cache directory md-rule (C:\Users\User\.gradle\caches\7.0.2\md-rule)" [_thread_blocked, id=5628, stack(0x00000018d6600000,0x00000018d6700000)]
  0x0000015b002d6800 JavaThread "Cache worker for execution history cache (C:\Users\User\.gradle\caches\7.0.2\executionHistory)" [_thread_blocked, id=5356, stack(0x00000018d6700000,0x00000018d6800000)]
  0x0000015b002d5000 JavaThread "jar transforms" [_thread_blocked, id=2904, stack(0x00000018d6800000,0x00000018d6900000)]
  0x0000015b002d9000 JavaThread "jar transforms Thread 2" [_thread_blocked, id=2484, stack(0x00000018d6900000,0x00000018d6a00000)]
  0x0000015b002d7800 JavaThread "Cache worker for file content cache (C:\Users\User\.gradle\caches\7.0.2\fileContent)" [_thread_blocked, id=2212, stack(0x00000018d6a00000,0x00000018d6b00000)]
  0x0000015b002db000 JavaThread "Cache worker for dependencies-accessors (C:\Users\User\AndroidStudioProjects\NMedia\.gradle\7.0.2\dependencies-accessors)" [_thread_blocked, id=7904, stack(0x00000018d6b00000,0x00000018d6c00000)]
  0x0000015b002d6000 JavaThread "Cache worker for Build Output Cleanup Cache (C:\Users\User\AndroidStudioProjects\NMedia\.gradle\buildOutputCleanup)" [_thread_blocked, id=6732, stack(0x00000018d6c00000,0x00000018d6d00000)]
  0x0000015b002e0800 JavaThread "Build operations" [_thread_blocked, id=6924, stack(0x00000018d6d00000,0x00000018d6e00000)]
  0x0000015b002db800 JavaThread "Build operations Thread 2" [_thread_blocked, id=7740, stack(0x00000018d6e00000,0x00000018d6f00000)]
  0x0000015b002df000 JavaThread "Memory manager" [_thread_blocked, id=6184, stack(0x00000018d7100000,0x00000018d7200000)]
  0x0000015b002df800 JavaThread "build event listener" [_thread_blocked, id=5132, stack(0x00000018d7200000,0x00000018d7300000)]
  0x0000015b002dd800 JavaThread "pool-3-thread-1" [_thread_blocked, id=5800, stack(0x00000018d3f00000,0x00000018d4000000)]
  0x0000015b002e2000 JavaThread "build event listener" [_thread_blocked, id=5252, stack(0x00000018d4000000,0x00000018d4100000)]
  0x0000015b002dc800 JavaThread "Execution worker for ':'" [_thread_blocked, id=7276, stack(0x00000018d7300000,0x00000018d7400000)]
  0x0000015b002e3000 JavaThread "Cache worker for execution history cache (C:\Users\User\AndroidStudioProjects\NMedia\.gradle\7.0.2\executionHistory)" [_thread_blocked, id=7188, stack(0x00000018d7400000,0x00000018d7500000)]
  0x0000015b04005800 JavaThread "WorkerExecutor Queue" [_thread_blocked, id=5344, stack(0x00000018d7500000,0x00000018d7600000)]
  0x0000015b04006800 JavaThread "WorkerExecutor Queue Thread 2" [_thread_blocked, id=7972, stack(0x00000018d7600000,0x00000018d7700000)]
  0x0000015b04007000 JavaThread "pool-4-thread-1" [_thread_blocked, id=7344, stack(0x00000018d7700000,0x00000018d7800000)]
  0x0000015b04008000 JavaThread "stderr" [_thread_in_native, id=1868, stack(0x00000018d7800000,0x00000018d7900000)]
  0x0000015b04009000 JavaThread "stdout" [_thread_in_native, id=2176, stack(0x00000018d7900000,0x00000018d7a00000)]

Other Threads:
=>0x0000015b7ac47800 VMThread "VM Thread" [stack: 0x00000018d4700000,0x00000018d4800000] [id=8172]
  0x0000015b7b77d000 WatcherThread [stack: 0x00000018d5100000,0x00000018d5200000] [id=6868]
  0x0000015b5f59b800 GCTaskThread "GC Thread#0" [stack: 0x00000018d4200000,0x00000018d4300000] [id=788]
  0x0000015b7b850800 GCTaskThread "GC Thread#1" [stack: 0x00000018d5200000,0x00000018d5300000] [id=6712]
  0x0000015b5f5cb000 ConcurrentGCThread "G1 Main Marker" [stack: 0x00000018d4300000,0x00000018d4400000] [id=2852]
  0x0000015b5f5cc000 ConcurrentGCThread "G1 Conc#0" [stack: 0x00000018d4400000,0x00000018d4500000] [id=7916]
  0x0000015b5f653800 ConcurrentGCThread "G1 Refine#0" [stack: 0x00000018d4500000,0x00000018d4600000] [id=4948]
  0x0000015b7b8fc800 ConcurrentGCThread "G1 Refine#1" [stack: 0x00000018d5500000,0x00000018d5600000] [id=7756]
  0x0000015b5f656800 ConcurrentGCThread "G1 Young RemSet Sampling" [stack: 0x00000018d4600000,0x00000018d4700000] [id=7056]

Threads with active compile tasks:
C2 CompilerThread0  85823 16945 %     4       com.android.tools.r8.internal.U6::a @ 2246 (6044 bytes)

VM state:at safepoint (normal execution)

VM Mutex/Monitor currently owned by a thread:  ([mutex/lock_event])
[0x0000015b5f57f2f0] Threads_lock - owner thread: 0x0000015b7ac47800
[0x0000015b5f57dc70] Heap_lock - owner thread: 0x0000015b002dc800

Heap address: 0x0000000080000000, size: 2048 MB, Compressed Oops mode: 32-bit
Narrow klass base: 0x0000000000000000, Narrow klass shift: 3
Compressed class space size: 1073741824 Address: 0x0000000100000000

Heap:
 garbage-first heap   total 374784K, used 154624K [0x0000000080000000, 0x0000000100000000)
  region size 1024K, 6 young (6144K), 6 survivors (6144K)
 Metaspace       used 111487K, capacity 114232K, committed 114304K, reserved 1148928K
  class space    used 13931K, capacity 14950K, committed 14976K, reserved 1048576K
Heap Regions: E=young(eden), S=young(survivor), O=old, HS=humongous(starts), HC=humongous(continues), CS=collection set, F=free, A=archive, TAMS=top-at-mark-start (previous, next)
|   0|0x0000000080000000, 0x0000000080100000, 0x0000000080100000|100%| O|  |TAMS 0x0000000080100000, 0x0000000080100000| Untracked 
|   1|0x0000000080100000, 0x0000000080200000, 0x0000000080200000|100%| O|  |TAMS 0x0000000080200000, 0x0000000080200000| Untracked 
|   2|0x0000000080200000, 0x0000000080300000, 0x0000000080300000|100%| O|  |TAMS 0x0000000080300000, 0x0000000080300000| Untracked 
|   3|0x0000000080300000, 0x0000000080400000, 0x0000000080400000|100%| O|  |TAMS 0x0000000080400000, 0x0000000080400000| Untracked 
|   4|0x0000000080400000, 0x0000000080500000, 0x0000000080500000|100%|HS|  |TAMS 0x0000000080500000, 0x0000000080500000| Complete 
|   5|0x0000000080500000, 0x0000000080600000, 0x0000000080600000|100%|HC|  |TAMS 0x0000000080600000, 0x0000000080600000| Complete 
|   6|0x0000000080600000, 0x0000000080700000, 0x0000000080700000|100%|HC|  |TAMS 0x0000000080700000, 0x0000000080700000| Complete 
|   7|0x0000000080700000, 0x0000000080800000, 0x0000000080800000|100%| O|  |TAMS 0x0000000080800000, 0x0000000080800000| Untracked 
|   8|0x0000000080800000, 0x0000000080900000, 0x0000000080900000|100%| O|  |TAMS 0x0000000080900000, 0x0000000080900000| Untracked 
|   9|0x0000000080900000, 0x0000000080a00000, 0x0000000080a00000|100%| O|  |TAMS 0x0000000080a00000, 0x0000000080a00000| Untracked 
|  10|0x0000000080a00000, 0x0000000080b00000, 0x0000000080b00000|100%| O|  |TAMS 0x0000000080b00000, 0x0000000080b00000| Untracked 
|  11|0x0000000080b00000, 0x0000000080c00000, 0x0000000080c00000|100%| O|  |TAMS 0x0000000080c00000, 0x0000000080c00000| Untracked 
|  12|0x0000000080c00000, 0x0000000080d00000, 0x0000000080d00000|100%| O|  |TAMS 0x0000000080d00000, 0x0000000080d00000| Untracked 
|  13|0x0000000080d00000, 0x0000000080e00000, 0x0000000080e00000|100%| O|  |TAMS 0x0000000080e00000, 0x0000000080e00000| Untracked 
|  14|0x0000000080e00000, 0x0000000080f00000, 0x0000000080f00000|100%| O|  |TAMS 0x0000000080f00000, 0x0000000080f00000| Untracked 
|  15|0x0000000080f00000, 0x0000000081000000, 0x0000000081000000|100%| O|  |TAMS 0x0000000081000000, 0x0000000081000000| Untracked 
|  16|0x0000000081000000, 0x0000000081100000, 0x0000000081100000|100%| O|  |TAMS 0x0000000081100000, 0x0000000081100000| Untracked 
|  17|0x0000000081100000, 0x0000000081200000, 0x0000000081200000|100%|HS|  |TAMS 0x0000000081200000, 0x0000000081200000| Complete 
|  18|0x0000000081200000, 0x0000000081300000, 0x0000000081300000|100%| O|  |TAMS 0x0000000081300000, 0x0000000081300000| Untracked 
|  19|0x0000000081300000, 0x0000000081400000, 0x0000000081400000|100%| O|  |TAMS 0x0000000081400000, 0x0000000081400000| Untracked 
|  20|0x0000000081400000, 0x0000000081500000, 0x0000000081500000|100%| O|  |TAMS 0x0000000081500000, 0x0000000081500000| Untracked 
|  21|0x0000000081500000, 0x0000000081600000, 0x0000000081600000|100%| O|  |TAMS 0x0000000081600000, 0x0000000081600000| Untracked 
|  22|0x0000000081600000, 0x0000000081700000, 0x0000000081700000|100%| O|  |TAMS 0x0000000081700000, 0x0000000081700000| Untracked 
|  23|0x0000000081700000, 0x0000000081800000, 0x0000000081800000|100%| O|  |TAMS 0x0000000081800000, 0x0000000081800000| Untracked 
|  24|0x0000000081800000, 0x0000000081900000, 0x0000000081900000|100%| O|  |TAMS 0x0000000081900000, 0x0000000081900000| Untracked 
|  25|0x0000000081900000, 0x0000000081a00000, 0x0000000081a00000|100%| O|  |TAMS 0x0000000081a00000, 0x0000000081a00000| Untracked 
|  26|0x0000000081a00000, 0x0000000081b00000, 0x0000000081b00000|100%| O|  |TAMS 0x0000000081b00000, 0x0000000081b00000| Untracked 
|  27|0x0000000081b00000, 0x0000000081c00000, 0x0000000081c00000|100%|HS|  |TAMS 0x0000000081c00000, 0x0000000081c00000| Complete 
|  28|0x0000000081c00000, 0x0000000081d00000, 0x0000000081d00000|100%|HS|  |TAMS 0x0000000081d00000, 0x0000000081d00000| Complete 
|  29|0x0000000081d00000, 0x0000000081e00000, 0x0000000081e00000|100%|HS|  |TAMS 0x0000000081e00000, 0x0000000081e00000| Complete 
|  30|0x0000000081e00000, 0x0000000081f00000, 0x0000000081f00000|100%|HC|  |TAMS 0x0000000081f00000, 0x0000000081f00000| Complete 
|  31|0x0000000081f00000, 0x0000000082000000, 0x0000000082000000|100%|HC|  |TAMS 0x0000000082000000, 0x0000000082000000| Complete 
|  32|0x0000000082000000, 0x0000000082100000, 0x0000000082100000|100%|HS|  |TAMS 0x0000000082100000, 0x0000000082100000| Complete 
|  33|0x0000000082100000, 0x0000000082200000, 0x0000000082200000|100%|HC|  |TAMS 0x0000000082200000, 0x0000000082200000| Complete 
|  34|0x0000000082200000, 0x0000000082300000, 0x0000000082300000|100%| O|  |TAMS 0x0000000082300000, 0x0000000082300000| Untracked 
|  35|0x0000000082300000, 0x0000000082400000, 0x0000000082400000|100%| O|  |TAMS 0x0000000082400000, 0x0000000082400000| Untracked 
|  36|0x0000000082400000, 0x0000000082500000, 0x0000000082500000|100%| O|  |TAMS 0x0000000082500000, 0x0000000082500000| Untracked 
|  37|0x0000000082500000, 0x0000000082600000, 0x0000000082600000|100%| O|  |TAMS 0x0000000082600000, 0x0000000082600000| Untracked 
|  38|0x0000000082600000, 0x0000000082700000, 0x0000000082700000|100%| O|  |TAMS 0x0000000082700000, 0x0000000082700000| Untracked 
|  39|0x0000000082700000, 0x0000000082800000, 0x0000000082800000|100%| O|  |TAMS 0x0000000082800000, 0x0000000082800000| Untracked 
|  40|0x0000000082800000, 0x0000000082900000, 0x0000000082900000|100%| O|  |TAMS 0x0000000082900000, 0x0000000082900000| Untracked 
|  41|0x0000000082900000, 0x0000000082a00000, 0x0000000082a00000|100%| O|  |TAMS 0x0000000082a00000, 0x0000000082a00000| Untracked 
|  42|0x0000000082a00000, 0x0000000082b00000, 0x0000000082b00000|100%| O|  |TAMS 0x0000000082b00000, 0x0000000082b00000| Untracked 
|  43|0x0000000082b00000, 0x0000000082c00000, 0x0000000082c00000|100%| O|  |TAMS 0x0000000082c00000, 0x0000000082c00000| Untracked 
|  44|0x0000000082c00000, 0x0000000082d00000, 0x0000000082d00000|100%| O|  |TAMS 0x0000000082d00000, 0x0000000082d00000| Untracked 
|  45|0x0000000082d00000, 0x0000000082e00000, 0x0000000082e00000|100%| O|  |TAMS 0x0000000082e00000, 0x0000000082e00000| Untracked 
|  46|0x0000000082e00000, 0x0000000082f00000, 0x0000000082f00000|100%| O|  |TAMS 0x0000000082f00000, 0x0000000082f00000| Untracked 
|  47|0x0000000082f00000, 0x0000000083000000, 0x0000000083000000|100%| O|  |TAMS 0x0000000083000000, 0x0000000083000000| Untracked 
|  48|0x0000000083000000, 0x0000000083100000, 0x0000000083100000|100%| O|  |TAMS 0x0000000083100000, 0x0000000083100000| Untracked 
|  49|0x0000000083100000, 0x0000000083200000, 0x0000000083200000|100%| O|  |TAMS 0x0000000083200000, 0x0000000083200000| Untracked 
|  50|0x0000000083200000, 0x0000000083300000, 0x0000000083300000|100%| O|  |TAMS 0x0000000083300000, 0x0000000083300000| Untracked 
|  51|0x0000000083300000, 0x0000000083400000, 0x0000000083400000|100%| O|  |TAMS 0x0000000083400000, 0x0000000083400000| Untracked 
|  52|0x0000000083400000, 0x0000000083500000, 0x0000000083500000|100%| O|  |TAMS 0x0000000083500000, 0x0000000083500000| Untracked 
|  53|0x0000000083500000, 0x0000000083600000, 0x0000000083600000|100%| O|  |TAMS 0x0000000083600000, 0x0000000083600000| Untracked 
|  54|0x0000000083600000, 0x0000000083700000, 0x0000000083700000|100%| O|  |TAMS 0x0000000083700000, 0x0000000083700000| Untracked 
|  55|0x0000000083700000, 0x0000000083800000, 0x0000000083800000|100%| O|  |TAMS 0x0000000083800000, 0x0000000083800000| Untracked 
|  56|0x0000000083800000, 0x0000000083900000, 0x0000000083900000|100%| O|  |TAMS 0x0000000083900000, 0x0000000083900000| Untracked 
|  57|0x0000000083900000, 0x0000000083a00000, 0x0000000083a00000|100%| O|  |TAMS 0x0000000083a00000, 0x0000000083a00000| Untracked 
|  58|0x0000000083a00000, 0x0000000083b00000, 0x0000000083b00000|100%| O|  |TAMS 0x0000000083b00000, 0x0000000083b00000| Untracked 
|  59|0x0000000083b00000, 0x0000000083c00000, 0x0000000083c00000|100%| O|  |TAMS 0x0000000083c00000, 0x0000000083c00000| Untracked 
|  60|0x0000000083c00000, 0x0000000083d00000, 0x0000000083d00000|100%| O|  |TAMS 0x0000000083d00000, 0x0000000083d00000| Untracked 
|  61|0x0000000083d00000, 0x0000000083e00000, 0x0000000083e00000|100%| O|  |TAMS 0x0000000083e00000, 0x0000000083e00000| Untracked 
|  62|0x0000000083e00000, 0x0000000083f00000, 0x0000000083f00000|100%| O|  |TAMS 0x0000000083f00000, 0x0000000083f00000| Untracked 
|  63|0x0000000083f00000, 0x0000000084000000, 0x0000000084000000|100%| O|  |TAMS 0x0000000084000000, 0x0000000084000000| Untracked 
|  64|0x0000000084000000, 0x0000000084100000, 0x0000000084100000|100%| O|  |TAMS 0x0000000084100000, 0x0000000084100000| Untracked 
|  65|0x0000000084100000, 0x0000000084200000, 0x0000000084200000|100%| O|  |TAMS 0x0000000084200000, 0x0000000084200000| Untracked 
|  66|0x0000000084200000, 0x0000000084300000, 0x0000000084300000|100%| O|  |TAMS 0x0000000084300000, 0x0000000084300000| Untracked 
|  67|0x0000000084300000, 0x0000000084400000, 0x0000000084400000|100%| O|  |TAMS 0x0000000084400000, 0x0000000084400000| Untracked 
|  68|0x0000000084400000, 0x0000000084500000, 0x0000000084500000|100%| O|  |TAMS 0x0000000084500000, 0x0000000084500000| Untracked 
|  69|0x0000000084500000, 0x0000000084600000, 0x0000000084600000|100%| O|  |TAMS 0x0000000084600000, 0x0000000084600000| Untracked 
|  70|0x0000000084600000, 0x0000000084700000, 0x0000000084700000|100%| O|  |TAMS 0x0000000084700000, 0x0000000084700000| Untracked 
|  71|0x0000000084700000, 0x0000000084800000, 0x0000000084800000|100%| O|  |TAMS 0x0000000084800000, 0x0000000084800000| Untracked 
|  72|0x0000000084800000, 0x0000000084900000, 0x0000000084900000|100%| O|  |TAMS 0x0000000084900000, 0x0000000084900000| Untracked 
|  73|0x0000000084900000, 0x0000000084a00000, 0x0000000084a00000|100%| O|  |TAMS 0x0000000084a00000, 0x0000000084a00000| Untracked 
|  74|0x0000000084a00000, 0x0000000084b00000, 0x0000000084b00000|100%| O|  |TAMS 0x0000000084b00000, 0x0000000084b00000| Untracked 
|  75|0x0000000084b00000, 0x0000000084c00000, 0x0000000084c00000|100%| O|  |TAMS 0x0000000084b00000, 0x0000000084c00000| Untracked 
|  76|0x0000000084c00000, 0x0000000084d00000, 0x0000000084d00000|100%| O|  |TAMS 0x0000000084c00000, 0x0000000084d00000| Untracked 
|  77|0x0000000084d00000, 0x0000000084e00000, 0x0000000084e00000|100%| O|  |TAMS 0x0000000084d00000, 0x0000000084e00000| Untracked 
|  78|0x0000000084e00000, 0x0000000084f00000, 0x0000000084f00000|100%| O|  |TAMS 0x0000000084e00000, 0x0000000084f00000| Untracked 
|  79|0x0000000084f00000, 0x0000000085000000, 0x0000000085000000|100%| O|  |TAMS 0x0000000085000000, 0x0000000085000000| Untracked 
|  80|0x0000000085000000, 0x0000000085100000, 0x0000000085100000|100%| O|  |TAMS 0x0000000085100000, 0x0000000085100000| Untracked 
|  81|0x0000000085100000, 0x0000000085200000, 0x0000000085200000|100%| O|  |TAMS 0x0000000085100000, 0x0000000085200000| Untracked 
|  82|0x0000000085200000, 0x0000000085300000, 0x0000000085300000|100%| O|  |TAMS 0x000000008527ce00, 0x0000000085300000| Untracked 
|  83|0x0000000085300000, 0x0000000085400000, 0x0000000085400000|100%| O|  |TAMS 0x0000000085400000, 0x0000000085400000| Untracked 
|  84|0x0000000085400000, 0x0000000085500000, 0x0000000085500000|100%| O|  |TAMS 0x0000000085500000, 0x0000000085500000| Untracked 
|  85|0x0000000085500000, 0x0000000085600000, 0x0000000085600000|100%| O|  |TAMS 0x0000000085500000, 0x0000000085600000| Untracked 
|  86|0x0000000085600000, 0x0000000085700000, 0x0000000085700000|100%| O|  |TAMS 0x0000000085600000, 0x0000000085700000| Untracked 
|  87|0x0000000085700000, 0x0000000085800000, 0x0000000085800000|100%| O|  |TAMS 0x0000000085700000, 0x0000000085800000| Untracked 
|  88|0x0000000085800000, 0x0000000085900000, 0x0000000085900000|100%| O|  |TAMS 0x0000000085800000, 0x0000000085900000| Untracked 
|  89|0x0000000085900000, 0x0000000085a00000, 0x0000000085a00000|100%| O|  |TAMS 0x0000000085900000, 0x0000000085a00000| Untracked 
|  90|0x0000000085a00000, 0x0000000085b00000, 0x0000000085b00000|100%| O|  |TAMS 0x0000000085a00000, 0x0000000085b00000| Untracked 
|  91|0x0000000085b00000, 0x0000000085c00000, 0x0000000085c00000|100%| O|  |TAMS 0x0000000085b00000, 0x0000000085c00000| Untracked 
|  92|0x0000000085c00000, 0x0000000085d00000, 0x0000000085d00000|100%| O|  |TAMS 0x0000000085c00000, 0x0000000085d00000| Untracked 
|  93|0x0000000085d00000, 0x0000000085e00000, 0x0000000085e00000|100%| O|  |TAMS 0x0000000085e00000, 0x0000000085e00000| Untracked 
|  94|0x0000000085e00000, 0x0000000085f00000, 0x0000000085f00000|100%| O|  |TAMS 0x0000000085e00000, 0x0000000085f00000| Untracked 
|  95|0x0000000085f00000, 0x0000000086000000, 0x0000000086000000|100%| O|  |TAMS 0x0000000085f00000, 0x0000000086000000| Untracked 
|  96|0x0000000086000000, 0x0000000086100000, 0x0000000086100000|100%| O|  |TAMS 0x0000000086000000, 0x0000000086100000| Untracked 
|  97|0x0000000086100000, 0x0000000086200000, 0x0000000086200000|100%| O|  |TAMS 0x0000000086100000, 0x0000000086200000| Untracked 
|  98|0x0000000086200000, 0x0000000086300000, 0x0000000086300000|100%| O|  |TAMS 0x0000000086200000, 0x0000000086300000| Untracked 
|  99|0x0000000086300000, 0x0000000086400000, 0x0000000086400000|100%| O|  |TAMS 0x0000000086300000, 0x0000000086400000| Untracked 
| 100|0x0000000086400000, 0x0000000086500000, 0x0000000086500000|100%| O|  |TAMS 0x0000000086400000, 0x0000000086500000| Untracked 
| 101|0x0000000086500000, 0x0000000086600000, 0x0000000086600000|100%| O|  |TAMS 0x0000000086500000, 0x0000000086600000| Untracked 
| 102|0x0000000086600000, 0x0000000086700000, 0x0000000086700000|100%| O|  |TAMS 0x0000000086600000, 0x0000000086700000| Untracked 
| 103|0x0000000086700000, 0x0000000086800000, 0x0000000086800000|100%| O|  |TAMS 0x0000000086700000, 0x0000000086800000| Untracked 
| 104|0x0000000086800000, 0x0000000086900000, 0x0000000086900000|100%| O|  |TAMS 0x0000000086800000, 0x0000000086900000| Untracked 
| 105|0x0000000086900000, 0x0000000086a00000, 0x0000000086a00000|100%| O|  |TAMS 0x0000000086900000, 0x0000000086a00000| Untracked 
| 106|0x0000000086a00000, 0x0000000086b00000, 0x0000000086b00000|100%| O|  |TAMS 0x0000000086a00000, 0x0000000086b00000| Untracked 
| 107|0x0000000086b00000, 0x0000000086c00000, 0x0000000086c00000|100%| O|  |TAMS 0x0000000086b00000, 0x0000000086c00000| Untracked 
| 108|0x0000000086c00000, 0x0000000086d00000, 0x0000000086d00000|100%| O|  |TAMS 0x0000000086c00000, 0x0000000086d00000| Untracked 
| 109|0x0000000086d00000, 0x0000000086e00000, 0x0000000086e00000|100%| O|  |TAMS 0x0000000086d00000, 0x0000000086e00000| Untracked 
| 110|0x0000000086e00000, 0x0000000086f00000, 0x0000000086f00000|100%| O|  |TAMS 0x0000000086e00000, 0x0000000086f00000| Untracked 
| 111|0x0000000086f00000, 0x0000000087000000, 0x0000000087000000|100%| O|  |TAMS 0x0000000086f00000, 0x0000000087000000| Untracked 
| 112|0x0000000087000000, 0x0000000087100000, 0x0000000087100000|100%| O|  |TAMS 0x0000000087000000, 0x0000000087100000| Untracked 
| 113|0x0000000087100000, 0x0000000087200000, 0x0000000087200000|100%| O|  |TAMS 0x0000000087100000, 0x0000000087200000| Untracked 
| 114|0x0000000087200000, 0x0000000087300000, 0x0000000087300000|100%|HS|  |TAMS 0x0000000087200000, 0x0000000087300000| Complete 
| 115|0x0000000087300000, 0x0000000087400000, 0x0000000087400000|100%| O|  |TAMS 0x0000000087300000, 0x0000000087400000| Untracked 
| 116|0x0000000087400000, 0x0000000087500000, 0x0000000087500000|100%| O|  |TAMS 0x0000000087400000, 0x0000000087500000| Untracked 
| 117|0x0000000087500000, 0x0000000087600000, 0x0000000087600000|100%| O|  |TAMS 0x0000000087500000, 0x0000000087600000| Untracked 
| 118|0x0000000087600000, 0x0000000087700000, 0x0000000087700000|100%| O|  |TAMS 0x0000000087600000, 0x0000000087700000| Untracked 
| 119|0x0000000087700000, 0x0000000087800000, 0x0000000087800000|100%| O|  |TAMS 0x0000000087700000, 0x0000000087800000| Untracked 
| 120|0x0000000087800000, 0x0000000087900000, 0x0000000087900000|100%| O|  |TAMS 0x0000000087800000, 0x0000000087900000| Untracked 
| 121|0x0000000087900000, 0x0000000087a00000, 0x0000000087a00000|100%| O|  |TAMS 0x0000000087900000, 0x0000000087a00000| Untracked 
| 122|0x0000000087a00000, 0x0000000087b00000, 0x0000000087b00000|100%| O|  |TAMS 0x0000000087a00000, 0x0000000087b00000| Untracked 
| 123|0x0000000087b00000, 0x0000000087c00000, 0x0000000087c00000|100%| O|  |TAMS 0x0000000087b00000, 0x0000000087c00000| Untracked 
| 124|0x0000000087c00000, 0x0000000087d00000, 0x0000000087d00000|100%| O|  |TAMS 0x0000000087c00000, 0x0000000087d00000| Untracked 
| 125|0x0000000087d00000, 0x0000000087e00000, 0x0000000087e00000|100%| O|  |TAMS 0x0000000087d00000, 0x0000000087e00000| Untracked 
| 126|0x0000000087e00000, 0x0000000087f00000, 0x0000000087f00000|100%| O|  |TAMS 0x0000000087e00000, 0x0000000087f00000| Untracked 
| 127|0x0000000087f00000, 0x0000000088000000, 0x0000000088000000|100%| O|  |TAMS 0x0000000087f00000, 0x0000000088000000| Untracked 
| 128|0x0000000088000000, 0x0000000088100000, 0x0000000088100000|100%| O|  |TAMS 0x0000000088000000, 0x0000000088100000| Untracked 
| 129|0x0000000088100000, 0x0000000088200000, 0x0000000088200000|100%| O|  |TAMS 0x0000000088100000, 0x0000000088200000| Untracked 
| 130|0x0000000088200000, 0x0000000088300000, 0x0000000088300000|100%| O|  |TAMS 0x0000000088200000, 0x0000000088300000| Untracked 
| 131|0x0000000088300000, 0x0000000088400000, 0x0000000088400000|100%| O|  |TAMS 0x0000000088300000, 0x0000000088400000| Untracked 
| 132|0x0000000088400000, 0x0000000088500000, 0x0000000088500000|100%| O|  |TAMS 0x0000000088400000, 0x0000000088500000| Untracked 
| 133|0x0000000088500000, 0x0000000088600000, 0x0000000088600000|100%| O|  |TAMS 0x0000000088500000, 0x0000000088600000| Untracked 
| 134|0x0000000088600000, 0x0000000088700000, 0x0000000088700000|100%| O|  |TAMS 0x0000000088600000, 0x0000000088700000| Untracked 
| 135|0x0000000088700000, 0x0000000088800000, 0x0000000088800000|100%| O|  |TAMS 0x0000000088700000, 0x0000000088800000| Untracked 
| 136|0x0000000088800000, 0x0000000088900000, 0x0000000088900000|100%| O|  |TAMS 0x0000000088800000, 0x0000000088900000| Untracked 
| 137|0x0000000088900000, 0x0000000088a00000, 0x0000000088a00000|100%| O|  |TAMS 0x0000000088900000, 0x0000000088a00000| Untracked 
| 138|0x0000000088a00000, 0x0000000088b00000, 0x0000000088b00000|100%| O|  |TAMS 0x0000000088a00000, 0x0000000088b00000| Untracked 
| 139|0x0000000088b00000, 0x0000000088c00000, 0x0000000088c00000|100%| O|  |TAMS 0x0000000088b00000, 0x0000000088c00000| Untracked 
| 140|0x0000000088c00000, 0x0000000088d00000, 0x0000000088d00000|100%| O|  |TAMS 0x0000000088c00000, 0x0000000088d00000| Untracked 
| 141|0x0000000088d00000, 0x0000000088e00000, 0x0000000088e00000|100%| O|  |TAMS 0x0000000088d00000, 0x0000000088e00000| Untracked 
| 142|0x0000000088e00000, 0x0000000088f00000, 0x0000000088f00000|100%| O|  |TAMS 0x0000000088e00000, 0x0000000088f00000| Untracked 
| 143|0x0000000088f00000, 0x0000000089000000, 0x0000000089000000|100%| O|  |TAMS 0x0000000088f00000, 0x0000000089000000| Untracked 
| 144|0x0000000089000000, 0x0000000089100000, 0x0000000089100000|100%| O|  |TAMS 0x0000000089000000, 0x0000000089100000| Untracked 
| 145|0x0000000089100000, 0x0000000089100000, 0x0000000089200000|  0%| F|  |TAMS 0x0000000089100000, 0x0000000089100000| Untracked 
| 146|0x0000000089200000, 0x0000000089200000, 0x0000000089300000|  0%| F|  |TAMS 0x0000000089200000, 0x0000000089200000| Untracked 
| 147|0x0000000089300000, 0x0000000089300000, 0x0000000089400000|  0%| F|  |TAMS 0x0000000089300000, 0x0000000089300000| Untracked 
| 148|0x0000000089400000, 0x0000000089400000, 0x0000000089500000|  0%| F|  |TAMS 0x0000000089400000, 0x0000000089400000| Untracked 
| 149|0x0000000089500000, 0x0000000089500000, 0x0000000089600000|  0%| F|  |TAMS 0x0000000089500000, 0x0000000089500000| Untracked 
| 150|0x0000000089600000, 0x0000000089600000, 0x0000000089700000|  0%| F|  |TAMS 0x0000000089600000, 0x0000000089600000| Untracked 
| 151|0x0000000089700000, 0x0000000089700000, 0x0000000089800000|  0%| F|  |TAMS 0x0000000089700000, 0x0000000089700000| Untracked 
| 152|0x0000000089800000, 0x0000000089800000, 0x0000000089900000|  0%| F|  |TAMS 0x0000000089800000, 0x0000000089800000| Untracked 
| 153|0x0000000089900000, 0x0000000089900000, 0x0000000089a00000|  0%| F|  |TAMS 0x0000000089900000, 0x0000000089900000| Untracked 
| 154|0x0000000089a00000, 0x0000000089a00000, 0x0000000089b00000|  0%| F|  |TAMS 0x0000000089a00000, 0x0000000089a00000| Untracked 
| 155|0x0000000089b00000, 0x0000000089b00000, 0x0000000089c00000|  0%| F|  |TAMS 0x0000000089b00000, 0x0000000089b00000| Untracked 
| 156|0x0000000089c00000, 0x0000000089c00000, 0x0000000089d00000|  0%| F|  |TAMS 0x0000000089c00000, 0x0000000089c00000| Untracked 
| 157|0x0000000089d00000, 0x0000000089d00000, 0x0000000089e00000|  0%| F|  |TAMS 0x0000000089d00000, 0x0000000089d00000| Untracked 
| 158|0x0000000089e00000, 0x0000000089e00000, 0x0000000089f00000|  0%| F|  |TAMS 0x0000000089e00000, 0x0000000089e00000| Untracked 
| 159|0x0000000089f00000, 0x0000000089f00000, 0x000000008a000000|  0%| F|  |TAMS 0x0000000089f00000, 0x0000000089f00000| Untracked 
| 160|0x000000008a000000, 0x000000008a000000, 0x000000008a100000|  0%| F|  |TAMS 0x000000008a000000, 0x000000008a000000| Untracked 
| 161|0x000000008a100000, 0x000000008a100000, 0x000000008a200000|  0%| F|  |TAMS 0x000000008a100000, 0x000000008a100000| Untracked 
| 162|0x000000008a200000, 0x000000008a200000, 0x000000008a300000|  0%| F|  |TAMS 0x000000008a200000, 0x000000008a200000| Untracked 
| 163|0x000000008a300000, 0x000000008a300000, 0x000000008a400000|  0%| F|  |TAMS 0x000000008a300000, 0x000000008a300000| Untracked 
| 164|0x000000008a400000, 0x000000008a400000, 0x000000008a500000|  0%| F|  |TAMS 0x000000008a400000, 0x000000008a400000| Untracked 
| 165|0x000000008a500000, 0x000000008a500000, 0x000000008a600000|  0%| F|  |TAMS 0x000000008a500000, 0x000000008a500000| Untracked 
| 166|0x000000008a600000, 0x000000008a600000, 0x000000008a700000|  0%| F|  |TAMS 0x000000008a600000, 0x000000008a600000| Untracked 
| 167|0x000000008a700000, 0x000000008a700000, 0x000000008a800000|  0%| F|  |TAMS 0x000000008a700000, 0x000000008a700000| Untracked 
| 168|0x000000008a800000, 0x000000008a800000, 0x000000008a900000|  0%| F|  |TAMS 0x000000008a800000, 0x000000008a800000| Untracked 
| 169|0x000000008a900000, 0x000000008a900000, 0x000000008aa00000|  0%| F|  |TAMS 0x000000008a900000, 0x000000008a900000| Untracked 
| 170|0x000000008aa00000, 0x000000008aa00000, 0x000000008ab00000|  0%| F|  |TAMS 0x000000008aa00000, 0x000000008aa00000| Untracked 
| 171|0x000000008ab00000, 0x000000008ab00000, 0x000000008ac00000|  0%| F|  |TAMS 0x000000008ab00000, 0x000000008ab00000| Untracked 
| 172|0x000000008ac00000, 0x000000008ac00000, 0x000000008ad00000|  0%| F|  |TAMS 0x000000008ac00000, 0x000000008ac00000| Untracked 
| 173|0x000000008ad00000, 0x000000008ad00000, 0x000000008ae00000|  0%| F|  |TAMS 0x000000008ad00000, 0x000000008ad00000| Untracked 
| 174|0x000000008ae00000, 0x000000008ae00000, 0x000000008af00000|  0%| F|  |TAMS 0x000000008ae00000, 0x000000008ae00000| Untracked 
| 175|0x000000008af00000, 0x000000008af00000, 0x000000008b000000|  0%| F|  |TAMS 0x000000008af00000, 0x000000008af00000| Untracked 
| 176|0x000000008b000000, 0x000000008b000000, 0x000000008b100000|  0%| F|  |TAMS 0x000000008b000000, 0x000000008b000000| Untracked 
| 177|0x000000008b100000, 0x000000008b100000, 0x000000008b200000|  0%| F|  |TAMS 0x000000008b100000, 0x000000008b100000| Untracked 
| 178|0x000000008b200000, 0x000000008b200000, 0x000000008b300000|  0%| F|  |TAMS 0x000000008b200000, 0x000000008b200000| Untracked 
| 179|0x000000008b300000, 0x000000008b300000, 0x000000008b400000|  0%| F|  |TAMS 0x000000008b300000, 0x000000008b300000| Untracked 
| 180|0x000000008b400000, 0x000000008b400000, 0x000000008b500000|  0%| F|  |TAMS 0x000000008b400000, 0x000000008b400000| Untracked 
| 181|0x000000008b500000, 0x000000008b500000, 0x000000008b600000|  0%| F|  |TAMS 0x000000008b500000, 0x000000008b500000| Untracked 
| 182|0x000000008b600000, 0x000000008b600000, 0x000000008b700000|  0%| F|  |TAMS 0x000000008b600000, 0x000000008b600000| Untracked 
| 183|0x000000008b700000, 0x000000008b700000, 0x000000008b800000|  0%| F|  |TAMS 0x000000008b700000, 0x000000008b700000| Untracked 
| 184|0x000000008b800000, 0x000000008b800000, 0x000000008b900000|  0%| F|  |TAMS 0x000000008b800000, 0x000000008b800000| Untracked 
| 185|0x000000008b900000, 0x000000008b900000, 0x000000008ba00000|  0%| F|  |TAMS 0x000000008b900000, 0x000000008b900000| Untracked 
| 186|0x000000008ba00000, 0x000000008ba00000, 0x000000008bb00000|  0%| F|  |TAMS 0x000000008ba00000, 0x000000008ba00000| Untracked 
| 187|0x000000008bb00000, 0x000000008bb00000, 0x000000008bc00000|  0%| F|  |TAMS 0x000000008bb00000, 0x000000008bb00000| Untracked 
| 188|0x000000008bc00000, 0x000000008bc00000, 0x000000008bd00000|  0%| F|  |TAMS 0x000000008bc00000, 0x000000008bc00000| Untracked 
| 189|0x000000008bd00000, 0x000000008bd00000, 0x000000008be00000|  0%| F|  |TAMS 0x000000008bd00000, 0x000000008bd00000| Untracked 
| 190|0x000000008be00000, 0x000000008be00000, 0x000000008bf00000|  0%| F|  |TAMS 0x000000008be00000, 0x000000008be00000| Untracked 
| 191|0x000000008bf00000, 0x000000008c000000, 0x000000008c000000|100%| S|CS|TAMS 0x000000008bf00000, 0x000000008bf00000| Complete 
| 192|0x000000008c000000, 0x000000008c100000, 0x000000008c100000|100%| S|CS|TAMS 0x000000008c000000, 0x000000008c000000| Complete 
| 193|0x000000008c100000, 0x000000008c200000, 0x000000008c200000|100%| S|CS|TAMS 0x000000008c100000, 0x000000008c100000| Complete 
| 194|0x000000008c200000, 0x000000008c300000, 0x000000008c300000|100%| S|CS|TAMS 0x000000008c200000, 0x000000008c200000| Complete 
| 195|0x000000008c300000, 0x000000008c400000, 0x000000008c400000|100%| S|CS|TAMS 0x000000008c300000, 0x000000008c300000| Complete 
| 196|0x000000008c400000, 0x000000008c500000, 0x000000008c500000|100%| S|CS|TAMS 0x000000008c400000, 0x000000008c400000| Complete 
| 197|0x000000008c500000, 0x000000008c500000, 0x000000008c600000|  0%| F|  |TAMS 0x000000008c500000, 0x000000008c500000| Untracked 
| 198|0x000000008c600000, 0x000000008c600000, 0x000000008c700000|  0%| F|  |TAMS 0x000000008c600000, 0x000000008c600000| Untracked 
| 199|0x000000008c700000, 0x000000008c700000, 0x000000008c800000|  0%| F|  |TAMS 0x000000008c700000, 0x000000008c700000| Untracked 
| 200|0x000000008c800000, 0x000000008c800000, 0x000000008c900000|  0%| F|  |TAMS 0x000000008c800000, 0x000000008c800000| Untracked 
| 201|0x000000008c900000, 0x000000008c900000, 0x000000008ca00000|  0%| F|  |TAMS 0x000000008c900000, 0x000000008c900000| Untracked 
| 202|0x000000008ca00000, 0x000000008ca00000, 0x000000008cb00000|  0%| F|  |TAMS 0x000000008ca00000, 0x000000008ca00000| Untracked 
| 203|0x000000008cb00000, 0x000000008cb00000, 0x000000008cc00000|  0%| F|  |TAMS 0x000000008cb00000, 0x000000008cb00000| Untracked 
| 204|0x000000008cc00000, 0x000000008cc00000, 0x000000008cd00000|  0%| F|  |TAMS 0x000000008cc00000, 0x000000008cc00000| Untracked 
| 205|0x000000008cd00000, 0x000000008cd00000, 0x000000008ce00000|  0%| F|  |TAMS 0x000000008cd00000, 0x000000008cd00000| Untracked 
| 206|0x000000008ce00000, 0x000000008ce00000, 0x000000008cf00000|  0%| F|  |TAMS 0x000000008ce00000, 0x000000008ce00000| Untracked 
| 207|0x000000008cf00000, 0x000000008cf00000, 0x000000008d000000|  0%| F|  |TAMS 0x000000008cf00000, 0x000000008cf00000| Untracked 
| 208|0x000000008d000000, 0x000000008d000000, 0x000000008d100000|  0%| F|  |TAMS 0x000000008d000000, 0x000000008d000000| Untracked 
| 209|0x000000008d100000, 0x000000008d100000, 0x000000008d200000|  0%| F|  |TAMS 0x000000008d100000, 0x000000008d100000| Untracked 
| 210|0x000000008d200000, 0x000000008d200000, 0x000000008d300000|  0%| F|  |TAMS 0x000000008d200000, 0x000000008d200000| Untracked 
| 211|0x000000008d300000, 0x000000008d300000, 0x000000008d400000|  0%| F|  |TAMS 0x000000008d300000, 0x000000008d300000| Untracked 
| 212|0x000000008d400000, 0x000000008d400000, 0x000000008d500000|  0%| F|  |TAMS 0x000000008d400000, 0x000000008d400000| Untracked 
| 213|0x000000008d500000, 0x000000008d500000, 0x000000008d600000|  0%| F|  |TAMS 0x000000008d500000, 0x000000008d500000| Untracked 
| 214|0x000000008d600000, 0x000000008d600000, 0x000000008d700000|  0%| F|  |TAMS 0x000000008d600000, 0x000000008d600000| Untracked 
| 215|0x000000008d700000, 0x000000008d700000, 0x000000008d800000|  0%| F|  |TAMS 0x000000008d700000, 0x000000008d700000| Untracked 
| 216|0x000000008d800000, 0x000000008d800000, 0x000000008d900000|  0%| F|  |TAMS 0x000000008d800000, 0x000000008d800000| Untracked 
| 217|0x000000008d900000, 0x000000008d900000, 0x000000008da00000|  0%| F|  |TAMS 0x000000008d900000, 0x000000008d900000| Untracked 
| 218|0x000000008da00000, 0x000000008da00000, 0x000000008db00000|  0%| F|  |TAMS 0x000000008da00000, 0x000000008da00000| Untracked 
| 219|0x000000008db00000, 0x000000008db00000, 0x000000008dc00000|  0%| F|  |TAMS 0x000000008db00000, 0x000000008db00000| Untracked 
| 220|0x000000008dc00000, 0x000000008dc00000, 0x000000008dd00000|  0%| F|  |TAMS 0x000000008dc00000, 0x000000008dc00000| Untracked 
| 221|0x000000008dd00000, 0x000000008dd00000, 0x000000008de00000|  0%| F|  |TAMS 0x000000008dd00000, 0x000000008dd00000| Untracked 
| 222|0x000000008de00000, 0x000000008de00000, 0x000000008df00000|  0%| F|  |TAMS 0x000000008de00000, 0x000000008de00000| Untracked 
| 223|0x000000008df00000, 0x000000008df00000, 0x000000008e000000|  0%| F|  |TAMS 0x000000008df00000, 0x000000008df00000| Untracked 
| 224|0x000000008e000000, 0x000000008e000000, 0x000000008e100000|  0%| F|  |TAMS 0x000000008e000000, 0x000000008e000000| Untracked 
| 225|0x000000008e100000, 0x000000008e100000, 0x000000008e200000|  0%| F|  |TAMS 0x000000008e100000, 0x000000008e100000| Untracked 
| 226|0x000000008e200000, 0x000000008e200000, 0x000000008e300000|  0%| F|  |TAMS 0x000000008e200000, 0x000000008e200000| Untracked 
| 227|0x000000008e300000, 0x000000008e300000, 0x000000008e400000|  0%| F|  |TAMS 0x000000008e300000, 0x000000008e300000| Untracked 
| 228|0x000000008e400000, 0x000000008e400000, 0x000000008e500000|  0%| F|  |TAMS 0x000000008e400000, 0x000000008e400000| Untracked 
| 229|0x000000008e500000, 0x000000008e500000, 0x000000008e600000|  0%| F|  |TAMS 0x000000008e500000, 0x000000008e500000| Untracked 
| 230|0x000000008e600000, 0x000000008e600000, 0x000000008e700000|  0%| F|  |TAMS 0x000000008e600000, 0x000000008e600000| Untracked 
| 231|0x000000008e700000, 0x000000008e700000, 0x000000008e800000|  0%| F|  |TAMS 0x000000008e700000, 0x000000008e700000| Untracked 
| 232|0x000000008e800000, 0x000000008e800000, 0x000000008e900000|  0%| F|  |TAMS 0x000000008e800000, 0x000000008e800000| Untracked 
| 233|0x000000008e900000, 0x000000008e900000, 0x000000008ea00000|  0%| F|  |TAMS 0x000000008e900000, 0x000000008e900000| Untracked 
| 234|0x000000008ea00000, 0x000000008ea00000, 0x000000008eb00000|  0%| F|  |TAMS 0x000000008ea00000, 0x000000008ea00000| Untracked 
| 235|0x000000008eb00000, 0x000000008eb00000, 0x000000008ec00000|  0%| F|  |TAMS 0x000000008eb00000, 0x000000008eb00000| Untracked 
| 236|0x000000008ec00000, 0x000000008ec00000, 0x000000008ed00000|  0%| F|  |TAMS 0x000000008ec00000, 0x000000008ec00000| Untracked 
| 237|0x000000008ed00000, 0x000000008ed00000, 0x000000008ee00000|  0%| F|  |TAMS 0x000000008ed00000, 0x000000008ed00000| Untracked 
| 238|0x000000008ee00000, 0x000000008ee00000, 0x000000008ef00000|  0%| F|  |TAMS 0x000000008ee00000, 0x000000008ee00000| Untracked 
| 239|0x000000008ef00000, 0x000000008ef00000, 0x000000008f000000|  0%| F|  |TAMS 0x000000008ef00000, 0x000000008ef00000| Untracked 
| 240|0x000000008f000000, 0x000000008f000000, 0x000000008f100000|  0%| F|  |TAMS 0x000000008f000000, 0x000000008f000000| Untracked 
| 241|0x000000008f100000, 0x000000008f100000, 0x000000008f200000|  0%| F|  |TAMS 0x000000008f100000, 0x000000008f100000| Untracked 
| 242|0x000000008f200000, 0x000000008f200000, 0x000000008f300000|  0%| F|  |TAMS 0x000000008f200000, 0x000000008f200000| Untracked 
| 243|0x000000008f300000, 0x000000008f300000, 0x000000008f400000|  0%| F|  |TAMS 0x000000008f300000, 0x000000008f300000| Untracked 
| 244|0x000000008f400000, 0x000000008f400000, 0x000000008f500000|  0%| F|  |TAMS 0x000000008f400000, 0x000000008f400000| Untracked 
| 245|0x000000008f500000, 0x000000008f500000, 0x000000008f600000|  0%| F|  |TAMS 0x000000008f500000, 0x000000008f500000| Untracked 
| 246|0x000000008f600000, 0x000000008f600000, 0x000000008f700000|  0%| F|  |TAMS 0x000000008f600000, 0x000000008f600000| Untracked 
| 247|0x000000008f700000, 0x000000008f700000, 0x000000008f800000|  0%| F|  |TAMS 0x000000008f700000, 0x000000008f700000| Untracked 
| 248|0x000000008f800000, 0x000000008f800000, 0x000000008f900000|  0%| F|  |TAMS 0x000000008f800000, 0x000000008f800000| Untracked 
| 249|0x000000008f900000, 0x000000008f900000, 0x000000008fa00000|  0%| F|  |TAMS 0x000000008f900000, 0x000000008f900000| Untracked 
| 250|0x000000008fa00000, 0x000000008fa00000, 0x000000008fb00000|  0%| F|  |TAMS 0x000000008fa00000, 0x000000008fa00000| Untracked 
| 251|0x000000008fb00000, 0x000000008fb00000, 0x000000008fc00000|  0%| F|  |TAMS 0x000000008fb00000, 0x000000008fb00000| Untracked 
| 252|0x000000008fc00000, 0x000000008fc00000, 0x000000008fd00000|  0%| F|  |TAMS 0x000000008fc00000, 0x000000008fc00000| Untracked 
| 253|0x000000008fd00000, 0x000000008fd00000, 0x000000008fe00000|  0%| F|  |TAMS 0x000000008fd00000, 0x000000008fd00000| Untracked 
| 254|0x000000008fe00000, 0x000000008fe00000, 0x000000008ff00000|  0%| F|  |TAMS 0x000000008fe00000, 0x000000008fe00000| Untracked 
| 255|0x000000008ff00000, 0x000000008ff00000, 0x0000000090000000|  0%| F|  |TAMS 0x000000008ff00000, 0x000000008ff00000| Untracked 
| 256|0x0000000090000000, 0x0000000090000000, 0x0000000090100000|  0%| F|  |TAMS 0x0000000090000000, 0x0000000090000000| Untracked 
| 257|0x0000000090100000, 0x0000000090100000, 0x0000000090200000|  0%| F|  |TAMS 0x0000000090100000, 0x0000000090100000| Untracked 
| 258|0x0000000090200000, 0x0000000090200000, 0x0000000090300000|  0%| F|  |TAMS 0x0000000090200000, 0x0000000090200000| Untracked 
| 259|0x0000000090300000, 0x0000000090300000, 0x0000000090400000|  0%| F|  |TAMS 0x0000000090300000, 0x0000000090300000| Untracked 
| 260|0x0000000090400000, 0x0000000090400000, 0x0000000090500000|  0%| F|  |TAMS 0x0000000090400000, 0x0000000090400000| Untracked 
| 261|0x0000000090500000, 0x0000000090500000, 0x0000000090600000|  0%| F|  |TAMS 0x0000000090500000, 0x0000000090500000| Untracked 
| 262|0x0000000090600000, 0x0000000090600000, 0x0000000090700000|  0%| F|  |TAMS 0x0000000090600000, 0x0000000090600000| Untracked 
| 263|0x0000000090700000, 0x0000000090700000, 0x0000000090800000|  0%| F|  |TAMS 0x0000000090700000, 0x0000000090700000| Untracked 
| 264|0x0000000090800000, 0x0000000090800000, 0x0000000090900000|  0%| F|  |TAMS 0x0000000090800000, 0x0000000090800000| Untracked 
| 265|0x0000000090900000, 0x0000000090900000, 0x0000000090a00000|  0%| F|  |TAMS 0x0000000090900000, 0x0000000090900000| Untracked 
| 266|0x0000000090a00000, 0x0000000090a00000, 0x0000000090b00000|  0%| F|  |TAMS 0x0000000090a00000, 0x0000000090a00000| Untracked 
| 267|0x0000000090b00000, 0x0000000090b00000, 0x0000000090c00000|  0%| F|  |TAMS 0x0000000090b00000, 0x0000000090b00000| Untracked 
| 268|0x0000000090c00000, 0x0000000090c00000, 0x0000000090d00000|  0%| F|  |TAMS 0x0000000090c00000, 0x0000000090c00000| Untracked 
| 269|0x0000000090d00000, 0x0000000090d00000, 0x0000000090e00000|  0%| F|  |TAMS 0x0000000090d00000, 0x0000000090d00000| Untracked 
| 270|0x0000000090e00000, 0x0000000090e00000, 0x0000000090f00000|  0%| F|  |TAMS 0x0000000090e00000, 0x0000000090e00000| Untracked 
| 271|0x0000000090f00000, 0x0000000090f00000, 0x0000000091000000|  0%| F|  |TAMS 0x0000000090f00000, 0x0000000090f00000| Untracked 
| 272|0x0000000091000000, 0x0000000091000000, 0x0000000091100000|  0%| F|  |TAMS 0x0000000091000000, 0x0000000091000000| Untracked 
| 273|0x0000000091100000, 0x0000000091100000, 0x0000000091200000|  0%| F|  |TAMS 0x0000000091100000, 0x0000000091100000| Untracked 
| 274|0x0000000091200000, 0x0000000091200000, 0x0000000091300000|  0%| F|  |TAMS 0x0000000091200000, 0x0000000091200000| Untracked 

Card table byte_map: [0x0000015b74080000,0x0000015b74480000] _byte_map_base: 0x0000015b73c80000

Marking Bits (Prev, Next): (CMBitMap*) 0x0000015b5f5c1fe8, (CMBitMap*) 0x0000015b5f5c2020
 Prev Bits: [0x0000015b74880000, 0x0000015b76880000)
 Next Bits: [0x0000015b76880000, 0x0000015b78880000)

Polling page: 0x0000015b5f430000

Metaspace:

Usage:
  Non-class:     96.96 MB capacity,    95.27 MB ( 98%) used,     1.35 MB (  1%) free+waste,   348.63 KB ( <1%) overhead. 
      Class:     14.60 MB capacity,    13.60 MB ( 93%) used,   868.86 KB (  6%) free+waste,   149.94 KB (  1%) overhead. 
       Both:    111.55 MB capacity,   108.87 MB ( 98%) used,     2.19 MB (  2%) free+waste,   498.56 KB ( <1%) overhead. 

Virtual space:
  Non-class space:       98.00 MB reserved,      97.00 MB ( 99%) committed 
      Class space:        1.00 GB reserved,      14.63 MB (  1%) committed 
             Both:        1.10 GB reserved,     111.63 MB ( 10%) committed 

Chunk freelists:
   Non-Class:  46.00 KB
       Class:  26.00 KB
        Both:  72.00 KB

MaxMetaspaceSize: 17179869184.00 GB
CompressedClassSpaceSize: 1.00 GB

CodeHeap 'non-profiled nmethods': size=120064Kb used=8918Kb max_used=8918Kb free=111145Kb
 bounds [0x0000015b6c340000, 0x0000015b6cc00000, 0x0000015b73880000]
CodeHeap 'profiled nmethods': size=120000Kb used=41331Kb max_used=41331Kb free=78668Kb
 bounds [0x0000015b64e10000, 0x0000015b67670000, 0x0000015b6c340000]
CodeHeap 'non-nmethods': size=5696Kb used=2312Kb max_used=2381Kb free=3384Kb
 bounds [0x0000015b64880000, 0x0000015b64af0000, 0x0000015b64e10000]
 total_blobs=17564 nmethods=16630 adapters=844
 compilation: enabled
              stopped_count=0, restarted_count=0
 full_count=0

Compilation events (20 events):
Event: 85.605 Thread 0x0000015b7ac73800 16976       2       com.android.tools.r8.internal.dG::a (458 bytes)
Event: 85.606 Thread 0x0000015b7ac73800 nmethod 16976 0x0000015b67667c90 code [0x0000015b67668020, 0x0000015b67668a18]
Event: 85.650 Thread 0x0000015b7ac73800 16980       2       com.android.tools.r8.internal.m5::a (12 bytes)
Event: 85.651 Thread 0x0000015b7ac73800 nmethod 16980 0x0000015b67669010 code [0x0000015b67669220, 0x0000015b67669788]
Event: 85.654 Thread 0x0000015b7ac73800 16981       2       com.android.tools.r8.internal.L3::a (61 bytes)
Event: 85.655 Thread 0x0000015b7ac73800 nmethod 16981 0x0000015b67669a10 code [0x0000015b67669c80, 0x0000015b6766a508]
Event: 85.655 Thread 0x0000015b7ac73800 16982       2       com.android.tools.r8.internal.A1::<init> (7 bytes)
Event: 85.655 Thread 0x0000015b7ac73800 nmethod 16982 0x0000015b6766aa10 code [0x0000015b6766abc0, 0x0000015b6766acc8]
Event: 85.655 Thread 0x0000015b7ac73800 16983       2       com.android.tools.r8.internal.A1::o (2 bytes)
Event: 85.655 Thread 0x0000015b7ac73800 nmethod 16983 0x0000015b6766ad90 code [0x0000015b6766af40, 0x0000015b6766b038]
Event: 85.658 Thread 0x0000015b7ac73800 16984       2       com.android.tools.r8.internal.XF::b (54 bytes)
Event: 85.658 Thread 0x0000015b7ac73800 nmethod 16984 0x0000015b6766b110 code [0x0000015b6766b300, 0x0000015b6766b5a8]
Event: 85.675 Thread 0x0000015b7ac73800 16985       2       com.android.tools.r8.internal.A1::a (49 bytes)
Event: 85.675 Thread 0x0000015b7ac73800 nmethod 16985 0x0000015b6766b710 code [0x0000015b6766b900, 0x0000015b6766bbe8]
Event: 85.704 Thread 0x0000015b7ac73800 16987 %     3       com.android.tools.r8.internal.Ah::a @ 43 (71 bytes)
Event: 85.705 Thread 0x0000015b7ac73800 nmethod 16987% 0x0000015b6766be90 code [0x0000015b6766c060, 0x0000015b6766c498]
Event: 85.705 Thread 0x0000015b7ac73800 16988       3       com.android.tools.r8.internal.Ah::a (71 bytes)
Event: 85.705 Thread 0x0000015b7ac73800 nmethod 16988 0x0000015b6766c690 code [0x0000015b6766c860, 0x0000015b6766cc18]
Event: 85.718 Thread 0x0000015b7ac73800 16990       2       com.android.tools.r8.internal.QE::j2 (14 bytes)
Event: 85.718 Thread 0x0000015b7ac73800 nmethod 16990 0x0000015b6766cd90 code [0x0000015b6766cf40, 0x0000015b6766d0a8]

GC Heap History (20 events):
Event: 78.461 GC heap after
{Heap after GC invocations=62 (full 0):
 garbage-first heap   total 281600K, used 106478K [0x0000000080000000, 0x0000000100000000)
  region size 1024K, 3 young (3072K), 3 survivors (3072K)
 Metaspace       used 109441K, capacity 112033K, committed 112256K, reserved 1146880K
  class space    used 13754K, capacity 14713K, committed 14720K, reserved 1048576K
}
Event: 79.204 GC heap before
{Heap before GC invocations=62 (full 0):
 garbage-first heap   total 281600K, used 223214K [0x0000000080000000, 0x0000000100000000)
  region size 1024K, 117 young (119808K), 3 survivors (3072K)
 Metaspace       used 110003K, capacity 112541K, committed 112640K, reserved 1146880K
  class space    used 13802K, capacity 14753K, committed 14848K, reserved 1048576K
}
Event: 79.220 GC heap after
{Heap after GC invocations=63 (full 0):
 garbage-first heap   total 281600K, used 110820K [0x0000000080000000, 0x0000000100000000)
  region size 1024K, 7 young (7168K), 7 survivors (7168K)
 Metaspace       used 110003K, capacity 112541K, committed 112640K, reserved 1146880K
  class space    used 13802K, capacity 14753K, committed 14848K, reserved 1048576K
}
Event: 79.901 GC heap before
{Heap before GC invocations=63 (full 0):
 garbage-first heap   total 281600K, used 222436K [0x0000000080000000, 0x0000000100000000)
  region size 1024K, 117 young (119808K), 7 survivors (7168K)
 Metaspace       used 110065K, capacity 112614K, committed 112896K, reserved 1146880K
  class space    used 13806K, capacity 14754K, committed 14848K, reserved 1048576K
}
Event: 79.911 GC heap after
{Heap after GC invocations=64 (full 0):
 garbage-first heap   total 281600K, used 108922K [0x0000000080000000, 0x0000000100000000)
  region size 1024K, 5 young (5120K), 5 survivors (5120K)
 Metaspace       used 110065K, capacity 112614K, committed 112896K, reserved 1146880K
  class space    used 13806K, capacity 14754K, committed 14848K, reserved 1048576K
}
Event: 80.735 GC heap before
{Heap before GC invocations=64 (full 0):
 garbage-first heap   total 281600K, used 229754K [0x0000000080000000, 0x0000000100000000)
  region size 1024K, 123 young (125952K), 5 survivors (5120K)
 Metaspace       used 110524K, capacity 113103K, committed 113152K, reserved 1146880K
  class space    used 13848K, capacity 14801K, committed 14848K, reserved 1048576K
}
Event: 80.754 GC heap after
{Heap after GC invocations=65 (full 0):
 garbage-first heap   total 281600K, used 111916K [0x0000000080000000, 0x0000000100000000)
  region size 1024K, 8 young (8192K), 8 survivors (8192K)
 Metaspace       used 110524K, capacity 113103K, committed 113152K, reserved 1146880K
  class space    used 13848K, capacity 14801K, committed 14848K, reserved 1048576K
}
Event: 81.447 GC heap before
{Heap before GC invocations=65 (full 0):
 garbage-first heap   total 281600K, used 231724K [0x0000000080000000, 0x0000000100000000)
  region size 1024K, 125 young (128000K), 8 survivors (8192K)
 Metaspace       used 110611K, capacity 113183K, committed 113408K, reserved 1148928K
  class space    used 13848K, capacity 14801K, committed 14848K, reserved 1048576K
}
Event: 81.461 GC heap after
{Heap after GC invocations=66 (full 0):
 garbage-first heap   total 281600K, used 111994K [0x0000000080000000, 0x0000000100000000)
  region size 1024K, 8 young (8192K), 8 survivors (8192K)
 Metaspace       used 110611K, capacity 113183K, committed 113408K, reserved 1148928K
  class space    used 13848K, capacity 14801K, committed 14848K, reserved 1048576K
}
Event: 82.400 GC heap before
{Heap before GC invocations=66 (full 0):
 garbage-first heap   total 281600K, used 234874K [0x0000000080000000, 0x0000000100000000)
  region size 1024K, 127 young (130048K), 8 survivors (8192K)
 Metaspace       used 111318K, capacity 114007K, committed 114304K, reserved 1148928K
  class space    used 13909K, capacity 14897K, committed 14976K, reserved 1048576K
}
Event: 82.428 GC heap after
{Heap after GC invocations=67 (full 0):
 garbage-first heap   total 281600K, used 118138K [0x0000000080000000, 0x0000000100000000)
  region size 1024K, 14 young (14336K), 14 survivors (14336K)
 Metaspace       used 111318K, capacity 114007K, committed 114304K, reserved 1148928K
  class space    used 13909K, capacity 14897K, committed 14976K, reserved 1048576K
}
Event: 83.169 GC heap before
{Heap before GC invocations=67 (full 0):
 garbage-first heap   total 281600K, used 230778K [0x0000000080000000, 0x0000000100000000)
  region size 1024K, 124 young (126976K), 14 survivors (14336K)
 Metaspace       used 111364K, capacity 114090K, committed 114304K, reserved 1148928K
  class space    used 13914K, capacity 14903K, committed 14976K, reserved 1048576K
}
Event: 83.202 GC heap after
{Heap after GC invocations=68 (full 0):
 garbage-first heap   total 281600K, used 119790K [0x0000000080000000, 0x0000000100000000)
  region size 1024K, 5 young (5120K), 5 survivors (5120K)
 Metaspace       used 111364K, capacity 114090K, committed 114304K, reserved 1148928K
  class space    used 13914K, capacity 14903K, committed 14976K, reserved 1048576K
}
Event: 84.374 GC heap before
{Heap before GC invocations=68 (full 0):
 garbage-first heap   total 281600K, used 233454K [0x0000000080000000, 0x0000000100000000)
  region size 1024K, 114 young (116736K), 5 survivors (5120K)
 Metaspace       used 111408K, capacity 114117K, committed 114304K, reserved 1148928K
  class space    used 13921K, capacity 14912K, committed 14976K, reserved 1048576K
}
Event: 84.391 GC heap after
{Heap after GC invocations=69 (full 0):
 garbage-first heap   total 281600K, used 122862K [0x0000000080000000, 0x0000000100000000)
  region size 1024K, 7 young (7168K), 7 survivors (7168K)
 Metaspace       used 111408K, capacity 114117K, committed 114304K, reserved 1148928K
  class space    used 13921K, capacity 14912K, committed 14976K, reserved 1048576K
}
Event: 84.833 GC heap before
{Heap before GC invocations=69 (full 0):
 garbage-first heap   total 281600K, used 233454K [0x0000000080000000, 0x0000000100000000)
  region size 1024K, 116 young (118784K), 7 survivors (7168K)
 Metaspace       used 111446K, capacity 114216K, committed 114304K, reserved 1148928K
  class space    used 13928K, capacity 14945K, committed 14976K, reserved 1048576K
}
Event: 84.869 GC heap after
{Heap after GC invocations=70 (full 0):
 garbage-first heap   total 281600K, used 137540K [0x0000000080000000, 0x0000000100000000)
  region size 1024K, 15 young (15360K), 15 survivors (15360K)
 Metaspace       used 111446K, capacity 114216K, committed 114304K, reserved 1148928K
  class space    used 13928K, capacity 14945K, committed 14976K, reserved 1048576K
}
Event: 85.265 GC heap before
{Heap before GC invocations=70 (full 0):
 garbage-first heap   total 281600K, used 229700K [0x0000000080000000, 0x0000000100000000)
  region size 1024K, 105 young (107520K), 15 survivors (15360K)
 Metaspace       used 111460K, capacity 114217K, committed 114304K, reserved 1148928K
  class space    used 13928K, capacity 14945K, committed 14976K, reserved 1048576K
}
Event: 85.330 GC heap after
{Heap after GC invocations=71 (full 0):
 garbage-first heap   total 281600K, used 148930K [0x0000000080000000, 0x0000000100000000)
  region size 1024K, 13 young (13312K), 13 survivors (13312K)
 Metaspace       used 111460K, capacity 114217K, committed 114304K, reserved 1148928K
  class space    used 13928K, capacity 14945K, committed 14976K, reserved 1048576K
}
Event: 85.728 GC heap before
{Heap before GC invocations=71 (full 0):
 garbage-first heap   total 281600K, used 228802K [0x0000000080000000, 0x0000000100000000)
  region size 1024K, 91 young (93184K), 13 survivors (13312K)
 Metaspace       used 111487K, capacity 114232K, committed 114304K, reserved 1148928K
  class space    used 13931K, capacity 14950K, committed 14976K, reserved 1048576K
}

Deoptimization events (20 events):
Event: 85.410 Thread 0x0000015b002db800 DEOPT PACKING pc=0x0000015b6756ce3a sp=0x00000018d6ef92d0
Event: 85.410 Thread 0x0000015b002db800 DEOPT UNPACKING pc=0x0000015b648a6abf sp=0x00000018d6ef8a98 mode 0
Event: 85.437 Thread 0x0000015b002dc800 DEOPT PACKING pc=0x0000015b6751da90 sp=0x00000018d73f74a0
Event: 85.437 Thread 0x0000015b002dc800 DEOPT UNPACKING pc=0x0000015b648a6abf sp=0x00000018d73f69d8 mode 0
Event: 85.441 Thread 0x0000015b002dc800 DEOPT PACKING pc=0x0000015b669e440e sp=0x00000018d73f6590
Event: 85.441 Thread 0x0000015b002dc800 DEOPT UNPACKING pc=0x0000015b648a6abf sp=0x00000018d73f5d18 mode 0
Event: 85.451 Thread 0x0000015b002dc800 DEOPT PACKING pc=0x0000015b669e440e sp=0x00000018d73f6520
Event: 85.451 Thread 0x0000015b002dc800 DEOPT UNPACKING pc=0x0000015b648a6abf sp=0x00000018d73f5ca8 mode 0
Event: 85.455 Thread 0x0000015b002dc800 DEOPT PACKING pc=0x0000015b669e440e sp=0x00000018d73f6520
Event: 85.455 Thread 0x0000015b002dc800 DEOPT UNPACKING pc=0x0000015b648a6abf sp=0x00000018d73f5ca8 mode 0
Event: 85.523 Thread 0x0000015b002dc800 DEOPT PACKING pc=0x0000015b6734f1b2 sp=0x00000018d73f5ff0
Event: 85.523 Thread 0x0000015b002dc800 DEOPT UNPACKING pc=0x0000015b648a6abf sp=0x00000018d73f54e0 mode 0
Event: 85.533 Thread 0x0000015b002dc800 Uncommon trap: trap_request=0xffffff4d fr.pc=0x0000015b6c4d1d1c relative=0x000000000000007c
Event: 85.533 Thread 0x0000015b002dc800 Uncommon trap: reason=unstable_if action=reinterpret pc=0x0000015b6c4d1d1c method=java.util.HashMap$HashMapSpliterator.getFence()I @ 37 c2
Event: 85.533 Thread 0x0000015b002dc800 DEOPT PACKING pc=0x0000015b6c4d1d1c sp=0x00000018d73f6860
Event: 85.533 Thread 0x0000015b002dc800 DEOPT UNPACKING pc=0x0000015b648a6ca9 sp=0x00000018d73f67d8 mode 2
Event: 85.578 Thread 0x0000015b002dc800 DEOPT PACKING pc=0x0000015b66a7ab71 sp=0x00000018d73f69a0
Event: 85.578 Thread 0x0000015b002dc800 DEOPT UNPACKING pc=0x0000015b648a6abf sp=0x00000018d73f5e90 mode 0
Event: 85.705 Thread 0x0000015b002db800 DEOPT PACKING pc=0x0000015b66acf21a sp=0x00000018d6ef9240
Event: 85.705 Thread 0x0000015b002db800 DEOPT UNPACKING pc=0x0000015b648a6abf sp=0x00000018d6ef86d0 mode 0

Classes redefined (0 events):
No events

Internal exceptions (20 events):
Event: 72.258 Thread 0x0000015b002dc800 Exception <a 'sun/nio/fs/WindowsException'{0x000000008d272630}> (0x000000008d272630) thrown at [./src/hotspot/share/prims/jni.cpp, line 615]
Event: 72.960 Thread 0x0000015b002dc800 Exception <a 'java/lang/NoSuchMethodError'{0x000000008e31d218}: 'java.lang.Object java.lang.invoke.DirectMethodHandle$Holder.invokeInterface(java.lang.Object, java.lang.Object, int)'> (0x000000008e31d218) thrown at [./src/hotspot/share/interpreter/linkResolver.cpp, line 773]
Event: 73.893 Thread 0x0000015b002dc800 Exception <a 'java/lang/NoSuchMethodError'{0x000000008cb8b368}: 'int java.lang.invoke.DirectMethodHandle$Holder.invokeInterface(java.lang.Object, java.lang.Object, int)'> (0x000000008cb8b368) thrown at [./src/hotspot/share/interpreter/linkResolver.cpp, line 773]
Event: 75.347 Thread 0x0000015b002dc800 Implicit null exception at 0x0000015b6ca9137c to 0x0000015b6ca91400
Event: 78.849 Thread 0x0000015b04005800 Exception <a 'sun/nio/fs/WindowsException'{0x000000008dd0fed0}> (0x000000008dd0fed0) thrown at [./src/hotspot/share/prims/jni.cpp, line 615]
Event: 78.907 Thread 0x0000015b04005800 Exception <a 'sun/nio/fs/WindowsException'{0x000000008dd2a308}> (0x000000008dd2a308) thrown at [./src/hotspot/share/prims/jni.cpp, line 615]
Event: 78.907 Thread 0x0000015b04005800 Exception <a 'sun/nio/fs/WindowsException'{0x000000008dd2a3f0}> (0x000000008dd2a3f0) thrown at [./src/hotspot/share/prims/jni.cpp, line 615]
Event: 80.027 Thread 0x0000015b002db800 Exception <a 'sun/nio/fs/WindowsException'{0x000000008fd5e668}> (0x000000008fd5e668) thrown at [./src/hotspot/share/prims/jni.cpp, line 615]
Event: 80.605 Thread 0x0000015b002dc800 Exception <a 'java/lang/NoSuchMethodError'{0x000000008a9773b0}: 'java.lang.Object java.lang.invoke.DirectMethodHandle$Holder.invokeSpecial(java.lang.Object, java.lang.Object, java.lang.Object, java.lang.Object, java.lang.Object, java.lang.Object, java.lang.Object, java.lang.Object, java.lang.Object, java.lang.Object, java.lang.Object)'> (0x000000008a9773b0) thrown at [./src/hotspot/share/interpreter/linkResolver.cpp, line 773]
Event: 80.606 Thread 0x0000015b002dc800 Exception <a 'java/lang/NoSuchMethodError'{0x000000008a983458}: 'java.lang.Object java.lang.invoke.Invokers$Holder.linkToTargetMethod(java.lang.Object, java.lang.Object, java.lang.Object, java.lang.Object, java.lang.Object, java.lang.Object, java.lang.Object, java.lang.Object, java.lang.Object, java.lang.Object)'> (0x000000008a983458) thrown at [./src/hotspot/share/interpreter/linkResolver.cpp, line 773]
Event: 80.624 Thread 0x0000015b002dc800 Exception <a 'java/lang/IncompatibleClassChangeError'{0x000000008a878968}: Found class java.lang.Object, but interface was expected> (0x000000008a878968) thrown at [./src/hotspot/share/interpreter/linkResolver.cpp, line 839]
Event: 81.647 Thread 0x0000015b002db800 Exception <a 'sun/nio/fs/WindowsException'{0x0000000090357568}> (0x0000000090357568) thrown at [./src/hotspot/share/prims/jni.cpp, line 615]
Event: 82.178 Thread 0x0000015b002dc800 Exception <a 'sun/nio/fs/WindowsException'{0x000000008c412d58}> (0x000000008c412d58) thrown at [./src/hotspot/share/prims/jni.cpp, line 615]
Event: 82.239 Thread 0x0000015b002db800 Exception <a 'sun/nio/fs/WindowsException'{0x000000008ba9f1a0}> (0x000000008ba9f1a0) thrown at [./src/hotspot/share/prims/jni.cpp, line 615]
Event: 82.464 Thread 0x0000015b002dc800 Exception <a 'sun/nio/fs/WindowsException'{0x00000000907ce788}> (0x00000000907ce788) thrown at [./src/hotspot/share/prims/jni.cpp, line 615]
Event: 82.478 Thread 0x0000015b002dc800 Implicit null exception at 0x0000015b6cb824e0 to 0x0000015b6cb87bbc
Event: 82.910 Thread 0x0000015b002dc800 Exception <a 'sun/nio/fs/WindowsException'{0x000000008d224e58}> (0x000000008d224e58) thrown at [./src/hotspot/share/prims/jni.cpp, line 615]
Event: 83.843 Thread 0x0000015b002db800 Implicit null exception at 0x0000015b6cbb80fc to 0x0000015b6cbbc2fc
Event: 84.519 Thread 0x0000015b002dc800 Exception <a 'sun/nio/fs/WindowsException'{0x000000008f360060}> (0x000000008f360060) thrown at [./src/hotspot/share/prims/jni.cpp, line 615]
Event: 85.533 Thread 0x0000015b002dc800 Implicit null exception at 0x0000015b6c4d1ceb to 0x0000015b6c4d1d0c

Events (20 events):
Event: 84.869 Executing VM operation: G1CollectForAllocation done
Event: 85.265 Executing VM operation: G1CollectForAllocation
Event: 85.330 Executing VM operation: G1CollectForAllocation done
Event: 85.601 loading class com/android/tools/r8/code/G0
Event: 85.601 loading class com/android/tools/r8/code/G0 done
Event: 85.601 loading class com/android/tools/r8/code/G0
Event: 85.601 loading class com/android/tools/r8/code/G0 done
Event: 85.678 loading class com/android/tools/r8/internal/GE
Event: 85.678 loading class com/android/tools/r8/internal/GE done
Event: 85.678 loading class com/android/tools/r8/internal/GE
Event: 85.678 loading class com/android/tools/r8/internal/GE done
Event: 85.678 loading class com/android/tools/r8/internal/FE
Event: 85.678 loading class com/android/tools/r8/internal/FE done
Event: 85.679 loading class com/android/tools/r8/code/F0
Event: 85.679 loading class com/android/tools/r8/code/F0 done
Event: 85.679 loading class com/android/tools/r8/code/F0
Event: 85.679 loading class com/android/tools/r8/code/F0 done
Event: 85.679 loading class com/android/tools/r8/code/F0
Event: 85.679 loading class com/android/tools/r8/code/F0 done
Event: 85.725 Executing VM operation: G1CollectForAllocation


Dynamic libraries:
0x00007ff60e770000 - 0x00007ff60e77a000 	C:\Program Files\Android\Android Studio\jre\bin\java.exe
0x00007ff883690000 - 0x00007ff883885000 	C:\Windows\SYSTEM32\ntdll.dll
0x00007ff858100000 - 0x00007ff858116000 	C:\Program Files\Avast Software\Avast\aswhook.dll
0x00007ff882f60000 - 0x00007ff88301e000 	C:\Windows\System32\KERNEL32.DLL
0x00007ff880ee0000 - 0x00007ff8811a9000 	C:\Windows\System32\KERNELBASE.dll
0x00007ff880db0000 - 0x00007ff880eb0000 	C:\Windows\System32\ucrtbase.dll
0x00007ff86f410000 - 0x00007ff86f429000 	C:\Program Files\Android\Android Studio\jre\bin\jli.dll
0x00007ff8833f0000 - 0x00007ff883591000 	C:\Windows\System32\USER32.dll
0x00007ff8812f0000 - 0x00007ff881312000 	C:\Windows\System32\win32u.dll
0x00007ff881f00000 - 0x00007ff881f2b000 	C:\Windows\System32\GDI32.dll
0x00007ff881580000 - 0x00007ff88168b000 	C:\Windows\System32\gdi32full.dll
0x00007ff881320000 - 0x00007ff8813bd000 	C:\Windows\System32\msvcp_win.dll
0x00007ff860370000 - 0x00007ff86060a000 	C:\Windows\WinSxS\amd64_microsoft.windows.common-controls_6595b64144ccf1df_6.0.19041.1110_none_60b5254171f9507e\COMCTL32.dll
0x00007ff883160000 - 0x00007ff8831fe000 	C:\Windows\System32\msvcrt.dll
0x00007ff86c810000 - 0x00007ff86c827000 	C:\Program Files\Android\Android Studio\jre\bin\VCRUNTIME140.dll
0x00007ff8819d0000 - 0x00007ff881a00000 	C:\Windows\System32\IMM32.DLL
0x00007ff84f090000 - 0x00007ff84f12d000 	C:\Program Files\Android\Android Studio\jre\bin\msvcp140.dll
0x00007ff83e820000 - 0x00007ff83f2ef000 	C:\Program Files\Android\Android Studio\jre\bin\server\jvm.dll
0x00007ff881e50000 - 0x00007ff881efc000 	C:\Windows\System32\ADVAPI32.dll
0x00007ff881930000 - 0x00007ff8819cb000 	C:\Windows\System32\sechost.dll
0x00007ff882e30000 - 0x00007ff882f5a000 	C:\Windows\System32\RPCRT4.dll
0x00007ff8820e0000 - 0x00007ff8820e8000 	C:\Windows\System32\PSAPI.DLL
0x00007ff870af0000 - 0x00007ff870af9000 	C:\Windows\SYSTEM32\WSOCK32.dll
0x00007ff8832f0000 - 0x00007ff88335b000 	C:\Windows\System32\WS2_32.dll
0x00007ff863860000 - 0x00007ff863887000 	C:\Windows\SYSTEM32\WINMM.dll
0x00007ff87bb30000 - 0x00007ff87bb3a000 	C:\Windows\SYSTEM32\VERSION.dll
0x00007ff87ecd0000 - 0x00007ff87ece2000 	C:\Windows\SYSTEM32\kernel.appcore.dll
0x00007ff87da10000 - 0x00007ff87da21000 	C:\Program Files\Android\Android Studio\jre\bin\verify.dll
0x00007ff87b3e0000 - 0x00007ff87b5c4000 	C:\Windows\SYSTEM32\DBGHELP.DLL
0x00007ff87b340000 - 0x00007ff87b36c000 	C:\Windows\SYSTEM32\dbgcore.DLL
0x00007ff8811b0000 - 0x00007ff881233000 	C:\Windows\System32\bcryptPrimitives.dll
0x00007ff87d9e0000 - 0x00007ff87da09000 	C:\Program Files\Android\Android Studio\jre\bin\java.dll
0x00007ff87d9d0000 - 0x00007ff87d9db000 	C:\Program Files\Android\Android Studio\jre\bin\jimage.dll
0x00007ff87d9b0000 - 0x00007ff87d9c8000 	C:\Program Files\Android\Android Studio\jre\bin\zip.dll
0x00007ff8826f0000 - 0x00007ff882e2f000 	C:\Windows\System32\SHELL32.dll
0x00007ff87eed0000 - 0x00007ff87f660000 	C:\Windows\SYSTEM32\windows.storage.dll
0x00007ff881a60000 - 0x00007ff881db5000 	C:\Windows\System32\combase.dll
0x00007ff880730000 - 0x00007ff88075c000 	C:\Windows\SYSTEM32\Wldp.dll
0x00007ff8835a0000 - 0x00007ff88364e000 	C:\Windows\System32\SHCORE.dll
0x00007ff883100000 - 0x00007ff883155000 	C:\Windows\System32\shlwapi.dll
0x00007ff880cf0000 - 0x00007ff880d0f000 	C:\Windows\SYSTEM32\profapi.dll
0x00007ff87d990000 - 0x00007ff87d9aa000 	C:\Program Files\Android\Android Studio\jre\bin\net.dll
0x00007ff87c290000 - 0x00007ff87c398000 	C:\Windows\SYSTEM32\WINHTTP.dll
0x00007ff880490000 - 0x00007ff8804fa000 	C:\Windows\system32\mswsock.dll
0x00007ff87d970000 - 0x00007ff87d984000 	C:\Program Files\Android\Android Studio\jre\bin\nio.dll
0x00007ff86abc0000 - 0x00007ff86abe7000 	C:\Users\User\.gradle\native\8bec1ad78214c89d9ad589b4d07fe93259594b29d510b10fafb7a158f7737e5d\windows-amd64\native-platform.dll
0x00007ff84e140000 - 0x00007ff84e27d000 	C:\Users\User\.gradle\native\53dbd7edfb1c66fb8903c78663c9afc45aea4f116125fa6feffd364cf09443e8\windows-amd64\native-platform-file-events.dll
0x00007ff87d440000 - 0x00007ff87d44a000 	C:\Program Files\Android\Android Studio\jre\bin\management.dll
0x00007ff87c520000 - 0x00007ff87c52c000 	C:\Program Files\Android\Android Studio\jre\bin\management_ext.dll
0x00007ff880680000 - 0x00007ff880698000 	C:\Windows\SYSTEM32\CRYPTSP.dll
0x00007ff87fe10000 - 0x00007ff87fe44000 	C:\Windows\system32\rsaenh.dll
0x00007ff880eb0000 - 0x00007ff880ed7000 	C:\Windows\System32\bcrypt.dll
0x00007ff880c70000 - 0x00007ff880c9e000 	C:\Windows\SYSTEM32\USERENV.dll
0x00007ff8806a0000 - 0x00007ff8806ac000 	C:\Windows\SYSTEM32\CRYPTBASE.dll
0x00007ff880180000 - 0x00007ff8801bb000 	C:\Windows\SYSTEM32\IPHLPAPI.DLL
0x00007ff883360000 - 0x00007ff883368000 	C:\Windows\System32\NSI.dll
0x00007ff870b50000 - 0x00007ff870b67000 	C:\Windows\SYSTEM32\dhcpcsvc6.DLL
0x00007ff870b30000 - 0x00007ff870b4d000 	C:\Windows\SYSTEM32\dhcpcsvc.DLL
0x00007ff8801c0000 - 0x00007ff88028c000 	C:\Windows\SYSTEM32\DNSAPI.dll

dbghelp: loaded successfully - version: 4.0.5 - missing functions: none
symbol engine: initialized successfully - sym options: 0x614 - pdb path: .;C:\Program Files\Android\Android Studio\jre\bin;C:\Windows\SYSTEM32;C:\Program Files\Avast Software\Avast;C:\Windows\WinSxS\amd64_microsoft.windows.common-controls_6595b64144ccf1df_6.0.19041.1110_none_60b5254171f9507e;C:\Program Files\Android\Android Studio\jre\bin\server;C:\Users\User\.gradle\native\8bec1ad78214c89d9ad589b4d07fe93259594b29d510b10fafb7a158f7737e5d\windows-amd64;C:\Users\User\.gradle\native\53dbd7edfb1c66fb8903c78663c9afc45aea4f116125fa6feffd364cf09443e8\windows-amd64

VM Arguments:
jvm_args: --add-opens=java.base/java.util=ALL-UNNAMED --add-opens=java.base/java.lang=ALL-UNNAMED --add-opens=java.base/java.lang.invoke=ALL-UNNAMED --add-opens=java.base/java.util=ALL-UNNAMED --add-opens=java.prefs/java.util.prefs=ALL-UNNAMED --add-opens=java.prefs/java.util.prefs=ALL-UNNAMED --add-opens=java.base/java.nio.charset=ALL-UNNAMED --add-opens=java.base/java.net=ALL-UNNAMED --add-opens=java.base/java.util.concurrent.atomic=ALL-UNNAMED -Xmx2048m -Dfile.encoding=UTF-8 -Duser.country=RU -Duser.language=ru -Duser.variant 
java_command: org.gradle.launcher.daemon.bootstrap.GradleDaemon 7.0.2
java_class_path (initial): C:\Users\User\.gradle\wrapper\dists\gradle-7.0.2-bin\857tjihv64xamwrf0h14cai3r\gradle-7.0.2\lib\gradle-launcher-7.0.2.jar
Launcher Type: SUN_STANDARD

[Global flags]
     intx CICompilerCount                          = 2                                         {product} {ergonomic}
     uint ConcGCThreads                            = 1                                         {product} {ergonomic}
     uint G1ConcRefinementThreads                  = 2                                         {product} {ergonomic}
   size_t G1HeapRegionSize                         = 1048576                                   {product} {ergonomic}
    uintx GCDrainStackTargetSize                   = 64                                        {product} {ergonomic}
   size_t InitialHeapSize                          = 134217728                                 {product} {ergonomic}
   size_t MarkStackSize                            = 4194304                                   {product} {ergonomic}
   size_t MaxHeapSize                              = 2147483648                                {product} {command line}
   size_t MaxNewSize                               = 1287651328                                {product} {ergonomic}
   size_t MinHeapDeltaBytes                        = 1048576                                   {product} {ergonomic}
    uintx NonNMethodCodeHeapSize                   = 5825164                                {pd product} {ergonomic}
    uintx NonProfiledCodeHeapSize                  = 122916538                              {pd product} {ergonomic}
    uintx ProfiledCodeHeapSize                     = 122916538                              {pd product} {ergonomic}
    uintx ReservedCodeCacheSize                    = 251658240                              {pd product} {ergonomic}
     bool SegmentedCodeCache                       = true                                      {product} {ergonomic}
     bool UseCompressedClassPointers               = true                                 {lp64_product} {ergonomic}
     bool UseCompressedOops                        = true                                 {lp64_product} {ergonomic}
     bool UseG1GC                                  = true                                      {product} {ergonomic}
     bool UseLargePagesIndividualAllocation        = false                                  {pd product} {ergonomic}

Logging:
Log output configuration:
 #0: stdout all=warning uptime,level,tags
 #1: stderr all=off uptime,level,tags

Environment Variables:
PATH=C:\Program Files\Eclipse Adoptium\jdk-11.0.14.9-hotspot\bin;C:\Windows\system32;C:\Windows;C:\Windows\System32\Wbem;C:\Windows\System32\WindowsPowerShell\v1.0\;C:\Program Files\nodejs\;C:\Program Files\Git\cmd;C:\Users\User\AppData\Local\Microsoft\WindowsApps;C:\Users\User\AppData\Local\Programs\Microsoft VS Code\bin;C:\Server\bin\PHP;C:\Users\User\AppData\Roaming\npm
USERNAME=User
OS=Windows_NT
PROCESSOR_IDENTIFIER=Intel64 Family 6 Model 158 Stepping 9, GenuineIntel



---------------  S Y S T E M  ---------------

OS: Windows 10 , 64 bit Build 19041 (10.0.19041.1202)
OS uptime: 0 days 1:33 hours

CPU:total 2 (initial active 2) (2 cores per cpu, 1 threads per core) family 6 model 158 stepping 9 microcode 0xb4, cmov, cx8, fxsr, mmx, sse, sse2, sse3, ssse3, sse4.1, sse4.2, popcnt, aes, clmul, erms, 3dnowpref, lzcnt, tsc, tscinvbit

Memory: 4k page, system-wide physical 8084M (226M free)
TotalPageFile size 9108M (AvailPageFile size 92M)
current process WorkingSet (physical memory assigned to process): 517M, peak: 517M
current process commit charge ("private bytes"): 651M, peak: 742M

vm_info: OpenJDK 64-Bit Server VM (11.0.10+0-b96-7249189) for windows-amd64 JRE (11.0.10+0-b96-7249189), built on Mar 31 2021 21:44:00 by "builder" with MS VC++ 14.0 (VS2015)

END.
