#
# There is insufficient memory for the Java Runtime Environment to continue.
# Native memory allocation (malloc) failed to allocate 1129536 bytes for Chunk::new
# Possible reasons:
#   The system is out of physical RAM or swap space
#   The process is running with CompressedOops enabled, and the Java Heap may be blocking the growth of the native heap
# Possible solutions:
#   Reduce memory load on the system
#   Increase physical memory or swap space
#   Check if swap backing store is full
#   Decrease Java heap size (-Xmx/-Xms)
#   Decrease number of Java threads
#   Decrease Java thread stack sizes (-Xss)
#   Set larger code cache with -XX:ReservedCodeCacheSize=
#   JVM is running with Unscaled Compressed Oops mode in which the Java heap is
#     placed in the first 4GB address space. The Java Heap base address is the
#     maximum limit for the native heap growth. Please use -XX:HeapBaseMinAddress
#     to set the Java Heap base and to place the Java Heap above 4GB virtual address.
# This output file may be truncated or incomplete.
#
#  Out of Memory Error (./src/hotspot/share/memory/arena.cpp:197), pid=6532, tid=6608
#
# JRE version: OpenJDK Runtime Environment (11.0.10) (build 11.0.10+0-b96-7249189)
# Java VM: OpenJDK 64-Bit Server VM (11.0.10+0-b96-7249189, mixed mode, tiered, compressed oops, g1 gc, windows-amd64)
# No core dump will be written. Minidumps are not enabled by default on client versions of Windows
#

---------------  S U M M A R Y ------------

Command Line: org.jetbrains.kotlin.cli.jvm.K2JVMCompiler @C:\Users\User\AndroidStudioProjects\NMedia\app\build\20220502_14516605897150810930.compiler.options

Host: Intel(R) Celeron(R) CPU G3930 @ 2.90GHz, 2 cores, 7G,  Windows 10 , 64 bit Build 19041 (10.0.19041.1202)
Time: Mon May  2 21:35:07 2022 RTZ 2 (зима) elapsed time: 3.073074 seconds (0d 0h 0m 3s)

---------------  T H R E A D  ---------------

Current thread (0x0000018f19dc4800):  JavaThread "C2 CompilerThread0" daemon [_thread_in_native, id=6608, stack(0x00000010baf00000,0x00000010bb000000)]


Current CompileTask:
C2:   3073 2052   !   4       jdk.internal.loader.BuiltinClassLoader::loadClassOrNull (143 bytes)

Stack: [0x00000010baf00000,0x00000010bb000000]
Native frames: (J=compiled Java code, j=interpreted, Vv=VM code, C=native code)
V  [jvm.dll+0x5ecfaa]
V  [jvm.dll+0x722bd5]
V  [jvm.dll+0x72412d]
V  [jvm.dll+0x7247e3]
V  [jvm.dll+0x242928]
V  [jvm.dll+0xbc4fc]
V  [jvm.dll+0xbca0c]
V  [jvm.dll+0x2b4fd4]
V  [jvm.dll+0x506028]
V  [jvm.dll+0x203253]
V  [jvm.dll+0x1fd07c]
V  [jvm.dll+0x1fa77f]
V  [jvm.dll+0x18354c]
V  [jvm.dll+0x208ee7]
V  [jvm.dll+0x207731]
V  [jvm.dll+0x6eb1cf]
V  [jvm.dll+0x6e3d45]
V  [jvm.dll+0x5ebe96]
C  [ucrtbase.dll+0x21bb2]
C  [KERNEL32.DLL+0x17034]
C  [ntdll.dll+0x52651]


---------------  P R O C E S S  ---------------

Threads class SMR info:
_java_thread_list=0x0000018f1a885b30, length=10, elements={
0x0000018f7bf9f800, 0x0000018f19d9f800, 0x0000018f19da1800, 0x0000018f19dbd000,
0x0000018f19dbf000, 0x0000018f19dc0000, 0x0000018f19dc4800, 0x0000018f19dc6000,
0x0000018f19ddc800, 0x0000018f1a892000
}

Java Threads: ( => current thread )
  0x0000018f7bf9f800 JavaThread "main" [_thread_in_vm, id=6136, stack(0x00000010ba300000,0x00000010ba400000)]
  0x0000018f19d9f800 JavaThread "Reference Handler" daemon [_thread_blocked, id=6660, stack(0x00000010baa00000,0x00000010bab00000)]
  0x0000018f19da1800 JavaThread "Finalizer" daemon [_thread_blocked, id=6732, stack(0x00000010bab00000,0x00000010bac00000)]
  0x0000018f19dbd000 JavaThread "Signal Dispatcher" daemon [_thread_blocked, id=6924, stack(0x00000010bac00000,0x00000010bad00000)]
  0x0000018f19dbf000 JavaThread "Attach Listener" daemon [_thread_blocked, id=7740, stack(0x00000010bad00000,0x00000010bae00000)]
  0x0000018f19dc0000 JavaThread "Service Thread" daemon [_thread_blocked, id=1900, stack(0x00000010bae00000,0x00000010baf00000)]
=>0x0000018f19dc4800 JavaThread "C2 CompilerThread0" daemon [_thread_in_native, id=6608, stack(0x00000010baf00000,0x00000010bb000000)]
  0x0000018f19dc6000 JavaThread "C1 CompilerThread0" daemon [_thread_blocked, id=6184, stack(0x00000010bb000000,0x00000010bb100000)]
  0x0000018f19ddc800 JavaThread "Sweeper thread" daemon [_thread_blocked, id=5132, stack(0x00000010bb100000,0x00000010bb200000)]
  0x0000018f1a892000 JavaThread "Common-Cleaner" daemon [_thread_blocked, id=5252, stack(0x00000010bb300000,0x00000010bb400000)]

Other Threads:
  0x0000018f19d7c000 VMThread "VM Thread" [stack: 0x00000010ba900000,0x00000010baa00000] [id=7904]
  0x0000018f1a889800 WatcherThread [stack: 0x00000010bb200000,0x00000010bb300000] [id=5800]
  0x0000018f7bfb7800 GCTaskThread "GC Thread#0" [stack: 0x00000010ba400000,0x00000010ba500000] [id=5628]
  0x0000018f1a944800 GCTaskThread "GC Thread#1" [stack: 0x00000010bb400000,0x00000010bb500000] [id=7188]
  0x0000018f7bfe6000 ConcurrentGCThread "G1 Main Marker" [stack: 0x00000010ba500000,0x00000010ba600000] [id=5356]
  0x0000018f7bfe8000 ConcurrentGCThread "G1 Conc#0" [stack: 0x00000010ba600000,0x00000010ba700000] [id=2904]
  0x0000018f7c06f000 ConcurrentGCThread "G1 Refine#0" [stack: 0x00000010ba700000,0x00000010ba800000] [id=2484]
  0x0000018f7c070800 ConcurrentGCThread "G1 Young RemSet Sampling" [stack: 0x00000010ba800000,0x00000010ba900000] [id=2212]

Threads with active compile tasks:
C2 CompilerThread0   3090 2052   !   4       jdk.internal.loader.BuiltinClassLoader::loadClassOrNull (143 bytes)

VM state:not at safepoint (normal execution)

VM Mutex/Monitor currently owned by a thread: None

Heap address: 0x0000000081a00000, size: 2022 MB, Compressed Oops mode: 32-bit
Narrow klass base: 0x0000000000000000, Narrow klass shift: 3
Compressed class space size: 1073741824 Address: 0x0000000100000000

Heap:
 garbage-first heap   total 131072K, used 24608K [0x0000000081a00000, 0x0000000100000000)
  region size 1024K, 10 young (10240K), 2 survivors (2048K)
 Metaspace       used 27891K, capacity 28247K, committed 28412K, reserved 1075200K
  class space    used 3070K, capacity 3211K, committed 3328K, reserved 1048576K
Heap Regions: E=young(eden), S=young(survivor), O=old, HS=humongous(starts), HC=humongous(continues), CS=collection set, F=free, A=archive, TAMS=top-at-mark-start (previous, next)
|   0|0x0000000081a00000, 0x0000000081b00000, 0x0000000081b00000|100%|HS|  |TAMS 0x0000000081b00000, 0x0000000081a00000| Complete 
|   1|0x0000000081b00000, 0x0000000081c00000, 0x0000000081c00000|100%|HC|  |TAMS 0x0000000081c00000, 0x0000000081b00000| Complete 
|   2|0x0000000081c00000, 0x0000000081d00000, 0x0000000081d00000|100%|HC|  |TAMS 0x0000000081d00000, 0x0000000081c00000| Complete 
|   3|0x0000000081d00000, 0x0000000081e00000, 0x0000000081e00000|100%| O|  |TAMS 0x0000000081dd4000, 0x0000000081d00000| Untracked 
|   4|0x0000000081e00000, 0x0000000081f00000, 0x0000000081f00000|100%|HS|  |TAMS 0x0000000081e00000, 0x0000000081e00000| Complete 
|   5|0x0000000081f00000, 0x0000000082000000, 0x0000000082000000|100%|HC|  |TAMS 0x0000000081f00000, 0x0000000081f00000| Complete 
|   6|0x0000000082000000, 0x0000000082100000, 0x0000000082100000|100%|HC|  |TAMS 0x0000000082000000, 0x0000000082000000| Complete 
|   7|0x0000000082100000, 0x0000000082200000, 0x0000000082200000|100%|HS|  |TAMS 0x0000000082100000, 0x0000000082100000| Complete 
|   8|0x0000000082200000, 0x0000000082300000, 0x0000000082300000|100%|HC|  |TAMS 0x0000000082200000, 0x0000000082200000| Complete 
|   9|0x0000000082300000, 0x0000000082400000, 0x0000000082400000|100%|HC|  |TAMS 0x0000000082300000, 0x0000000082300000| Complete 
|  10|0x0000000082400000, 0x0000000082500000, 0x0000000082500000|100%| O|  |TAMS 0x0000000082400000, 0x0000000082400000| Untracked 
|  11|0x0000000082500000, 0x0000000082600000, 0x0000000082600000|100%| O|  |TAMS 0x0000000082500000, 0x0000000082500000| Untracked 
|  12|0x0000000082600000, 0x0000000082700000, 0x0000000082700000|100%| O|  |TAMS 0x0000000082600000, 0x0000000082600000| Untracked 
|  13|0x0000000082700000, 0x0000000082800000, 0x0000000082800000|100%| O|  |TAMS 0x0000000082700000, 0x0000000082700000| Untracked 
|  14|0x0000000082800000, 0x0000000082900000, 0x0000000082900000|100%| O|  |TAMS 0x0000000082800000, 0x0000000082800000| Untracked 
|  15|0x0000000082900000, 0x0000000082908000, 0x0000000082a00000|  3%| O|  |TAMS 0x0000000082900000, 0x0000000082900000| Untracked 
|  16|0x0000000082a00000, 0x0000000082a00000, 0x0000000082b00000|  0%| F|  |TAMS 0x0000000082a00000, 0x0000000082a00000| Untracked 
|  17|0x0000000082b00000, 0x0000000082b00000, 0x0000000082c00000|  0%| F|  |TAMS 0x0000000082b00000, 0x0000000082b00000| Untracked 
|  18|0x0000000082c00000, 0x0000000082c00000, 0x0000000082d00000|  0%| F|  |TAMS 0x0000000082c00000, 0x0000000082c00000| Untracked 
|  19|0x0000000082d00000, 0x0000000082d00000, 0x0000000082e00000|  0%| F|  |TAMS 0x0000000082d00000, 0x0000000082d00000| Untracked 
|  20|0x0000000082e00000, 0x0000000082e00000, 0x0000000082f00000|  0%| F|  |TAMS 0x0000000082e00000, 0x0000000082e00000| Untracked 
|  21|0x0000000082f00000, 0x0000000082f00000, 0x0000000083000000|  0%| F|  |TAMS 0x0000000082f00000, 0x0000000082f00000| Untracked 
|  22|0x0000000083000000, 0x0000000083000000, 0x0000000083100000|  0%| F|  |TAMS 0x0000000083000000, 0x0000000083000000| Untracked 
|  23|0x0000000083100000, 0x0000000083100000, 0x0000000083200000|  0%| F|  |TAMS 0x0000000083100000, 0x0000000083100000| Untracked 
|  24|0x0000000083200000, 0x0000000083200000, 0x0000000083300000|  0%| F|  |TAMS 0x0000000083200000, 0x0000000083200000| Untracked 
|  25|0x0000000083300000, 0x0000000083300000, 0x0000000083400000|  0%| F|  |TAMS 0x0000000083300000, 0x0000000083300000| Untracked 
|  26|0x0000000083400000, 0x0000000083400000, 0x0000000083500000|  0%| F|  |TAMS 0x0000000083400000, 0x0000000083400000| Untracked 
|  27|0x0000000083500000, 0x0000000083500000, 0x0000000083600000|  0%| F|  |TAMS 0x0000000083500000, 0x0000000083500000| Untracked 
|  28|0x0000000083600000, 0x0000000083600000, 0x0000000083700000|  0%| F|  |TAMS 0x0000000083600000, 0x0000000083600000| Untracked 
|  29|0x0000000083700000, 0x0000000083700000, 0x0000000083800000|  0%| F|  |TAMS 0x0000000083700000, 0x0000000083700000| Untracked 
|  30|0x0000000083800000, 0x0000000083800000, 0x0000000083900000|  0%| F|  |TAMS 0x0000000083800000, 0x0000000083800000| Untracked 
|  31|0x0000000083900000, 0x0000000083900000, 0x0000000083a00000|  0%| F|  |TAMS 0x0000000083900000, 0x0000000083900000| Untracked 
|  32|0x0000000083a00000, 0x0000000083a00000, 0x0000000083b00000|  0%| F|  |TAMS 0x0000000083a00000, 0x0000000083a00000| Untracked 
|  33|0x0000000083b00000, 0x0000000083b00000, 0x0000000083c00000|  0%| F|  |TAMS 0x0000000083b00000, 0x0000000083b00000| Untracked 
|  34|0x0000000083c00000, 0x0000000083c00000, 0x0000000083d00000|  0%| F|  |TAMS 0x0000000083c00000, 0x0000000083c00000| Untracked 
|  35|0x0000000083d00000, 0x0000000083d00000, 0x0000000083e00000|  0%| F|  |TAMS 0x0000000083d00000, 0x0000000083d00000| Untracked 
|  36|0x0000000083e00000, 0x0000000083e00000, 0x0000000083f00000|  0%| F|  |TAMS 0x0000000083e00000, 0x0000000083e00000| Untracked 
|  37|0x0000000083f00000, 0x0000000083f00000, 0x0000000084000000|  0%| F|  |TAMS 0x0000000083f00000, 0x0000000083f00000| Untracked 
|  38|0x0000000084000000, 0x0000000084000000, 0x0000000084100000|  0%| F|  |TAMS 0x0000000084000000, 0x0000000084000000| Untracked 
|  39|0x0000000084100000, 0x0000000084100000, 0x0000000084200000|  0%| F|  |TAMS 0x0000000084100000, 0x0000000084100000| Untracked 
|  40|0x0000000084200000, 0x0000000084200000, 0x0000000084300000|  0%| F|  |TAMS 0x0000000084200000, 0x0000000084200000| Untracked 
|  41|0x0000000084300000, 0x0000000084300000, 0x0000000084400000|  0%| F|  |TAMS 0x0000000084300000, 0x0000000084300000| Untracked 
|  42|0x0000000084400000, 0x0000000084400000, 0x0000000084500000|  0%| F|  |TAMS 0x0000000084400000, 0x0000000084400000| Untracked 
|  43|0x0000000084500000, 0x0000000084500000, 0x0000000084600000|  0%| F|  |TAMS 0x0000000084500000, 0x0000000084500000| Untracked 
|  44|0x0000000084600000, 0x0000000084600000, 0x0000000084700000|  0%| F|  |TAMS 0x0000000084600000, 0x0000000084600000| Untracked 
|  45|0x0000000084700000, 0x0000000084700000, 0x0000000084800000|  0%| F|  |TAMS 0x0000000084700000, 0x0000000084700000| Untracked 
|  46|0x0000000084800000, 0x0000000084800000, 0x0000000084900000|  0%| F|  |TAMS 0x0000000084800000, 0x0000000084800000| Untracked 
|  47|0x0000000084900000, 0x0000000084900000, 0x0000000084a00000|  0%| F|  |TAMS 0x0000000084900000, 0x0000000084900000| Untracked 
|  48|0x0000000084a00000, 0x0000000084a00000, 0x0000000084b00000|  0%| F|  |TAMS 0x0000000084a00000, 0x0000000084a00000| Untracked 
|  49|0x0000000084b00000, 0x0000000084b00000, 0x0000000084c00000|  0%| F|  |TAMS 0x0000000084b00000, 0x0000000084b00000| Untracked 
|  50|0x0000000084c00000, 0x0000000084c00000, 0x0000000084d00000|  0%| F|  |TAMS 0x0000000084c00000, 0x0000000084c00000| Untracked 
|  51|0x0000000084d00000, 0x0000000084d00000, 0x0000000084e00000|  0%| F|  |TAMS 0x0000000084d00000, 0x0000000084d00000| Untracked 
|  52|0x0000000084e00000, 0x0000000084e00000, 0x0000000084f00000|  0%| F|  |TAMS 0x0000000084e00000, 0x0000000084e00000| Untracked 
|  53|0x0000000084f00000, 0x0000000084f00000, 0x0000000085000000|  0%| F|  |TAMS 0x0000000084f00000, 0x0000000084f00000| Untracked 
|  54|0x0000000085000000, 0x0000000085000000, 0x0000000085100000|  0%| F|  |TAMS 0x0000000085000000, 0x0000000085000000| Untracked 
|  55|0x0000000085100000, 0x0000000085100000, 0x0000000085200000|  0%| F|  |TAMS 0x0000000085100000, 0x0000000085100000| Untracked 
|  56|0x0000000085200000, 0x0000000085200000, 0x0000000085300000|  0%| F|  |TAMS 0x0000000085200000, 0x0000000085200000| Untracked 
|  57|0x0000000085300000, 0x0000000085300000, 0x0000000085400000|  0%| F|  |TAMS 0x0000000085300000, 0x0000000085300000| Untracked 
|  58|0x0000000085400000, 0x0000000085400000, 0x0000000085500000|  0%| F|  |TAMS 0x0000000085400000, 0x0000000085400000| Untracked 
|  59|0x0000000085500000, 0x0000000085500000, 0x0000000085600000|  0%| F|  |TAMS 0x0000000085500000, 0x0000000085500000| Untracked 
|  60|0x0000000085600000, 0x0000000085600000, 0x0000000085700000|  0%| F|  |TAMS 0x0000000085600000, 0x0000000085600000| Untracked 
|  61|0x0000000085700000, 0x0000000085700000, 0x0000000085800000|  0%| F|  |TAMS 0x0000000085700000, 0x0000000085700000| Untracked 
|  62|0x0000000085800000, 0x0000000085800000, 0x0000000085900000|  0%| F|  |TAMS 0x0000000085800000, 0x0000000085800000| Untracked 
|  63|0x0000000085900000, 0x0000000085900000, 0x0000000085a00000|  0%| F|  |TAMS 0x0000000085900000, 0x0000000085900000| Untracked 
|  64|0x0000000085a00000, 0x0000000085a00000, 0x0000000085b00000|  0%| F|  |TAMS 0x0000000085a00000, 0x0000000085a00000| Untracked 
|  65|0x0000000085b00000, 0x0000000085b00000, 0x0000000085c00000|  0%| F|  |TAMS 0x0000000085b00000, 0x0000000085b00000| Untracked 
|  66|0x0000000085c00000, 0x0000000085c00000, 0x0000000085d00000|  0%| F|  |TAMS 0x0000000085c00000, 0x0000000085c00000| Untracked 
|  67|0x0000000085d00000, 0x0000000085d00000, 0x0000000085e00000|  0%| F|  |TAMS 0x0000000085d00000, 0x0000000085d00000| Untracked 
|  68|0x0000000085e00000, 0x0000000085e00000, 0x0000000085f00000|  0%| F|  |TAMS 0x0000000085e00000, 0x0000000085e00000| Untracked 
|  69|0x0000000085f00000, 0x0000000085f00000, 0x0000000086000000|  0%| F|  |TAMS 0x0000000085f00000, 0x0000000085f00000| Untracked 
|  70|0x0000000086000000, 0x0000000086000000, 0x0000000086100000|  0%| F|  |TAMS 0x0000000086000000, 0x0000000086000000| Untracked 
|  71|0x0000000086100000, 0x0000000086100000, 0x0000000086200000|  0%| F|  |TAMS 0x0000000086100000, 0x0000000086100000| Untracked 
|  72|0x0000000086200000, 0x0000000086200000, 0x0000000086300000|  0%| F|  |TAMS 0x0000000086200000, 0x0000000086200000| Untracked 
|  73|0x0000000086300000, 0x0000000086300000, 0x0000000086400000|  0%| F|  |TAMS 0x0000000086300000, 0x0000000086300000| Untracked 
|  74|0x0000000086400000, 0x0000000086400000, 0x0000000086500000|  0%| F|  |TAMS 0x0000000086400000, 0x0000000086400000| Untracked 
|  75|0x0000000086500000, 0x0000000086500000, 0x0000000086600000|  0%| F|  |TAMS 0x0000000086500000, 0x0000000086500000| Untracked 
|  76|0x0000000086600000, 0x0000000086600000, 0x0000000086700000|  0%| F|  |TAMS 0x0000000086600000, 0x0000000086600000| Untracked 
|  77|0x0000000086700000, 0x0000000086700000, 0x0000000086800000|  0%| F|  |TAMS 0x0000000086700000, 0x0000000086700000| Untracked 
|  78|0x0000000086800000, 0x0000000086800000, 0x0000000086900000|  0%| F|  |TAMS 0x0000000086800000, 0x0000000086800000| Untracked 
|  79|0x0000000086900000, 0x0000000086900000, 0x0000000086a00000|  0%| F|  |TAMS 0x0000000086900000, 0x0000000086900000| Untracked 
|  80|0x0000000086a00000, 0x0000000086a00000, 0x0000000086b00000|  0%| F|  |TAMS 0x0000000086a00000, 0x0000000086a00000| Untracked 
|  81|0x0000000086b00000, 0x0000000086b00000, 0x0000000086c00000|  0%| F|  |TAMS 0x0000000086b00000, 0x0000000086b00000| Untracked 
|  82|0x0000000086c00000, 0x0000000086c00000, 0x0000000086d00000|  0%| F|  |TAMS 0x0000000086c00000, 0x0000000086c00000| Untracked 
|  83|0x0000000086d00000, 0x0000000086d00000, 0x0000000086e00000|  0%| F|  |TAMS 0x0000000086d00000, 0x0000000086d00000| Untracked 
|  84|0x0000000086e00000, 0x0000000086e00000, 0x0000000086f00000|  0%| F|  |TAMS 0x0000000086e00000, 0x0000000086e00000| Untracked 
|  85|0x0000000086f00000, 0x0000000086f00000, 0x0000000087000000|  0%| F|  |TAMS 0x0000000086f00000, 0x0000000086f00000| Untracked 
|  86|0x0000000087000000, 0x0000000087000000, 0x0000000087100000|  0%| F|  |TAMS 0x0000000087000000, 0x0000000087000000| Untracked 
|  87|0x0000000087100000, 0x0000000087100000, 0x0000000087200000|  0%| F|  |TAMS 0x0000000087100000, 0x0000000087100000| Untracked 
|  88|0x0000000087200000, 0x0000000087200000, 0x0000000087300000|  0%| F|  |TAMS 0x0000000087200000, 0x0000000087200000| Untracked 
|  89|0x0000000087300000, 0x0000000087300000, 0x0000000087400000|  0%| F|  |TAMS 0x0000000087300000, 0x0000000087300000| Untracked 
|  90|0x0000000087400000, 0x0000000087400000, 0x0000000087500000|  0%| F|  |TAMS 0x0000000087400000, 0x0000000087400000| Untracked 
|  91|0x0000000087500000, 0x0000000087500000, 0x0000000087600000|  0%| F|  |TAMS 0x0000000087500000, 0x0000000087500000| Untracked 
|  92|0x0000000087600000, 0x0000000087600000, 0x0000000087700000|  0%| F|  |TAMS 0x0000000087600000, 0x0000000087600000| Untracked 
|  93|0x0000000087700000, 0x0000000087700000, 0x0000000087800000|  0%| F|  |TAMS 0x0000000087700000, 0x0000000087700000| Untracked 
|  94|0x0000000087800000, 0x0000000087800000, 0x0000000087900000|  0%| F|  |TAMS 0x0000000087800000, 0x0000000087800000| Untracked 
|  95|0x0000000087900000, 0x0000000087900000, 0x0000000087a00000|  0%| F|  |TAMS 0x0000000087900000, 0x0000000087900000| Untracked 
|  96|0x0000000087a00000, 0x0000000087a00000, 0x0000000087b00000|  0%| F|  |TAMS 0x0000000087a00000, 0x0000000087a00000| Untracked 
|  97|0x0000000087b00000, 0x0000000087b00000, 0x0000000087c00000|  0%| F|  |TAMS 0x0000000087b00000, 0x0000000087b00000| Untracked 
|  98|0x0000000087c00000, 0x0000000087c00000, 0x0000000087d00000|  0%| F|  |TAMS 0x0000000087c00000, 0x0000000087c00000| Untracked 
|  99|0x0000000087d00000, 0x0000000087d00000, 0x0000000087e00000|  0%| F|  |TAMS 0x0000000087d00000, 0x0000000087d00000| Untracked 
| 100|0x0000000087e00000, 0x0000000087e00000, 0x0000000087f00000|  0%| F|  |TAMS 0x0000000087e00000, 0x0000000087e00000| Untracked 
| 101|0x0000000087f00000, 0x0000000087f00000, 0x0000000088000000|  0%| F|  |TAMS 0x0000000087f00000, 0x0000000087f00000| Untracked 
| 102|0x0000000088000000, 0x0000000088000000, 0x0000000088100000|  0%| F|  |TAMS 0x0000000088000000, 0x0000000088000000| Untracked 
| 103|0x0000000088100000, 0x0000000088100000, 0x0000000088200000|  0%| F|  |TAMS 0x0000000088100000, 0x0000000088100000| Untracked 
| 104|0x0000000088200000, 0x0000000088200000, 0x0000000088300000|  0%| F|  |TAMS 0x0000000088200000, 0x0000000088200000| Untracked 
| 105|0x0000000088300000, 0x0000000088300000, 0x0000000088400000|  0%| F|  |TAMS 0x0000000088300000, 0x0000000088300000| Untracked 
| 106|0x0000000088400000, 0x0000000088400000, 0x0000000088500000|  0%| F|  |TAMS 0x0000000088400000, 0x0000000088400000| Untracked 
| 107|0x0000000088500000, 0x0000000088500000, 0x0000000088600000|  0%| F|  |TAMS 0x0000000088500000, 0x0000000088500000| Untracked 
| 108|0x0000000088600000, 0x0000000088700000, 0x0000000088700000|100%| S|CS|TAMS 0x0000000088600000, 0x0000000088600000| Complete 
| 109|0x0000000088700000, 0x0000000088800000, 0x0000000088800000|100%| S|CS|TAMS 0x0000000088700000, 0x0000000088700000| Complete 
| 110|0x0000000088800000, 0x0000000088800000, 0x0000000088900000|  0%| F|  |TAMS 0x0000000088800000, 0x0000000088800000| Untracked 
| 111|0x0000000088900000, 0x0000000088900000, 0x0000000088a00000|  0%| F|  |TAMS 0x0000000088900000, 0x0000000088900000| Untracked 
| 112|0x0000000088a00000, 0x0000000088a00000, 0x0000000088b00000|  0%| F|  |TAMS 0x0000000088a00000, 0x0000000088a00000| Untracked 
| 113|0x0000000088b00000, 0x0000000088b00000, 0x0000000088c00000|  0%| F|  |TAMS 0x0000000088b00000, 0x0000000088b00000| Untracked 
| 114|0x0000000088c00000, 0x0000000088c00000, 0x0000000088d00000|  0%| F|  |TAMS 0x0000000088c00000, 0x0000000088c00000| Untracked 
| 115|0x0000000088d00000, 0x0000000088d00000, 0x0000000088e00000|  0%| F|  |TAMS 0x0000000088d00000, 0x0000000088d00000| Untracked 
| 116|0x0000000088e00000, 0x0000000088e00000, 0x0000000088f00000|  0%| F|  |TAMS 0x0000000088e00000, 0x0000000088e00000| Untracked 
| 117|0x0000000088f00000, 0x0000000088f00000, 0x0000000089000000|  0%| F|  |TAMS 0x0000000088f00000, 0x0000000088f00000| Untracked 
| 118|0x0000000089000000, 0x0000000089000000, 0x0000000089100000|  0%| F|  |TAMS 0x0000000089000000, 0x0000000089000000| Untracked 
| 119|0x0000000089100000, 0x0000000089100000, 0x0000000089200000|  0%| F|  |TAMS 0x0000000089100000, 0x0000000089100000| Untracked 
| 120|0x0000000089200000, 0x0000000089281db0, 0x0000000089300000| 50%| E|  |TAMS 0x0000000089200000, 0x0000000089200000| Complete 
| 121|0x0000000089300000, 0x0000000089400000, 0x0000000089400000|100%| E|CS|TAMS 0x0000000089300000, 0x0000000089300000| Complete 
| 122|0x0000000089400000, 0x0000000089500000, 0x0000000089500000|100%| E|CS|TAMS 0x0000000089400000, 0x0000000089400000| Complete 
| 123|0x0000000089500000, 0x0000000089600000, 0x0000000089600000|100%| E|CS|TAMS 0x0000000089500000, 0x0000000089500000| Complete 
| 124|0x0000000089600000, 0x0000000089700000, 0x0000000089700000|100%| E|CS|TAMS 0x0000000089600000, 0x0000000089600000| Complete 
| 125|0x0000000089700000, 0x0000000089800000, 0x0000000089800000|100%| E|CS|TAMS 0x0000000089700000, 0x0000000089700000| Complete 
| 126|0x0000000089800000, 0x0000000089900000, 0x0000000089900000|100%| E|CS|TAMS 0x0000000089800000, 0x0000000089800000| Complete 
| 127|0x0000000089900000, 0x0000000089a00000, 0x0000000089a00000|100%| E|CS|TAMS 0x0000000089900000, 0x0000000089900000| Complete 

Card table byte_map: [0x0000018f13240000,0x0000018f13640000] _byte_map_base: 0x0000018f12e33000

Marking Bits (Prev, Next): (CMBitMap*) 0x0000018f7bfdd500, (CMBitMap*) 0x0000018f7bfdd4c8
 Prev Bits: [0x0000018f159e0000, 0x0000018f17978000)
 Next Bits: [0x0000018f13a40000, 0x0000018f159d8000)

Polling page: 0x0000018f00000000

Metaspace:

Usage:
  Non-class:     24.51 MB capacity,    24.27 MB (>99%) used,   206.08 KB ( <1%) free+waste,    42.31 KB ( <1%) overhead. 
      Class:      3.14 MB capacity,     3.01 MB ( 96%) used,   111.05 KB (  3%) free+waste,    19.06 KB ( <1%) overhead. 
       Both:     27.65 MB capacity,    27.28 MB ( 99%) used,   317.13 KB (  1%) free+waste,    61.38 KB ( <1%) overhead. 

Virtual space:
  Non-class space:       26.00 MB reserved,      24.75 MB ( 95%) committed 
      Class space:        1.00 GB reserved,       3.25 MB ( <1%) committed 
             Both:        1.03 GB reserved,      28.00 MB (  3%) committed 

Chunk freelists:
   Non-Class:  48.00 KB
       Class:  21.00 KB
        Both:  69.00 KB

MaxMetaspaceSize: 17179869184.00 GB
CompressedClassSpaceSize: 1.00 GB

CodeHeap 'non-profiled nmethods': size=120064Kb used=621Kb max_used=621Kb free=119443Kb
 bounds [0x0000018f0b4f0000, 0x0000018f0b760000, 0x0000018f12a30000]
CodeHeap 'profiled nmethods': size=120000Kb used=4237Kb max_used=4237Kb free=115762Kb
 bounds [0x0000018f03fc0000, 0x0000018f043f0000, 0x0000018f0b4f0000]
CodeHeap 'non-nmethods': size=5696Kb used=1148Kb max_used=1159Kb free=4547Kb
 bounds [0x0000018f03a30000, 0x0000018f03ca0000, 0x0000018f03fc0000]
 total_blobs=2569 nmethods=2072 adapters=409
 compilation: enabled
              stopped_count=0, restarted_count=0
 full_count=0

Compilation events (20 events):
Event: 2.998 Thread 0x0000018f19dc6000 2060       3       java.lang.invoke.AbstractValidatingLambdaMetafactory::isAdaptableTo (126 bytes)
Event: 2.999 Thread 0x0000018f19dc6000 nmethod 2060 0x0000018f043dd290 code [0x0000018f043dd520, 0x0000018f043ddec8]
Event: 3.001 Thread 0x0000018f19dc6000 2061       3       java.lang.invoke.BoundMethodHandle::<init> (32 bytes)
Event: 3.001 Thread 0x0000018f19dc6000 nmethod 2061 0x0000018f043de290 code [0x0000018f043de440, 0x0000018f043de588]
Event: 3.004 Thread 0x0000018f19dc6000 2063       1       java.lang.invoke.MethodHandleNatives::isPullModeBSM (2 bytes)
Event: 3.004 Thread 0x0000018f19dc6000 nmethod 2063 0x0000018f0b58a310 code [0x0000018f0b58a4c0, 0x0000018f0b58a558]
Event: 3.004 Thread 0x0000018f19dc6000 2064       3       java.lang.invoke.ConstantCallSite::getTarget (20 bytes)
Event: 3.004 Thread 0x0000018f19dc6000 nmethod 2064 0x0000018f043de610 code [0x0000018f043de7e0, 0x0000018f043de9e8]
Event: 3.020 Thread 0x0000018f19dc6000 2068       1       java.io.File::getPath (5 bytes)
Event: 3.020 Thread 0x0000018f19dc6000 nmethod 2068 0x0000018f0b58ac10 code [0x0000018f0b58adc0, 0x0000018f0b58ae78]
Event: 3.022 Thread 0x0000018f19dc6000 2070  s    2       java.io.ByteArrayOutputStream::write (32 bytes)
Event: 3.023 Thread 0x0000018f19dc6000 nmethod 2070 0x0000018f043deb10 code [0x0000018f043dece0, 0x0000018f043defc8]
Event: 3.023 Thread 0x0000018f19dc6000 2071       3       java.lang.reflect.ProxyGenerator$ConstantPool$ValueEntry::write (190 bytes)
Event: 3.025 Thread 0x0000018f19dc6000 nmethod 2071 0x0000018f043df110 code [0x0000018f043df580, 0x0000018f043e1a08]
Event: 3.025 Thread 0x0000018f19dc6000 2072  s    3       java.io.DataOutputStream::write (16 bytes)
Event: 3.025 Thread 0x0000018f19dc6000 nmethod 2072 0x0000018f043e2390 code [0x0000018f043e2560, 0x0000018f043e2948]
Event: 3.025 Thread 0x0000018f19dc6000 2073  s    3       java.io.ByteArrayOutputStream::write (43 bytes)
Event: 3.025 Thread 0x0000018f19dc6000 nmethod 2073 0x0000018f043e2a90 code [0x0000018f043e2ca0, 0x0000018f043e3288]
Event: 3.026 Thread 0x0000018f19dc6000 2074       1       java.lang.reflect.Constructor::getRoot (5 bytes)
Event: 3.027 Thread 0x0000018f19dc6000 nmethod 2074 0x0000018f0b58af10 code [0x0000018f0b58b0c0, 0x0000018f0b58b178]

GC Heap History (6 events):
Event: 0.328 GC heap before
{Heap before GC invocations=0 (full 0):
 garbage-first heap   total 131072K, used 9216K [0x0000000081a00000, 0x0000000100000000)
  region size 1024K, 7 young (7168K), 0 survivors (0K)
 Metaspace       used 6951K, capacity 7052K, committed 7296K, reserved 1056768K
  class space    used 594K, capacity 627K, committed 640K, reserved 1048576K
}
Event: 0.330 GC heap after
{Heap after GC invocations=1 (full 0):
 garbage-first heap   total 131072K, used 4944K [0x0000000081a00000, 0x0000000100000000)
  region size 1024K, 1 young (1024K), 1 survivors (1024K)
 Metaspace       used 6951K, capacity 7052K, committed 7296K, reserved 1056768K
  class space    used 594K, capacity 627K, committed 640K, reserved 1048576K
}
Event: 1.547 GC heap before
{Heap before GC invocations=1 (full 0):
 garbage-first heap   total 131072K, used 59216K [0x0000000081a00000, 0x0000000100000000)
  region size 1024K, 54 young (55296K), 1 survivors (1024K)
 Metaspace       used 21008K, capacity 21166K, committed 21248K, reserved 1069056K
  class space    used 2220K, capacity 2286K, committed 2304K, reserved 1048576K
}
Event: 1.560 GC heap after
{Heap after GC invocations=2 (full 0):
 garbage-first heap   total 131072K, used 9488K [0x0000000081a00000, 0x0000000100000000)
  region size 1024K, 6 young (6144K), 6 survivors (6144K)
 Metaspace       used 21008K, capacity 21166K, committed 21248K, reserved 1069056K
  class space    used 2220K, capacity 2286K, committed 2304K, reserved 1048576K
}
Event: 2.878 GC heap before
{Heap before GC invocations=3 (full 0):
 garbage-first heap   total 131072K, used 34064K [0x0000000081a00000, 0x0000000100000000)
  region size 1024K, 24 young (24576K), 6 survivors (6144K)
 Metaspace       used 25521K, capacity 25860K, committed 26108K, reserved 1073152K
  class space    used 2689K, capacity 2812K, committed 2816K, reserved 1048576K
}
Event: 2.890 GC heap after
{Heap after GC invocations=4 (full 0):
 garbage-first heap   total 131072K, used 17440K [0x0000000081a00000, 0x0000000100000000)
  region size 1024K, 2 young (2048K), 2 survivors (2048K)
 Metaspace       used 25521K, capacity 25860K, committed 26108K, reserved 1073152K
  class space    used 2689K, capacity 2812K, committed 2816K, reserved 1048576K
}

Deoptimization events (20 events):
Event: 2.791 Thread 0x0000018f7bf9f800 Uncommon trap: trap_request=0xffffffde fr.pc=0x0000018f0b53b20c relative=0x0000000000000d8c
Event: 2.791 Thread 0x0000018f7bf9f800 Uncommon trap: reason=class_check action=maybe_recompile pc=0x0000018f0b53b20c method=java.util.zip.ZipFile.getZipEntry(Ljava/lang/String;[BILjava/util/function/Function;)Ljava/util/zip/ZipEntry; @ 108 c2
Event: 2.791 Thread 0x0000018f7bf9f800 DEOPT PACKING pc=0x0000018f0b53b20c sp=0x00000010ba3fe790
Event: 2.791 Thread 0x0000018f7bf9f800 DEOPT UNPACKING pc=0x0000018f03a56ca9 sp=0x00000010ba3fe6a0 mode 2
Event: 2.792 Thread 0x0000018f7bf9f800 Uncommon trap: trap_request=0xffffff4d fr.pc=0x0000018f0b573568 relative=0x0000000000000148
Event: 2.792 Thread 0x0000018f7bf9f800 Uncommon trap: reason=unstable_if action=reinterpret pc=0x0000018f0b573568 method=java.util.Arrays.hashCode([B)I @ 1 c2
Event: 2.792 Thread 0x0000018f7bf9f800 DEOPT PACKING pc=0x0000018f0b573568 sp=0x00000010ba3fe460
Event: 2.792 Thread 0x0000018f7bf9f800 DEOPT UNPACKING pc=0x0000018f03a56ca9 sp=0x00000010ba3fe3d0 mode 2
Event: 2.794 Thread 0x0000018f7bf9f800 Uncommon trap: trap_request=0xffffff4d fr.pc=0x0000018f0b574c74 relative=0x00000000000000d4
Event: 2.794 Thread 0x0000018f7bf9f800 Uncommon trap: reason=unstable_if action=reinterpret pc=0x0000018f0b574c74 method=jdk.nio.zipfs.ZipConstants.pkSigAt([BIII)Z @ 5 c2
Event: 2.794 Thread 0x0000018f7bf9f800 DEOPT PACKING pc=0x0000018f0b574c74 sp=0x00000010ba3fe2c0
Event: 2.794 Thread 0x0000018f7bf9f800 DEOPT UNPACKING pc=0x0000018f03a56ca9 sp=0x00000010ba3fe268 mode 2
Event: 2.819 Thread 0x0000018f7bf9f800 Uncommon trap: trap_request=0xffffff6e fr.pc=0x0000018f0b569208 relative=0x00000000000012c8
Event: 2.819 Thread 0x0000018f7bf9f800 Uncommon trap: reason=speculate_class_check action=maybe_recompile pc=0x0000018f0b569208 method=java.util.zip.InflaterInputStream.read([BII)I @ 100 c2
Event: 2.819 Thread 0x0000018f7bf9f800 DEOPT PACKING pc=0x0000018f0b569208 sp=0x00000010ba3fe470
Event: 2.819 Thread 0x0000018f7bf9f800 DEOPT UNPACKING pc=0x0000018f03a56ca9 sp=0x00000010ba3fe4d0 mode 2
Event: 2.927 Thread 0x0000018f7bf9f800 Uncommon trap: trap_request=0xffffff4d fr.pc=0x0000018f0b5647dc relative=0x00000000000001bc
Event: 2.927 Thread 0x0000018f7bf9f800 Uncommon trap: reason=unstable_if action=reinterpret pc=0x0000018f0b5647dc method=java.lang.String.startsWith(Ljava/lang/String;I)Z @ 1 c2
Event: 2.927 Thread 0x0000018f7bf9f800 DEOPT PACKING pc=0x0000018f0b5647dc sp=0x00000010ba3fddd0
Event: 2.927 Thread 0x0000018f7bf9f800 DEOPT UNPACKING pc=0x0000018f03a56ca9 sp=0x00000010ba3fdd40 mode 2

Classes redefined (0 events):
No events

Internal exceptions (18 events):
Event: 1.280 Thread 0x0000018f7bf9f800 Exception <a 'java/lang/NoSuchMethodError'{0x0000000087209a80}: 'int java.lang.invoke.DirectMethodHandle$Holder.invokeSpecialIFC(java.lang.Object, java.lang.Object, int)'> (0x0000000087209a80) thrown at [./src/hotspot/share/interpreter/linkResolver.cpp, line 773]
Event: 1.442 Thread 0x0000018f7bf9f800 Exception <a 'java/lang/NoSuchMethodError'{0x0000000086a417d8}: 'java.lang.Object java.lang.invoke.DirectMethodHandle$Holder.invokeStaticInit(java.lang.Object, int)'> (0x0000000086a417d8) thrown at [./src/hotspot/share/interpreter/linkResolver.cpp, line 773]
Event: 1.468 Thread 0x0000018f7bf9f800 Exception <a 'java/lang/NoSuchMethodError'{0x00000000869d6548}: 'long java.lang.invoke.DirectMethodHandle$Holder.invokeStatic(java.lang.Object)'> (0x00000000869d6548) thrown at [./src/hotspot/share/interpreter/linkResolver.cpp, line 773]
Event: 1.469 Thread 0x0000018f7bf9f800 Exception <a 'java/lang/NoSuchMethodError'{0x00000000869d93a0}: 'long java.lang.invoke.DirectMethodHandle$Holder.invokeStaticInit(java.lang.Object)'> (0x00000000869d93a0) thrown at [./src/hotspot/share/interpreter/linkResolver.cpp, line 773]
Event: 1.525 Thread 0x0000018f7bf9f800 Exception <a 'java/lang/NoSuchMethodError'{0x00000000865439c0}: 'int java.lang.invoke.DirectMethodHandle$Holder.invokeStaticInit(java.lang.Object, java.lang.Object, java.lang.Object)'> (0x00000000865439c0) thrown at [./src/hotspot/share/interpreter/linkResolver.cpp, line 773]
Event: 1.529 Thread 0x0000018f7bf9f800 Exception <a 'java/lang/NoSuchMethodError'{0x000000008656f080}: 'int java.lang.invoke.DirectMethodHandle$Holder.invokeStaticInit(java.lang.Object, java.lang.Object)'> (0x000000008656f080) thrown at [./src/hotspot/share/interpreter/linkResolver.cpp, line 773]
Event: 2.730 Thread 0x0000018f7bf9f800 Exception <a 'java/lang/NoSuchMethodError'{0x00000000891dddb8}: 'java.lang.Object java.lang.invoke.DirectMethodHandle$Holder.invokeStatic(java.lang.Object, java.lang.Object, java.lang.Object, java.lang.Object, java.lang.Object, java.lang.Object, java.lang.Object, java.lang.Object, java.lang.Object, java.lang.Object, java.lang.Object, java.lang.Object, java.lang.Object, java.lang.Object, java.lang.Object)'> (0x00000000891dddb8) thrown at [./src/hotspot/share/interpreter/linkResolver.cpp, line 773]
Event: 2.734 Thread 0x0000018f7bf9f800 Exception <a 'java/lang/NoSuchMethodError'{0x00000000891ec158}: 'java.lang.Object java.lang.invoke.DirectMethodHandle$Holder.invokeStatic(java.lang.Object, java.lang.Object, java.lang.Object, java.lang.Object, java.lang.Object, java.lang.Object, java.lang.Object, java.lang.Object, java.lang.Object, java.lang.Object, java.lang.Object, java.lang.Object, java.lang.Object, java.lang.Object, java.lang.Object, java.lang.Object)'> (0x00000000891ec158) thrown at [./src/hotspot/share/interpreter/linkResolver.cpp, l
Event: 2.744 Thread 0x0000018f7bf9f800 Exception <a 'java/lang/NoSuchMethodError'{0x00000000891fa070}: 'java.lang.Object java.lang.invoke.DirectMethodHandle$Holder.invokeSpecial(java.lang.Object, java.lang.Object, int, int, java.lang.Object, java.lang.Object, java.lang.Object)'> (0x00000000891fa070) thrown at [./src/hotspot/share/interpreter/linkResolver.cpp, line 773]
Event: 2.745 Thread 0x0000018f7bf9f800 Exception <a 'java/lang/NoSuchMethodError'{0x00000000891fd8a8}: 'java.lang.Object java.lang.invoke.DelegatingMethodHandle$Holder.reinvoke_L(java.lang.Object, int, int, java.lang.Object, java.lang.Object, java.lang.Object)'> (0x00000000891fd8a8) thrown at [./src/hotspot/share/interpreter/linkResolver.cpp, line 773]
Event: 2.746 Thread 0x0000018f7bf9f800 Exception <a 'java/lang/NoSuchMethodError'{0x00000000890020e0}: 'java.lang.Object java.lang.invoke.DirectMethodHandle$Holder.invokeStatic(java.lang.Object, java.lang.Object, java.lang.Object, java.lang.Object, int)'> (0x00000000890020e0) thrown at [./src/hotspot/share/interpreter/linkResolver.cpp, line 773]
Event: 2.792 Thread 0x0000018f7bf9f800 Implicit null exception at 0x0000018f0b57342c to 0x0000018f0b57355a
Event: 2.824 Thread 0x0000018f7bf9f800 Exception <a 'java/lang/NoSuchMethodError'{0x0000000088b7e920}: 'void java.lang.invoke.DirectMethodHandle$Holder.invokeStatic(java.lang.Object, java.lang.Object, java.lang.Object, java.lang.Object)'> (0x0000000088b7e920) thrown at [./src/hotspot/share/interpreter/linkResolver.cpp, line 773]
Event: 2.848 Thread 0x0000018f7bf9f800 Exception <a 'java/lang/NoSuchMethodError'{0x0000000088acced0}: 'void java.lang.invoke.DirectMethodHandle$Holder.invokeSpecial(java.lang.Object, java.lang.Object)'> (0x0000000088acced0) thrown at [./src/hotspot/share/interpreter/linkResolver.cpp, line 773]
Event: 2.898 Thread 0x0000018f7bf9f800 Exception <a 'java/lang/NoSuchMethodError'{0x0000000089975420}: 'void java.lang.invoke.DirectMethodHandle$Holder.invokeStaticInit(java.lang.Object, java.lang.Object)'> (0x0000000089975420) thrown at [./src/hotspot/share/interpreter/linkResolver.cpp, line 773]
Event: 2.909 Thread 0x0000018f7bf9f800 Exception <a 'java/lang/NoSuchMethodError'{0x00000000899b3b90}: 'void java.lang.invoke.DirectMethodHandle$Holder.invokeInterface(java.lang.Object, java.lang.Object)'> (0x00000000899b3b90) thrown at [./src/hotspot/share/interpreter/linkResolver.cpp, line 773]
Event: 3.003 Thread 0x0000018f7bf9f800 Exception <a 'java/lang/NoSuchMethodError'{0x00000000895ce3e0}: 'void java.lang.invoke.DirectMethodHandle$Holder.invokeVirtual(java.lang.Object, java.lang.Object)'> (0x00000000895ce3e0) thrown at [./src/hotspot/share/interpreter/linkResolver.cpp, line 773]
Event: 3.014 Thread 0x0000018f7bf9f800 Exception <a 'java/lang/NoSuchMethodError'{0x0000000089446040}: 'int java.lang.invoke.DirectMethodHandle$Holder.invokeVirtual(java.lang.Object, java.lang.Object)'> (0x0000000089446040) thrown at [./src/hotspot/share/interpreter/linkResolver.cpp, line 773]

Events (20 events):
Event: 3.066 loading class org/jetbrains/kotlin/psi/KtElementImplStub
Event: 3.066 loading class org/jetbrains/kotlin/psi/KtElementImplStub done
Event: 3.066 loading class org/jetbrains/kotlin/psi/stubs/elements/KtStubElementType
Event: 3.066 loading class org/jetbrains/kotlin/psi/stubs/elements/KtStubElementType done
Event: 3.067 loading class org/jetbrains/kotlin/psi/stubs/elements/KtFunctionElementType
Event: 3.067 loading class org/jetbrains/kotlin/psi/stubs/elements/KtFunctionElementType done
Event: 3.067 loading class org/jetbrains/kotlin/psi/stubs/KotlinFunctionStub
Event: 3.067 loading class org/jetbrains/kotlin/psi/stubs/KotlinFunctionStub done
Event: 3.067 loading class org/jetbrains/kotlin/psi/stubs/KotlinCallableStubBase
Event: 3.067 loading class org/jetbrains/kotlin/psi/stubs/KotlinCallableStubBase done
Event: 3.067 loading class org/jetbrains/kotlin/psi/KtNamedFunction
Event: 3.067 loading class org/jetbrains/kotlin/psi/KtNamedFunction done
Event: 3.068 loading class org/jetbrains/kotlin/psi/KtDeclarationWithInitializer
Event: 3.068 loading class org/jetbrains/kotlin/psi/KtDeclarationWithInitializer done
Event: 3.069 loading class org/jetbrains/kotlin/psi/KtFunction
Event: 3.069 loading class org/jetbrains/kotlin/psi/KtFunction done
Event: 3.069 loading class org/jetbrains/kotlin/psi/KtCallableDeclaration
Event: 3.069 loading class org/jetbrains/kotlin/psi/KtCallableDeclaration done
Event: 3.070 loading class org/jetbrains/kotlin/psi/KtDeclarationWithBody
Event: 3.070 loading class org/jetbrains/kotlin/psi/KtDeclarationWithBody done


Dynamic libraries:
0x00007ff60e770000 - 0x00007ff60e77a000 	C:\Program Files\Android\Android Studio\jre\bin\java.exe
0x00007ff883690000 - 0x00007ff883885000 	C:\Windows\SYSTEM32\ntdll.dll
0x00007ff858100000 - 0x00007ff858116000 	C:\Program Files\Avast Software\Avast\aswhook.dll
0x00007ff882f60000 - 0x00007ff88301e000 	C:\Windows\System32\KERNEL32.DLL
0x00007ff880ee0000 - 0x00007ff8811a9000 	C:\Windows\System32\KERNELBASE.dll
0x00007ff880db0000 - 0x00007ff880eb0000 	C:\Windows\System32\ucrtbase.dll
0x00007ff86c810000 - 0x00007ff86c829000 	C:\Program Files\Android\Android Studio\jre\bin\jli.dll
0x00007ff8833f0000 - 0x00007ff883591000 	C:\Windows\System32\USER32.dll
0x00007ff8812f0000 - 0x00007ff881312000 	C:\Windows\System32\win32u.dll
0x00007ff881f00000 - 0x00007ff881f2b000 	C:\Windows\System32\GDI32.dll
0x00007ff881580000 - 0x00007ff88168b000 	C:\Windows\System32\gdi32full.dll
0x00007ff881320000 - 0x00007ff8813bd000 	C:\Windows\System32\msvcp_win.dll
0x00007ff86f410000 - 0x00007ff86f427000 	C:\Program Files\Android\Android Studio\jre\bin\VCRUNTIME140.dll
0x00007ff860370000 - 0x00007ff86060a000 	C:\Windows\WinSxS\amd64_microsoft.windows.common-controls_6595b64144ccf1df_6.0.19041.1110_none_60b5254171f9507e\COMCTL32.dll
0x00007ff883160000 - 0x00007ff8831fe000 	C:\Windows\System32\msvcrt.dll
0x00007ff8819d0000 - 0x00007ff881a00000 	C:\Windows\System32\IMM32.DLL
0x00007ff84f090000 - 0x00007ff84f12d000 	C:\Program Files\Android\Android Studio\jre\bin\msvcp140.dll
0x00007ff83e820000 - 0x00007ff83f2ef000 	C:\Program Files\Android\Android Studio\jre\bin\server\jvm.dll
0x00007ff881e50000 - 0x00007ff881efc000 	C:\Windows\System32\ADVAPI32.dll
0x00007ff881930000 - 0x00007ff8819cb000 	C:\Windows\System32\sechost.dll
0x00007ff882e30000 - 0x00007ff882f5a000 	C:\Windows\System32\RPCRT4.dll
0x00007ff8820e0000 - 0x00007ff8820e8000 	C:\Windows\System32\PSAPI.DLL
0x00007ff863860000 - 0x00007ff863887000 	C:\Windows\SYSTEM32\WINMM.dll
0x00007ff870af0000 - 0x00007ff870af9000 	C:\Windows\SYSTEM32\WSOCK32.dll
0x00007ff8832f0000 - 0x00007ff88335b000 	C:\Windows\System32\WS2_32.dll
0x00007ff87bb30000 - 0x00007ff87bb3a000 	C:\Windows\SYSTEM32\VERSION.dll
0x00007ff87ecd0000 - 0x00007ff87ece2000 	C:\Windows\SYSTEM32\kernel.appcore.dll
0x00007ff87da10000 - 0x00007ff87da21000 	C:\Program Files\Android\Android Studio\jre\bin\verify.dll
0x00007ff87b3e0000 - 0x00007ff87b5c4000 	C:\Windows\SYSTEM32\DBGHELP.DLL
0x00007ff87b340000 - 0x00007ff87b36c000 	C:\Windows\SYSTEM32\dbgcore.DLL
0x00007ff8811b0000 - 0x00007ff881233000 	C:\Windows\System32\bcryptPrimitives.dll
0x00007ff87d9e0000 - 0x00007ff87da09000 	C:\Program Files\Android\Android Studio\jre\bin\java.dll
0x00007ff87d9d0000 - 0x00007ff87d9db000 	C:\Program Files\Android\Android Studio\jre\bin\jimage.dll
0x00007ff87d9b0000 - 0x00007ff87d9c8000 	C:\Program Files\Android\Android Studio\jre\bin\zip.dll
0x00007ff8826f0000 - 0x00007ff882e2f000 	C:\Windows\System32\SHELL32.dll
0x00007ff87eed0000 - 0x00007ff87f660000 	C:\Windows\SYSTEM32\windows.storage.dll
0x00007ff881a60000 - 0x00007ff881db5000 	C:\Windows\System32\combase.dll
0x00007ff880730000 - 0x00007ff88075c000 	C:\Windows\SYSTEM32\Wldp.dll
0x00007ff8835a0000 - 0x00007ff88364e000 	C:\Windows\System32\SHCORE.dll
0x00007ff883100000 - 0x00007ff883155000 	C:\Windows\System32\shlwapi.dll
0x00007ff880cf0000 - 0x00007ff880d0f000 	C:\Windows\SYSTEM32\profapi.dll
0x00007ff87d990000 - 0x00007ff87d9aa000 	C:\Program Files\Android\Android Studio\jre\bin\net.dll
0x00007ff87c290000 - 0x00007ff87c398000 	C:\Windows\SYSTEM32\WINHTTP.dll
0x00007ff880490000 - 0x00007ff8804fa000 	C:\Windows\system32\mswsock.dll
0x00007ff87d970000 - 0x00007ff87d984000 	C:\Program Files\Android\Android Studio\jre\bin\nio.dll

dbghelp: loaded successfully - version: 4.0.5 - missing functions: none
symbol engine: initialized successfully - sym options: 0x614 - pdb path: .;C:\Program Files\Android\Android Studio\jre\bin;C:\Windows\SYSTEM32;C:\Program Files\Avast Software\Avast;C:\Windows\WinSxS\amd64_microsoft.windows.common-controls_6595b64144ccf1df_6.0.19041.1110_none_60b5254171f9507e;C:\Program Files\Android\Android Studio\jre\bin\server

VM Arguments:
java_command: org.jetbrains.kotlin.cli.jvm.K2JVMCompiler @C:\Users\User\AndroidStudioProjects\NMedia\app\build\20220502_14516605897150810930.compiler.options
java_class_path (initial): C:\Users\User\.gradle\caches\modules-2\files-2.1\org.jetbrains.kotlin\kotlin-compiler-embeddable\1.5.20\1900e8b9aca0a9caffd45b99b36e3720a0a284f8\kotlin-compiler-embeddable-1.5.20.jar;C:\Users\User\.gradle\caches\modules-2\files-2.1\org.jetbrains.kotlin\kotlin-reflect\1.5.20\63810951f09a27f7827977f1bc21094042a915e\kotlin-reflect-1.5.20.jar;C:\Users\User\.gradle\caches\modules-2\files-2.1\org.jetbrains.kotlin\kotlin-stdlib\1.5.20\9de35cc611bcecec8edce1d56d8e659953806751\kotlin-stdlib-1.5.20.jar;C:\Users\User\.gradle\caches\modules-2\files-2.1\org.jetbrains.kotlin\kotlin-script-runtime\1.5.20\4381bb58d37b84d4d1afe55ec35542dd9b77e101\kotlin-script-runtime-1.5.20.jar;C:\Users\User\.gradle\caches\modules-2\files-2.1\org.jetbrains.kotlin\kotlin-daemon-embeddable\1.5.20\36c38cda019834dcd2959cc33a12768adcd94256\kotlin-daemon-embeddable-1.5.20.jar;C:\Users\User\.gradle\caches\modules-2\files-2.1\org.jetbrains.intellij.deps\trove4j\1.0.20181211\216c2e14b070f334479d800987affe4054cd563f\trove4j-1.0.20181211.jar;C:\Users\User\.gradle\caches\modules-2\files-2.1\org.jetbrains\annotations\13.0\919f0dfe192fb4e063e7dacadee7f8bb9a2672a9\annotations-13.0.jar;C:\Users\User\.gradle\caches\modules-2\files-2.1\org.jetbrains.kotlin\kotlin-stdlib-common\1.5.20\3d79dbd48bf605f4aac1e7028981a1953e245cbb\kotlin-stdlib-common-1.5.20.jar
Launcher Type: SUN_STANDARD

[Global flags]
     intx CICompilerCount                          = 2                                         {product} {ergonomic}
     uint ConcGCThreads                            = 1                                         {product} {ergonomic}
     uint G1ConcRefinementThreads                  = 2                                         {product} {ergonomic}
   size_t G1HeapRegionSize                         = 1048576                                   {product} {ergonomic}
    uintx GCDrainStackTargetSize                   = 64                                        {product} {ergonomic}
   size_t InitialHeapSize                          = 134217728                                 {product} {ergonomic}
   size_t MarkStackSize                            = 4194304                                   {product} {ergonomic}
   size_t MaxHeapSize                              = 2120220672                                {product} {ergonomic}
   size_t MaxNewSize                               = 1271922688                                {product} {ergonomic}
   size_t MinHeapDeltaBytes                        = 1048576                                   {product} {ergonomic}
    uintx NonNMethodCodeHeapSize                   = 5825164                                {pd product} {ergonomic}
    uintx NonProfiledCodeHeapSize                  = 122916538                              {pd product} {ergonomic}
    uintx ProfiledCodeHeapSize                     = 122916538                              {pd product} {ergonomic}
    uintx ReservedCodeCacheSize                    = 251658240                              {pd product} {ergonomic}
     bool SegmentedCodeCache                       = true                                      {product} {ergonomic}
     bool UseCompressedClassPointers               = true                                 {lp64_product} {ergonomic}
     bool UseCompressedOops                        = true                                 {lp64_product} {ergonomic}
     bool UseG1GC                                  = true                                      {product} {ergonomic}
     bool UseLargePagesIndividualAllocation        = false                                  {pd product} {ergonomic}

Logging:
Log output configuration:
 #0: stdout all=warning uptime,level,tags
 #1: stderr all=off uptime,level,tags

Environment Variables:
PATH=C:\Program Files\Eclipse Adoptium\jdk-11.0.14.9-hotspot\bin;C:\Windows\system32;C:\Windows;C:\Windows\System32\Wbem;C:\Windows\System32\WindowsPowerShell\v1.0\;C:\Program Files\nodejs\;C:\Program Files\Git\cmd;C:\Users\User\AppData\Local\Microsoft\WindowsApps;C:\Users\User\AppData\Local\Programs\Microsoft VS Code\bin;C:\Server\bin\PHP;C:\Users\User\AppData\Roaming\npm
USERNAME=User
OS=Windows_NT
PROCESSOR_IDENTIFIER=Intel64 Family 6 Model 158 Stepping 9, GenuineIntel



---------------  S Y S T E M  ---------------

OS: Windows 10 , 64 bit Build 19041 (10.0.19041.1202)
OS uptime: 0 days 1:34 hours

CPU:total 2 (initial active 2) (2 cores per cpu, 1 threads per core) family 6 model 158 stepping 9 microcode 0xb4, cmov, cx8, fxsr, mmx, sse, sse2, sse3, ssse3, sse4.1, sse4.2, popcnt, aes, clmul, erms, 3dnowpref, lzcnt, tsc, tscinvbit

Memory: 4k page, system-wide physical 8084M (191M free)
TotalPageFile size 9108M (AvailPageFile size 5M)
current process WorkingSet (physical memory assigned to process): 164M, peak: 164M
current process commit charge ("private bytes"): 243M, peak: 244M

vm_info: OpenJDK 64-Bit Server VM (11.0.10+0-b96-7249189) for windows-amd64 JRE (11.0.10+0-b96-7249189), built on Mar 31 2021 21:44:00 by "builder" with MS VC++ 14.0 (VS2015)

END.
