#
# There is insufficient memory for the Java Runtime Environment to continue.
# Native memory allocation (malloc) failed to allocate 32744 bytes for ChunkPool::allocate
# Possible reasons:
#   The system is out of physical RAM or swap space
#   The process is running with CompressedOops enabled, and the Java Heap may be blocking the growth of the native heap
# Possible solutions:
#   Reduce memory load on the system
#   Increase physical memory or swap space
#   Check if swap backing store is full
#   Decrease Java heap size (-Xmx/-Xms)
#   Decrease number of Java threads
#   Decrease Java thread stack sizes (-Xss)
#   Set larger code cache with -XX:ReservedCodeCacheSize=
#   JVM is running with Unscaled Compressed Oops mode in which the Java heap is
#     placed in the first 4GB address space. The Java Heap base address is the
#     maximum limit for the native heap growth. Please use -XX:HeapBaseMinAddress
#     to set the Java Heap base and to place the Java Heap above 4GB virtual address.
# This output file may be truncated or incomplete.
#
#  Out of Memory Error (./src/hotspot/share/memory/arena.cpp:81), pid=5148, tid=1748
#
# JRE version: OpenJDK Runtime Environment (11.0.10) (build 11.0.10+0-b96-7249189)
# Java VM: OpenJDK 64-Bit Server VM (11.0.10+0-b96-7249189, mixed mode, tiered, compressed oops, g1 gc, windows-amd64)
# No core dump will be written. Minidumps are not enabled by default on client versions of Windows
#

---------------  S U M M A R Y ------------

Command Line: --add-opens=java.base/java.util=ALL-UNNAMED --add-opens=java.base/java.lang=ALL-UNNAMED --add-opens=java.base/java.lang.invoke=ALL-UNNAMED --add-opens=java.base/java.util=ALL-UNNAMED --add-opens=java.prefs/java.util.prefs=ALL-UNNAMED --add-opens=java.prefs/java.util.prefs=ALL-UNNAMED --add-opens=java.base/java.nio.charset=ALL-UNNAMED --add-opens=java.base/java.net=ALL-UNNAMED --add-opens=java.base/java.util.concurrent.atomic=ALL-UNNAMED -Xmx2048m -Dfile.encoding=UTF-8 -Duser.country=RU -Duser.language=ru -Duser.variant org.gradle.launcher.daemon.bootstrap.GradleDaemon 7.0.2

Host: Intel(R) Celeron(R) CPU G3930 @ 2.90GHz, 2 cores, 7G,  Windows 10 , 64 bit Build 19041 (10.0.19041.1202)
Time: Mon May  2 21:35:49 2022 RTZ 2 (зима) elapsed time: 76.443241 seconds (0d 0h 1m 16s)

---------------  T H R E A D  ---------------

Current thread (0x0000012a7fd40800):  JavaThread "C2 CompilerThread0" daemon [_thread_in_native, id=1748, stack(0x0000002a51f00000,0x0000002a52000000)]


Current CompileTask:
C2:  76443 16465 %     4       com.android.tools.r8.internal.U6::a @ 3180 (4191 bytes)

Stack: [0x0000002a51f00000,0x0000002a52000000]
Native frames: (J=compiled Java code, j=interpreted, Vv=VM code, C=native code)
V  [jvm.dll+0x5ecfaa]
V  [jvm.dll+0x722bd5]
V  [jvm.dll+0x72412d]
V  [jvm.dll+0x7247e3]
V  [jvm.dll+0x242928]
V  [jvm.dll+0xbc75b]
V  [jvm.dll+0xbca0c]
V  [jvm.dll+0xbc608]
V  [jvm.dll+0x70d6a9]
V  [jvm.dll+0x70cfc2]
V  [jvm.dll+0x63fa41]
V  [jvm.dll+0x197f00]
V  [jvm.dll+0x1fb70e]
V  [jvm.dll+0x1fa7f4]
V  [jvm.dll+0x18354c]
V  [jvm.dll+0x208ee7]
V  [jvm.dll+0x207731]
V  [jvm.dll+0x6eb1cf]
V  [jvm.dll+0x6e3d45]
V  [jvm.dll+0x5ebe96]
C  [ucrtbase.dll+0x21bb2]
C  [KERNEL32.DLL+0x17034]
C  [ntdll.dll+0x52651]


---------------  P R O C E S S  ---------------

Threads class SMR info:
_java_thread_list=0x0000012a11de9f70, length=48, elements={
0x0000012a68660000, 0x0000012a7fd19000, 0x0000012a7fd1d000, 0x0000012a7fd3a000,
0x0000012a7fd3b000, 0x0000012a7fd3c000, 0x0000012a7fd40800, 0x0000012a7fd6c800,
0x0000012a02886000, 0x0000012a0297e000, 0x0000012a048c9800, 0x0000012a035b8800,
0x0000012a032e8000, 0x0000012a035c5000, 0x0000012a035c5800, 0x0000012a049d9800,
0x0000012a03a8b800, 0x0000012a03b2f000, 0x0000012a0400b000, 0x0000012a04009000,
0x0000012a0400a800, 0x0000012a04009800, 0x0000012a0513c800, 0x0000012a0513f000,
0x0000012a0513a000, 0x0000012a0513a800, 0x0000012a05139000, 0x0000012a0513d000,
0x0000012a0513e000, 0x0000012a0513f800, 0x0000012a05140800, 0x0000012a0513b800,
0x0000012a05147000, 0x0000012a05142000, 0x0000012a05145800, 0x0000012a05146000,
0x0000012a05147800, 0x0000012a05143000, 0x0000012a05143800, 0x0000012a04b35800,
0x0000012a04b33000, 0x0000012a04b38000, 0x0000012a04b3a000, 0x0000012a04b37800,
0x0000012a04b36800, 0x0000012a04b34000, 0x0000012a04b3a800, 0x0000012a04b35000
}

Java Threads: ( => current thread )
  0x0000012a68660000 JavaThread "main" [_thread_blocked, id=5996, stack(0x0000002a51300000,0x0000002a51400000)]
  0x0000012a7fd19000 JavaThread "Reference Handler" daemon [_thread_blocked, id=7212, stack(0x0000002a51a00000,0x0000002a51b00000)]
  0x0000012a7fd1d000 JavaThread "Finalizer" daemon [_thread_blocked, id=1488, stack(0x0000002a51b00000,0x0000002a51c00000)]
  0x0000012a7fd3a000 JavaThread "Signal Dispatcher" daemon [_thread_blocked, id=5436, stack(0x0000002a51c00000,0x0000002a51d00000)]
  0x0000012a7fd3b000 JavaThread "Attach Listener" daemon [_thread_blocked, id=2360, stack(0x0000002a51d00000,0x0000002a51e00000)]
  0x0000012a7fd3c000 JavaThread "Service Thread" daemon [_thread_blocked, id=3420, stack(0x0000002a51e00000,0x0000002a51f00000)]
=>0x0000012a7fd40800 JavaThread "C2 CompilerThread0" daemon [_thread_in_native, id=1748, stack(0x0000002a51f00000,0x0000002a52000000)]
  0x0000012a7fd6c800 JavaThread "C1 CompilerThread0" daemon [_thread_blocked, id=5544, stack(0x0000002a52000000,0x0000002a52100000)]
  0x0000012a02886000 JavaThread "Sweeper thread" daemon [_thread_blocked, id=3572, stack(0x0000002a52100000,0x0000002a52200000)]
  0x0000012a0297e000 JavaThread "Common-Cleaner" daemon [_thread_blocked, id=7116, stack(0x0000002a52200000,0x0000002a52300000)]
  0x0000012a048c9800 JavaThread "Daemon health stats" [_thread_blocked, id=5480, stack(0x0000002a52500000,0x0000002a52600000)]
  0x0000012a035b8800 JavaThread "Incoming local TCP Connector on port 63489" [_thread_in_native, id=2856, stack(0x0000002a52600000,0x0000002a52700000)]
  0x0000012a032e8000 JavaThread "Daemon" [_thread_blocked, id=8108, stack(0x0000002a52700000,0x0000002a52800000)]
  0x0000012a035c5000 JavaThread "Daemon periodic checks" [_thread_blocked, id=5936, stack(0x0000002a52800000,0x0000002a52900000)]
  0x0000012a035c5800 JavaThread "Handler for socket connection from /127.0.0.1:63489 to /127.0.0.1:63490" [_thread_in_native, id=5860, stack(0x0000002a52900000,0x0000002a52a00000)]
  0x0000012a049d9800 JavaThread "Cancel handler" [_thread_blocked, id=2008, stack(0x0000002a52a00000,0x0000002a52b00000)]
  0x0000012a03a8b800 JavaThread "Daemon worker" [_thread_blocked, id=8004, stack(0x0000002a52b00000,0x0000002a52c00000)]
  0x0000012a03b2f000 JavaThread "Asynchronous log dispatcher for DefaultDaemonConnection: socket connection from /127.0.0.1:63489 to /127.0.0.1:63490" [_thread_blocked, id=2060, stack(0x0000002a52c00000,0x0000002a52d00000)]
  0x0000012a0400b000 JavaThread "Daemon client event forwarder" [_thread_blocked, id=5328, stack(0x0000002a52e00000,0x0000002a52f00000)]
  0x0000012a04009000 JavaThread "Cache worker for file hash cache (C:\Users\User\.gradle\caches\7.0.2\fileHashes)" [_thread_blocked, id=5696, stack(0x0000002a52f00000,0x0000002a53000000)]
  0x0000012a0400a800 JavaThread "File lock request listener" [_thread_in_native, id=3668, stack(0x0000002a53000000,0x0000002a53100000)]
  0x0000012a04009800 JavaThread "Cache worker for journal cache (C:\Users\User\.gradle\caches\journal-1)" [_thread_blocked, id=2528, stack(0x0000002a53100000,0x0000002a53200000)]
  0x0000012a0513c800 JavaThread "Cache worker for file hash cache (C:\Users\User\AndroidStudioProjects\NMedia\.gradle\7.0.2\fileHashes)" [_thread_blocked, id=4988, stack(0x0000002a53200000,0x0000002a53300000)]
  0x0000012a0513f000 JavaThread "File watcher server" daemon [_thread_in_Java, id=7668, stack(0x0000002a53300000,0x0000002a53400000)]
  0x0000012a0513a000 JavaThread "File watcher consumer" daemon [_thread_blocked, id=2260, stack(0x0000002a53400000,0x0000002a53500000)]
  0x0000012a0513a800 JavaThread "Cache worker for checksums cache (C:\Users\User\AndroidStudioProjects\NMedia\.gradle\checksums)" [_thread_blocked, id=7708, stack(0x0000002a53500000,0x0000002a53600000)]
  0x0000012a05139000 JavaThread "Cache worker for cache directory md-supplier (C:\Users\User\.gradle\caches\7.0.2\md-supplier)" [_thread_blocked, id=8096, stack(0x0000002a53600000,0x0000002a53700000)]
  0x0000012a0513d000 JavaThread "Cache worker for cache directory md-rule (C:\Users\User\.gradle\caches\7.0.2\md-rule)" [_thread_blocked, id=2280, stack(0x0000002a53700000,0x0000002a53800000)]
  0x0000012a0513e000 JavaThread "Cache worker for execution history cache (C:\Users\User\.gradle\caches\7.0.2\executionHistory)" [_thread_blocked, id=3340, stack(0x0000002a53800000,0x0000002a53900000)]
  0x0000012a0513f800 JavaThread "jar transforms" [_thread_blocked, id=2112, stack(0x0000002a53900000,0x0000002a53a00000)]
  0x0000012a05140800 JavaThread "jar transforms Thread 2" [_thread_blocked, id=832, stack(0x0000002a53a00000,0x0000002a53b00000)]
  0x0000012a0513b800 JavaThread "Cache worker for file content cache (C:\Users\User\.gradle\caches\7.0.2\fileContent)" [_thread_blocked, id=7316, stack(0x0000002a53b00000,0x0000002a53c00000)]
  0x0000012a05147000 JavaThread "Cache worker for dependencies-accessors (C:\Users\User\AndroidStudioProjects\NMedia\.gradle\7.0.2\dependencies-accessors)" [_thread_blocked, id=7712, stack(0x0000002a53c00000,0x0000002a53d00000)]
  0x0000012a05142000 JavaThread "Cache worker for Build Output Cleanup Cache (C:\Users\User\AndroidStudioProjects\NMedia\.gradle\buildOutputCleanup)" [_thread_blocked, id=5164, stack(0x0000002a53d00000,0x0000002a53e00000)]
  0x0000012a05145800 JavaThread "Build operations" [_thread_blocked, id=6580, stack(0x0000002a53e00000,0x0000002a53f00000)]
  0x0000012a05146000 JavaThread "Build operations Thread 2" [_thread_in_Java, id=7640, stack(0x0000002a53f00000,0x0000002a54000000)]
  0x0000012a05147800 JavaThread "Memory manager" [_thread_blocked, id=5268, stack(0x0000002a54000000,0x0000002a54100000)]
  0x0000012a05143000 JavaThread "build event listener" [_thread_blocked, id=7600, stack(0x0000002a54100000,0x0000002a54200000)]
  0x0000012a05143800 JavaThread "pool-3-thread-1" [_thread_blocked, id=7020, stack(0x0000002a54200000,0x0000002a54300000)]
  0x0000012a04b35800 JavaThread "build event listener" [_thread_blocked, id=5284, stack(0x0000002a54300000,0x0000002a54400000)]
  0x0000012a04b33000 JavaThread "Execution worker for ':'" [_thread_blocked, id=4456, stack(0x0000002a54400000,0x0000002a54500000)]
  0x0000012a04b38000 JavaThread "Cache worker for execution history cache (C:\Users\User\AndroidStudioProjects\NMedia\.gradle\7.0.2\executionHistory)" [_thread_blocked, id=7052, stack(0x0000002a54500000,0x0000002a54600000)]
  0x0000012a04b3a000 JavaThread "RMI Scheduler(0)" daemon [_thread_blocked, id=5924, stack(0x0000002a54600000,0x0000002a54700000)]
  0x0000012a04b37800 JavaThread "RMI RenewClean-[127.0.0.1:17949,org.jetbrains.kotlin.daemon.common.LoopbackNetworkInterface$ClientLoopbackSocketFactory@7b016c06]" daemon [_thread_blocked, id=2108, stack(0x0000002a54700000,0x0000002a54800000)]
  0x0000012a04b36800 JavaThread "RMI GC Daemon" daemon [_thread_blocked, id=5368, stack(0x0000002a54800000,0x0000002a54900000)]
  0x0000012a04b34000 JavaThread "RMI TCP Accept-0" daemon [_thread_in_native, id=6868, stack(0x0000002a54900000,0x0000002a54a00000)]
  0x0000012a04b3a800 JavaThread "RMI Reaper" [_thread_blocked, id=6712, stack(0x0000002a54a00000,0x0000002a54b00000)]
  0x0000012a04b35000 JavaThread "RMI TCP Connection(idle)" daemon [_thread_blocked, id=2752, stack(0x0000002a54b00000,0x0000002a54c00000)]

Other Threads:
  0x0000012a7fcda800 VMThread "VM Thread" [stack: 0x0000002a51900000,0x0000002a51a00000] [id=5564]
  0x0000012a029ac800 WatcherThread [stack: 0x0000002a52300000,0x0000002a52400000] [id=7404]
  0x0000012a6867b800 GCTaskThread "GC Thread#0" [stack: 0x0000002a51400000,0x0000002a51500000] [id=7748]
  0x0000012a02a4e800 GCTaskThread "GC Thread#1" [stack: 0x0000002a52400000,0x0000002a52500000] [id=2084]
  0x0000012a686aa800 ConcurrentGCThread "G1 Main Marker" [stack: 0x0000002a51500000,0x0000002a51600000] [id=8036]
  0x0000012a686ac000 ConcurrentGCThread "G1 Conc#0" [stack: 0x0000002a51600000,0x0000002a51700000] [id=624]
  0x0000012a68730800 ConcurrentGCThread "G1 Refine#0" [stack: 0x0000002a51700000,0x0000002a51800000] [id=6976]
  0x0000012a68731800 ConcurrentGCThread "G1 Young RemSet Sampling" [stack: 0x0000002a51800000,0x0000002a51900000] [id=3044]

Threads with active compile tasks:
C2 CompilerThread0  76468 16465 %     4       com.android.tools.r8.internal.U6::a @ 3180 (4191 bytes)

VM state:not at safepoint (normal execution)

VM Mutex/Monitor currently owned by a thread: None

Heap address: 0x0000000080000000, size: 2048 MB, Compressed Oops mode: 32-bit
Narrow klass base: 0x0000000000000000, Narrow klass shift: 3
Compressed class space size: 1073741824 Address: 0x0000000100000000

Heap:
 garbage-first heap   total 328704K, used 223138K [0x0000000080000000, 0x0000000100000000)
  region size 1024K, 85 young (87040K), 6 survivors (6144K)
 Metaspace       used 109153K, capacity 112057K, committed 112232K, reserved 1146880K
  class space    used 14010K, capacity 15095K, committed 15172K, reserved 1048576K
Heap Regions: E=young(eden), S=young(survivor), O=old, HS=humongous(starts), HC=humongous(continues), CS=collection set, F=free, A=archive, TAMS=top-at-mark-start (previous, next)
|   0|0x0000000080000000, 0x0000000080100000, 0x0000000080100000|100%| O|  |TAMS 0x0000000080100000, 0x0000000080000000| Untracked 
|   1|0x0000000080100000, 0x0000000080200000, 0x0000000080200000|100%| O|  |TAMS 0x0000000080200000, 0x0000000080100000| Untracked 
|   2|0x0000000080200000, 0x0000000080300000, 0x0000000080300000|100%| O|  |TAMS 0x0000000080300000, 0x0000000080200000| Untracked 
|   3|0x0000000080300000, 0x0000000080400000, 0x0000000080400000|100%| O|  |TAMS 0x0000000080400000, 0x0000000080300000| Untracked 
|   4|0x0000000080400000, 0x0000000080500000, 0x0000000080500000|100%|HS|  |TAMS 0x0000000080500000, 0x0000000080400000| Complete 
|   5|0x0000000080500000, 0x0000000080600000, 0x0000000080600000|100%|HC|  |TAMS 0x0000000080600000, 0x0000000080500000| Complete 
|   6|0x0000000080600000, 0x0000000080700000, 0x0000000080700000|100%|HC|  |TAMS 0x0000000080700000, 0x0000000080600000| Complete 
|   7|0x0000000080700000, 0x0000000080800000, 0x0000000080800000|100%|HS|  |TAMS 0x0000000080800000, 0x0000000080700000| Complete 
|   8|0x0000000080800000, 0x0000000080900000, 0x0000000080900000|100%| O|  |TAMS 0x0000000080900000, 0x0000000080800000| Untracked 
|   9|0x0000000080900000, 0x0000000080a00000, 0x0000000080a00000|100%| O|  |TAMS 0x0000000080a00000, 0x0000000080900000| Untracked 
|  10|0x0000000080a00000, 0x0000000080b00000, 0x0000000080b00000|100%| O|  |TAMS 0x0000000080b00000, 0x0000000080a00000| Untracked 
|  11|0x0000000080b00000, 0x0000000080c00000, 0x0000000080c00000|100%| O|  |TAMS 0x0000000080c00000, 0x0000000080b00000| Untracked 
|  12|0x0000000080c00000, 0x0000000080d00000, 0x0000000080d00000|100%| O|  |TAMS 0x0000000080d00000, 0x0000000080c00000| Untracked 
|  13|0x0000000080d00000, 0x0000000080e00000, 0x0000000080e00000|100%| O|  |TAMS 0x0000000080e00000, 0x0000000080d00000| Untracked 
|  14|0x0000000080e00000, 0x0000000080f00000, 0x0000000080f00000|100%| O|  |TAMS 0x0000000080f00000, 0x0000000080e00000| Untracked 
|  15|0x0000000080f00000, 0x0000000081000000, 0x0000000081000000|100%| O|  |TAMS 0x0000000081000000, 0x0000000080f00000| Untracked 
|  16|0x0000000081000000, 0x0000000081100000, 0x0000000081100000|100%| O|  |TAMS 0x0000000081100000, 0x0000000081000000| Untracked 
|  17|0x0000000081100000, 0x0000000081200000, 0x0000000081200000|100%| O|  |TAMS 0x0000000081200000, 0x0000000081100000| Untracked 
|  18|0x0000000081200000, 0x0000000081300000, 0x0000000081300000|100%| O|  |TAMS 0x0000000081300000, 0x0000000081200000| Untracked 
|  19|0x0000000081300000, 0x0000000081400000, 0x0000000081400000|100%| O|  |TAMS 0x0000000081400000, 0x0000000081300000| Untracked 
|  20|0x0000000081400000, 0x0000000081500000, 0x0000000081500000|100%| O|  |TAMS 0x0000000081500000, 0x0000000081400000| Untracked 
|  21|0x0000000081500000, 0x0000000081600000, 0x0000000081600000|100%| O|  |TAMS 0x0000000081600000, 0x0000000081500000| Untracked 
|  22|0x0000000081600000, 0x0000000081700000, 0x0000000081700000|100%| O|  |TAMS 0x0000000081700000, 0x0000000081600000| Untracked 
|  23|0x0000000081700000, 0x0000000081800000, 0x0000000081800000|100%|HS|  |TAMS 0x0000000081800000, 0x0000000081700000| Complete 
|  24|0x0000000081800000, 0x0000000081900000, 0x0000000081900000|100%|HS|  |TAMS 0x0000000081900000, 0x0000000081800000| Complete 
|  25|0x0000000081900000, 0x0000000081a00000, 0x0000000081a00000|100%|HS|  |TAMS 0x0000000081a00000, 0x0000000081900000| Complete 
|  26|0x0000000081a00000, 0x0000000081b00000, 0x0000000081b00000|100%|HC|  |TAMS 0x0000000081b00000, 0x0000000081a00000| Complete 
|  27|0x0000000081b00000, 0x0000000081c00000, 0x0000000081c00000|100%|HC|  |TAMS 0x0000000081c00000, 0x0000000081b00000| Complete 
|  28|0x0000000081c00000, 0x0000000081d00000, 0x0000000081d00000|100%|HS|  |TAMS 0x0000000081d00000, 0x0000000081c00000| Complete 
|  29|0x0000000081d00000, 0x0000000081e00000, 0x0000000081e00000|100%|HC|  |TAMS 0x0000000081e00000, 0x0000000081d00000| Complete 
|  30|0x0000000081e00000, 0x0000000081f00000, 0x0000000081f00000|100%| O|  |TAMS 0x0000000081f00000, 0x0000000081e00000| Untracked 
|  31|0x0000000081f00000, 0x0000000082000000, 0x0000000082000000|100%| O|  |TAMS 0x0000000082000000, 0x0000000081f00000| Untracked 
|  32|0x0000000082000000, 0x0000000082100000, 0x0000000082100000|100%| O|  |TAMS 0x0000000082100000, 0x0000000082000000| Untracked 
|  33|0x0000000082100000, 0x0000000082200000, 0x0000000082200000|100%| O|  |TAMS 0x0000000082200000, 0x0000000082100000| Untracked 
|  34|0x0000000082200000, 0x0000000082300000, 0x0000000082300000|100%| O|  |TAMS 0x0000000082300000, 0x0000000082200000| Untracked 
|  35|0x0000000082300000, 0x0000000082400000, 0x0000000082400000|100%| O|  |TAMS 0x0000000082400000, 0x0000000082300000| Untracked 
|  36|0x0000000082400000, 0x0000000082500000, 0x0000000082500000|100%| O|  |TAMS 0x0000000082500000, 0x0000000082400000| Untracked 
|  37|0x0000000082500000, 0x0000000082600000, 0x0000000082600000|100%| O|  |TAMS 0x0000000082600000, 0x0000000082500000| Untracked 
|  38|0x0000000082600000, 0x0000000082700000, 0x0000000082700000|100%| O|  |TAMS 0x0000000082700000, 0x0000000082600000| Untracked 
|  39|0x0000000082700000, 0x0000000082800000, 0x0000000082800000|100%| O|  |TAMS 0x0000000082800000, 0x0000000082700000| Untracked 
|  40|0x0000000082800000, 0x0000000082900000, 0x0000000082900000|100%| O|  |TAMS 0x0000000082900000, 0x0000000082800000| Untracked 
|  41|0x0000000082900000, 0x0000000082a00000, 0x0000000082a00000|100%| O|  |TAMS 0x0000000082a00000, 0x0000000082900000| Untracked 
|  42|0x0000000082a00000, 0x0000000082b00000, 0x0000000082b00000|100%| O|  |TAMS 0x0000000082b00000, 0x0000000082a00000| Untracked 
|  43|0x0000000082b00000, 0x0000000082c00000, 0x0000000082c00000|100%| O|  |TAMS 0x0000000082c00000, 0x0000000082b00000| Untracked 
|  44|0x0000000082c00000, 0x0000000082d00000, 0x0000000082d00000|100%| O|  |TAMS 0x0000000082d00000, 0x0000000082c00000| Untracked 
|  45|0x0000000082d00000, 0x0000000082e00000, 0x0000000082e00000|100%| O|  |TAMS 0x0000000082e00000, 0x0000000082d00000| Untracked 
|  46|0x0000000082e00000, 0x0000000082f00000, 0x0000000082f00000|100%| O|  |TAMS 0x0000000082f00000, 0x0000000082e00000| Untracked 
|  47|0x0000000082f00000, 0x0000000083000000, 0x0000000083000000|100%| O|  |TAMS 0x0000000083000000, 0x0000000082f00000| Untracked 
|  48|0x0000000083000000, 0x0000000083100000, 0x0000000083100000|100%| O|  |TAMS 0x0000000083100000, 0x0000000083000000| Untracked 
|  49|0x0000000083100000, 0x0000000083200000, 0x0000000083200000|100%| O|  |TAMS 0x0000000083200000, 0x0000000083100000| Untracked 
|  50|0x0000000083200000, 0x0000000083300000, 0x0000000083300000|100%| O|  |TAMS 0x0000000083300000, 0x0000000083200000| Untracked 
|  51|0x0000000083300000, 0x0000000083400000, 0x0000000083400000|100%| O|  |TAMS 0x0000000083400000, 0x0000000083300000| Untracked 
|  52|0x0000000083400000, 0x0000000083500000, 0x0000000083500000|100%| O|  |TAMS 0x0000000083500000, 0x0000000083400000| Untracked 
|  53|0x0000000083500000, 0x0000000083600000, 0x0000000083600000|100%| O|  |TAMS 0x0000000083600000, 0x0000000083500000| Untracked 
|  54|0x0000000083600000, 0x0000000083700000, 0x0000000083700000|100%| O|  |TAMS 0x0000000083700000, 0x0000000083600000| Untracked 
|  55|0x0000000083700000, 0x0000000083800000, 0x0000000083800000|100%| O|  |TAMS 0x0000000083800000, 0x0000000083700000| Untracked 
|  56|0x0000000083800000, 0x0000000083900000, 0x0000000083900000|100%| O|  |TAMS 0x0000000083900000, 0x0000000083800000| Untracked 
|  57|0x0000000083900000, 0x0000000083a00000, 0x0000000083a00000|100%| O|  |TAMS 0x0000000083a00000, 0x0000000083900000| Untracked 
|  58|0x0000000083a00000, 0x0000000083b00000, 0x0000000083b00000|100%| O|  |TAMS 0x0000000083a00000, 0x0000000083a00000| Untracked 
|  59|0x0000000083b00000, 0x0000000083c00000, 0x0000000083c00000|100%| O|  |TAMS 0x0000000083c00000, 0x0000000083b00000| Untracked 
|  60|0x0000000083c00000, 0x0000000083d00000, 0x0000000083d00000|100%| O|  |TAMS 0x0000000083d00000, 0x0000000083c00000| Untracked 
|  61|0x0000000083d00000, 0x0000000083e00000, 0x0000000083e00000|100%| O|  |TAMS 0x0000000083e00000, 0x0000000083d00000| Untracked 
|  62|0x0000000083e00000, 0x0000000083f00000, 0x0000000083f00000|100%| O|  |TAMS 0x0000000083f00000, 0x0000000083e00000| Untracked 
|  63|0x0000000083f00000, 0x0000000084000000, 0x0000000084000000|100%| O|  |TAMS 0x0000000084000000, 0x0000000083f00000| Untracked 
|  64|0x0000000084000000, 0x0000000084100000, 0x0000000084100000|100%| O|  |TAMS 0x0000000084100000, 0x0000000084000000| Untracked 
|  65|0x0000000084100000, 0x0000000084200000, 0x0000000084200000|100%| O|  |TAMS 0x0000000084200000, 0x0000000084100000| Untracked 
|  66|0x0000000084200000, 0x0000000084300000, 0x0000000084300000|100%| O|  |TAMS 0x0000000084300000, 0x0000000084200000| Untracked 
|  67|0x0000000084300000, 0x0000000084400000, 0x0000000084400000|100%| O|  |TAMS 0x0000000084400000, 0x0000000084300000| Untracked 
|  68|0x0000000084400000, 0x0000000084500000, 0x0000000084500000|100%| O|  |TAMS 0x0000000084500000, 0x0000000084400000| Untracked 
|  69|0x0000000084500000, 0x0000000084600000, 0x0000000084600000|100%| O|  |TAMS 0x0000000084600000, 0x0000000084500000| Untracked 
|  70|0x0000000084600000, 0x0000000084700000, 0x0000000084700000|100%| O|  |TAMS 0x0000000084700000, 0x0000000084600000| Untracked 
|  71|0x0000000084700000, 0x0000000084800000, 0x0000000084800000|100%|HS|  |TAMS 0x0000000084800000, 0x0000000084700000| Complete 
|  72|0x0000000084800000, 0x0000000084900000, 0x0000000084900000|100%| O|  |TAMS 0x0000000084900000, 0x0000000084800000| Untracked 
|  73|0x0000000084900000, 0x0000000084a00000, 0x0000000084a00000|100%| O|  |TAMS 0x0000000084a00000, 0x0000000084900000| Untracked 
|  74|0x0000000084a00000, 0x0000000084b00000, 0x0000000084b00000|100%| O|  |TAMS 0x0000000084b00000, 0x0000000084a00000| Untracked 
|  75|0x0000000084b00000, 0x0000000084c00000, 0x0000000084c00000|100%| O|  |TAMS 0x0000000084c00000, 0x0000000084b00000| Untracked 
|  76|0x0000000084c00000, 0x0000000084d00000, 0x0000000084d00000|100%| O|  |TAMS 0x0000000084d00000, 0x0000000084c00000| Untracked 
|  77|0x0000000084d00000, 0x0000000084e00000, 0x0000000084e00000|100%| O|  |TAMS 0x0000000084e00000, 0x0000000084d00000| Untracked 
|  78|0x0000000084e00000, 0x0000000084f00000, 0x0000000084f00000|100%| O|  |TAMS 0x0000000084f00000, 0x0000000084e00000| Untracked 
|  79|0x0000000084f00000, 0x0000000085000000, 0x0000000085000000|100%| O|  |TAMS 0x0000000085000000, 0x0000000084f00000| Untracked 
|  80|0x0000000085000000, 0x0000000085100000, 0x0000000085100000|100%| O|  |TAMS 0x0000000085100000, 0x0000000085000000| Untracked 
|  81|0x0000000085100000, 0x0000000085200000, 0x0000000085200000|100%| O|  |TAMS 0x0000000085200000, 0x0000000085100000| Untracked 
|  82|0x0000000085200000, 0x0000000085300000, 0x0000000085300000|100%| O|  |TAMS 0x0000000085300000, 0x0000000085200000| Untracked 
|  83|0x0000000085300000, 0x0000000085400000, 0x0000000085400000|100%| O|  |TAMS 0x0000000085400000, 0x0000000085300000| Untracked 
|  84|0x0000000085400000, 0x0000000085500000, 0x0000000085500000|100%| O|  |TAMS 0x0000000085500000, 0x0000000085400000| Untracked 
|  85|0x0000000085500000, 0x0000000085600000, 0x0000000085600000|100%| O|  |TAMS 0x0000000085600000, 0x0000000085500000| Untracked 
|  86|0x0000000085600000, 0x0000000085700000, 0x0000000085700000|100%| O|  |TAMS 0x0000000085700000, 0x0000000085600000| Untracked 
|  87|0x0000000085700000, 0x0000000085800000, 0x0000000085800000|100%| O|  |TAMS 0x0000000085800000, 0x0000000085700000| Untracked 
|  88|0x0000000085800000, 0x0000000085900000, 0x0000000085900000|100%| O|  |TAMS 0x0000000085900000, 0x0000000085800000| Untracked 
|  89|0x0000000085900000, 0x0000000085a00000, 0x0000000085a00000|100%| O|  |TAMS 0x0000000085a00000, 0x0000000085900000| Untracked 
|  90|0x0000000085a00000, 0x0000000085b00000, 0x0000000085b00000|100%| O|  |TAMS 0x0000000085b00000, 0x0000000085a00000| Untracked 
|  91|0x0000000085b00000, 0x0000000085c00000, 0x0000000085c00000|100%| O|  |TAMS 0x0000000085c00000, 0x0000000085b00000| Untracked 
|  92|0x0000000085c00000, 0x0000000085d00000, 0x0000000085d00000|100%| O|  |TAMS 0x0000000085d00000, 0x0000000085c00000| Untracked 
|  93|0x0000000085d00000, 0x0000000085e00000, 0x0000000085e00000|100%| O|  |TAMS 0x0000000085e00000, 0x0000000085d00000| Untracked 
|  94|0x0000000085e00000, 0x0000000085f00000, 0x0000000085f00000|100%| O|  |TAMS 0x0000000085f00000, 0x0000000085e00000| Untracked 
|  95|0x0000000085f00000, 0x0000000086000000, 0x0000000086000000|100%| O|  |TAMS 0x0000000086000000, 0x0000000085f00000| Untracked 
|  96|0x0000000086000000, 0x0000000086100000, 0x0000000086100000|100%| O|  |TAMS 0x0000000086100000, 0x0000000086000000| Untracked 
|  97|0x0000000086100000, 0x0000000086200000, 0x0000000086200000|100%| O|  |TAMS 0x0000000086200000, 0x0000000086100000| Untracked 
|  98|0x0000000086200000, 0x0000000086300000, 0x0000000086300000|100%| O|  |TAMS 0x0000000086300000, 0x0000000086200000| Untracked 
|  99|0x0000000086300000, 0x0000000086400000, 0x0000000086400000|100%| O|  |TAMS 0x0000000086400000, 0x0000000086300000| Untracked 
| 100|0x0000000086400000, 0x0000000086500000, 0x0000000086500000|100%| O|  |TAMS 0x0000000086400000, 0x0000000086400000| Untracked 
| 101|0x0000000086500000, 0x0000000086600000, 0x0000000086600000|100%| O|  |TAMS 0x0000000086600000, 0x0000000086500000| Untracked 
| 102|0x0000000086600000, 0x0000000086700000, 0x0000000086700000|100%| O|  |TAMS 0x0000000086700000, 0x0000000086600000| Untracked 
| 103|0x0000000086700000, 0x0000000086800000, 0x0000000086800000|100%| O|  |TAMS 0x0000000086800000, 0x0000000086700000| Untracked 
| 104|0x0000000086800000, 0x0000000086900000, 0x0000000086900000|100%| O|  |TAMS 0x0000000086900000, 0x0000000086800000| Untracked 
| 105|0x0000000086900000, 0x0000000086a00000, 0x0000000086a00000|100%| O|  |TAMS 0x0000000086a00000, 0x0000000086900000| Untracked 
| 106|0x0000000086a00000, 0x0000000086b00000, 0x0000000086b00000|100%| O|  |TAMS 0x0000000086a00000, 0x0000000086a00000| Untracked 
| 107|0x0000000086b00000, 0x0000000086c00000, 0x0000000086c00000|100%| O|  |TAMS 0x0000000086c00000, 0x0000000086b00000| Untracked 
| 108|0x0000000086c00000, 0x0000000086d00000, 0x0000000086d00000|100%| O|  |TAMS 0x0000000086c00000, 0x0000000086c00000| Untracked 
| 109|0x0000000086d00000, 0x0000000086e00000, 0x0000000086e00000|100%| O|  |TAMS 0x0000000086e00000, 0x0000000086d00000| Untracked 
| 110|0x0000000086e00000, 0x0000000086f00000, 0x0000000086f00000|100%| O|  |TAMS 0x0000000086f00000, 0x0000000086e00000| Untracked 
| 111|0x0000000086f00000, 0x0000000087000000, 0x0000000087000000|100%| O|  |TAMS 0x0000000087000000, 0x0000000086f00000| Untracked 
| 112|0x0000000087000000, 0x0000000087100000, 0x0000000087100000|100%| O|  |TAMS 0x0000000087100000, 0x0000000087000000| Untracked 
| 113|0x0000000087100000, 0x0000000087200000, 0x0000000087200000|100%| O|  |TAMS 0x0000000087200000, 0x0000000087100000| Untracked 
| 114|0x0000000087200000, 0x0000000087300000, 0x0000000087300000|100%| O|  |TAMS 0x0000000087300000, 0x0000000087200000| Untracked 
| 115|0x0000000087300000, 0x0000000087400000, 0x0000000087400000|100%| O|  |TAMS 0x0000000087400000, 0x0000000087300000| Untracked 
| 116|0x0000000087400000, 0x0000000087500000, 0x0000000087500000|100%| O|  |TAMS 0x0000000087455800, 0x0000000087400000| Untracked 
| 117|0x0000000087500000, 0x0000000087600000, 0x0000000087600000|100%| O|  |TAMS 0x0000000087500000, 0x0000000087500000| Untracked 
| 118|0x0000000087600000, 0x0000000087700000, 0x0000000087700000|100%| O|  |TAMS 0x0000000087700000, 0x0000000087600000| Untracked 
| 119|0x0000000087700000, 0x0000000087800000, 0x0000000087800000|100%| O|  |TAMS 0x0000000087800000, 0x0000000087700000| Untracked 
| 120|0x0000000087800000, 0x0000000087900000, 0x0000000087900000|100%| O|  |TAMS 0x0000000087900000, 0x0000000087800000| Untracked 
| 121|0x0000000087900000, 0x0000000087a00000, 0x0000000087a00000|100%| O|  |TAMS 0x0000000087a00000, 0x0000000087900000| Untracked 
| 122|0x0000000087a00000, 0x0000000087b00000, 0x0000000087b00000|100%| O|  |TAMS 0x0000000087b00000, 0x0000000087a00000| Untracked 
| 123|0x0000000087b00000, 0x0000000087c00000, 0x0000000087c00000|100%| O|  |TAMS 0x0000000087c00000, 0x0000000087b00000| Untracked 
| 124|0x0000000087c00000, 0x0000000087d00000, 0x0000000087d00000|100%| O|  |TAMS 0x0000000087d00000, 0x0000000087c00000| Untracked 
| 125|0x0000000087d00000, 0x0000000087e00000, 0x0000000087e00000|100%| O|  |TAMS 0x0000000087e00000, 0x0000000087d00000| Untracked 
| 126|0x0000000087e00000, 0x0000000087f00000, 0x0000000087f00000|100%| O|  |TAMS 0x0000000087f00000, 0x0000000087e00000| Untracked 
| 127|0x0000000087f00000, 0x0000000088000000, 0x0000000088000000|100%| O|  |TAMS 0x0000000088000000, 0x0000000087f00000| Untracked 
| 128|0x0000000088000000, 0x0000000088100000, 0x0000000088100000|100%| O|  |TAMS 0x0000000088100000, 0x0000000088000000| Untracked 
| 129|0x0000000088100000, 0x0000000088200000, 0x0000000088200000|100%| O|  |TAMS 0x0000000088200000, 0x0000000088100000| Untracked 
| 130|0x0000000088200000, 0x0000000088300000, 0x0000000088300000|100%| O|  |TAMS 0x0000000088300000, 0x0000000088200000| Untracked 
| 131|0x0000000088300000, 0x0000000088400000, 0x0000000088400000|100%| O|  |TAMS 0x0000000088400000, 0x0000000088300000| Untracked 
| 132|0x0000000088400000, 0x00000000884e8a00, 0x0000000088500000| 90%| O|  |TAMS 0x0000000088400000, 0x0000000088400000| Untracked 
| 133|0x0000000088500000, 0x0000000088600000, 0x0000000088600000|100%|HS|  |TAMS 0x0000000088500000, 0x0000000088500000| Complete 
| 134|0x0000000088600000, 0x0000000088600000, 0x0000000088700000|  0%| F|  |TAMS 0x0000000088600000, 0x0000000088600000| Untracked 
| 135|0x0000000088700000, 0x0000000088700000, 0x0000000088800000|  0%| F|  |TAMS 0x0000000088700000, 0x0000000088700000| Untracked 
| 136|0x0000000088800000, 0x0000000088800000, 0x0000000088900000|  0%| F|  |TAMS 0x0000000088800000, 0x0000000088800000| Untracked 
| 137|0x0000000088900000, 0x0000000088900000, 0x0000000088a00000|  0%| F|  |TAMS 0x0000000088900000, 0x0000000088900000| Untracked 
| 138|0x0000000088a00000, 0x0000000088a00000, 0x0000000088b00000|  0%| F|  |TAMS 0x0000000088a00000, 0x0000000088a00000| Untracked 
| 139|0x0000000088b00000, 0x0000000088b00000, 0x0000000088c00000|  0%| F|  |TAMS 0x0000000088b00000, 0x0000000088b00000| Untracked 
| 140|0x0000000088c00000, 0x0000000088c00000, 0x0000000088d00000|  0%| F|  |TAMS 0x0000000088c00000, 0x0000000088c00000| Untracked 
| 141|0x0000000088d00000, 0x0000000088d00000, 0x0000000088e00000|  0%| F|  |TAMS 0x0000000088d00000, 0x0000000088d00000| Untracked 
| 142|0x0000000088e00000, 0x0000000088e00000, 0x0000000088f00000|  0%| F|  |TAMS 0x0000000088e00000, 0x0000000088e00000| Untracked 
| 143|0x0000000088f00000, 0x0000000088f00000, 0x0000000089000000|  0%| F|  |TAMS 0x0000000088f00000, 0x0000000088f00000| Untracked 
| 144|0x0000000089000000, 0x0000000089000000, 0x0000000089100000|  0%| F|  |TAMS 0x0000000089000000, 0x0000000089000000| Untracked 
| 145|0x0000000089100000, 0x0000000089100000, 0x0000000089200000|  0%| F|  |TAMS 0x0000000089100000, 0x0000000089100000| Untracked 
| 146|0x0000000089200000, 0x0000000089200000, 0x0000000089300000|  0%| F|  |TAMS 0x0000000089200000, 0x0000000089200000| Untracked 
| 147|0x0000000089300000, 0x0000000089300000, 0x0000000089400000|  0%| F|  |TAMS 0x0000000089300000, 0x0000000089300000| Untracked 
| 148|0x0000000089400000, 0x0000000089400000, 0x0000000089500000|  0%| F|  |TAMS 0x0000000089400000, 0x0000000089400000| Untracked 
| 149|0x0000000089500000, 0x0000000089500000, 0x0000000089600000|  0%| F|  |TAMS 0x0000000089500000, 0x0000000089500000| Untracked 
| 150|0x0000000089600000, 0x0000000089600000, 0x0000000089700000|  0%| F|  |TAMS 0x0000000089600000, 0x0000000089600000| Untracked 
| 151|0x0000000089700000, 0x0000000089700000, 0x0000000089800000|  0%| F|  |TAMS 0x0000000089700000, 0x0000000089700000| Untracked 
| 152|0x0000000089800000, 0x0000000089800000, 0x0000000089900000|  0%| F|  |TAMS 0x0000000089800000, 0x0000000089800000| Untracked 
| 153|0x0000000089900000, 0x0000000089900000, 0x0000000089a00000|  0%| F|  |TAMS 0x0000000089900000, 0x0000000089900000| Untracked 
| 154|0x0000000089a00000, 0x0000000089a00000, 0x0000000089b00000|  0%| F|  |TAMS 0x0000000089a00000, 0x0000000089a00000| Untracked 
| 155|0x0000000089b00000, 0x0000000089b00000, 0x0000000089c00000|  0%| F|  |TAMS 0x0000000089b00000, 0x0000000089b00000| Untracked 
| 156|0x0000000089c00000, 0x0000000089c00000, 0x0000000089d00000|  0%| F|  |TAMS 0x0000000089c00000, 0x0000000089c00000| Untracked 
| 157|0x0000000089d00000, 0x0000000089d00000, 0x0000000089e00000|  0%| F|  |TAMS 0x0000000089d00000, 0x0000000089d00000| Untracked 
| 158|0x0000000089e00000, 0x0000000089e00000, 0x0000000089f00000|  0%| F|  |TAMS 0x0000000089e00000, 0x0000000089e00000| Untracked 
| 159|0x0000000089f00000, 0x0000000089f00000, 0x000000008a000000|  0%| F|  |TAMS 0x0000000089f00000, 0x0000000089f00000| Untracked 
| 160|0x000000008a000000, 0x000000008a000000, 0x000000008a100000|  0%| F|  |TAMS 0x000000008a000000, 0x000000008a000000| Untracked 
| 161|0x000000008a100000, 0x000000008a100000, 0x000000008a200000|  0%| F|  |TAMS 0x000000008a100000, 0x000000008a100000| Untracked 
| 162|0x000000008a200000, 0x000000008a200000, 0x000000008a300000|  0%| F|  |TAMS 0x000000008a200000, 0x000000008a200000| Untracked 
| 163|0x000000008a300000, 0x000000008a300000, 0x000000008a400000|  0%| F|  |TAMS 0x000000008a300000, 0x000000008a300000| Untracked 
| 164|0x000000008a400000, 0x000000008a400000, 0x000000008a500000|  0%| F|  |TAMS 0x000000008a400000, 0x000000008a400000| Untracked 
| 165|0x000000008a500000, 0x000000008a500000, 0x000000008a600000|  0%| F|  |TAMS 0x000000008a500000, 0x000000008a500000| Untracked 
| 166|0x000000008a600000, 0x000000008a600000, 0x000000008a700000|  0%| F|  |TAMS 0x000000008a600000, 0x000000008a600000| Untracked 
| 167|0x000000008a700000, 0x000000008a700000, 0x000000008a800000|  0%| F|  |TAMS 0x000000008a700000, 0x000000008a700000| Untracked 
| 168|0x000000008a800000, 0x000000008a800000, 0x000000008a900000|  0%| F|  |TAMS 0x000000008a800000, 0x000000008a800000| Untracked 
| 169|0x000000008a900000, 0x000000008a900000, 0x000000008aa00000|  0%| F|  |TAMS 0x000000008a900000, 0x000000008a900000| Untracked 
| 170|0x000000008aa00000, 0x000000008aa00000, 0x000000008ab00000|  0%| F|  |TAMS 0x000000008aa00000, 0x000000008aa00000| Untracked 
| 171|0x000000008ab00000, 0x000000008ab00000, 0x000000008ac00000|  0%| F|  |TAMS 0x000000008ab00000, 0x000000008ab00000| Untracked 
| 172|0x000000008ac00000, 0x000000008ac00000, 0x000000008ad00000|  0%| F|  |TAMS 0x000000008ac00000, 0x000000008ac00000| Untracked 
| 173|0x000000008ad00000, 0x000000008ad00000, 0x000000008ae00000|  0%| F|  |TAMS 0x000000008ad00000, 0x000000008ad00000| Untracked 
| 174|0x000000008ae00000, 0x000000008ae00000, 0x000000008af00000|  0%| F|  |TAMS 0x000000008ae00000, 0x000000008ae00000| Untracked 
| 175|0x000000008af00000, 0x000000008af00000, 0x000000008b000000|  0%| F|  |TAMS 0x000000008af00000, 0x000000008af00000| Untracked 
| 176|0x000000008b000000, 0x000000008b000000, 0x000000008b100000|  0%| F|  |TAMS 0x000000008b000000, 0x000000008b000000| Untracked 
| 177|0x000000008b100000, 0x000000008b100000, 0x000000008b200000|  0%| F|  |TAMS 0x000000008b100000, 0x000000008b100000| Untracked 
| 178|0x000000008b200000, 0x000000008b300000, 0x000000008b300000|100%| S|CS|TAMS 0x000000008b200000, 0x000000008b200000| Complete 
| 179|0x000000008b300000, 0x000000008b400000, 0x000000008b400000|100%| S|CS|TAMS 0x000000008b300000, 0x000000008b300000| Complete 
| 180|0x000000008b400000, 0x000000008b500000, 0x000000008b500000|100%| S|CS|TAMS 0x000000008b400000, 0x000000008b400000| Complete 
| 181|0x000000008b500000, 0x000000008b600000, 0x000000008b600000|100%| S|CS|TAMS 0x000000008b500000, 0x000000008b500000| Complete 
| 182|0x000000008b600000, 0x000000008b700000, 0x000000008b700000|100%| S|CS|TAMS 0x000000008b600000, 0x000000008b600000| Complete 
| 183|0x000000008b700000, 0x000000008b800000, 0x000000008b800000|100%| S|CS|TAMS 0x000000008b700000, 0x000000008b700000| Complete 
| 184|0x000000008b800000, 0x000000008b800000, 0x000000008b900000|  0%| F|  |TAMS 0x000000008b800000, 0x000000008b800000| Untracked 
| 185|0x000000008b900000, 0x000000008b900000, 0x000000008ba00000|  0%| F|  |TAMS 0x000000008b900000, 0x000000008b900000| Untracked 
| 186|0x000000008ba00000, 0x000000008ba00000, 0x000000008bb00000|  0%| F|  |TAMS 0x000000008ba00000, 0x000000008ba00000| Untracked 
| 187|0x000000008bb00000, 0x000000008bb00000, 0x000000008bc00000|  0%| F|  |TAMS 0x000000008bb00000, 0x000000008bb00000| Untracked 
| 188|0x000000008bc00000, 0x000000008bc00000, 0x000000008bd00000|  0%| F|  |TAMS 0x000000008bc00000, 0x000000008bc00000| Untracked 
| 189|0x000000008bd00000, 0x000000008bd00000, 0x000000008be00000|  0%| F|  |TAMS 0x000000008bd00000, 0x000000008bd00000| Untracked 
| 190|0x000000008be00000, 0x000000008be00000, 0x000000008bf00000|  0%| F|  |TAMS 0x000000008be00000, 0x000000008be00000| Untracked 
| 191|0x000000008bf00000, 0x000000008bf00000, 0x000000008c000000|  0%| F|  |TAMS 0x000000008bf00000, 0x000000008bf00000| Untracked 
| 192|0x000000008c000000, 0x000000008c000000, 0x000000008c100000|  0%| F|  |TAMS 0x000000008c000000, 0x000000008c000000| Untracked 
| 193|0x000000008c100000, 0x000000008c100000, 0x000000008c200000|  0%| F|  |TAMS 0x000000008c100000, 0x000000008c100000| Untracked 
| 194|0x000000008c200000, 0x000000008c200000, 0x000000008c300000|  0%| F|  |TAMS 0x000000008c200000, 0x000000008c200000| Untracked 
| 195|0x000000008c300000, 0x000000008c300000, 0x000000008c400000|  0%| F|  |TAMS 0x000000008c300000, 0x000000008c300000| Untracked 
| 196|0x000000008c400000, 0x000000008c400000, 0x000000008c500000|  0%| F|  |TAMS 0x000000008c400000, 0x000000008c400000| Untracked 
| 197|0x000000008c500000, 0x000000008c500000, 0x000000008c600000|  0%| F|  |TAMS 0x000000008c500000, 0x000000008c500000| Untracked 
| 198|0x000000008c600000, 0x000000008c600000, 0x000000008c700000|  0%| F|  |TAMS 0x000000008c600000, 0x000000008c600000| Untracked 
| 199|0x000000008c700000, 0x000000008c700000, 0x000000008c800000|  0%| F|  |TAMS 0x000000008c700000, 0x000000008c700000| Untracked 
| 200|0x000000008c800000, 0x000000008c800000, 0x000000008c900000|  0%| F|  |TAMS 0x000000008c800000, 0x000000008c800000| Untracked 
| 201|0x000000008c900000, 0x000000008c900000, 0x000000008ca00000|  0%| F|  |TAMS 0x000000008c900000, 0x000000008c900000| Untracked 
| 202|0x000000008ca00000, 0x000000008ca00000, 0x000000008cb00000|  0%| F|  |TAMS 0x000000008ca00000, 0x000000008ca00000| Untracked 
| 203|0x000000008cb00000, 0x000000008cb00000, 0x000000008cc00000|  0%| F|  |TAMS 0x000000008cb00000, 0x000000008cb00000| Untracked 
| 204|0x000000008cc00000, 0x000000008cc00000, 0x000000008cd00000|  0%| F|  |TAMS 0x000000008cc00000, 0x000000008cc00000| Untracked 
| 205|0x000000008cd00000, 0x000000008cd00000, 0x000000008ce00000|  0%| F|  |TAMS 0x000000008cd00000, 0x000000008cd00000| Untracked 
| 206|0x000000008ce00000, 0x000000008ce00000, 0x000000008cf00000|  0%| F|  |TAMS 0x000000008ce00000, 0x000000008ce00000| Untracked 
| 207|0x000000008cf00000, 0x000000008cf00000, 0x000000008d000000|  0%| F|  |TAMS 0x000000008cf00000, 0x000000008cf00000| Untracked 
| 208|0x000000008d000000, 0x000000008d000000, 0x000000008d100000|  0%| F|  |TAMS 0x000000008d000000, 0x000000008d000000| Untracked 
| 209|0x000000008d100000, 0x000000008d100000, 0x000000008d200000|  0%| F|  |TAMS 0x000000008d100000, 0x000000008d100000| Untracked 
| 210|0x000000008d200000, 0x000000008d200000, 0x000000008d300000|  0%| F|  |TAMS 0x000000008d200000, 0x000000008d200000| Untracked 
| 211|0x000000008d300000, 0x000000008d300000, 0x000000008d400000|  0%| F|  |TAMS 0x000000008d300000, 0x000000008d300000| Untracked 
| 212|0x000000008d400000, 0x000000008d400000, 0x000000008d500000|  0%| F|  |TAMS 0x000000008d400000, 0x000000008d400000| Untracked 
| 213|0x000000008d500000, 0x000000008d500000, 0x000000008d600000|  0%| F|  |TAMS 0x000000008d500000, 0x000000008d500000| Untracked 
| 214|0x000000008d600000, 0x000000008d600000, 0x000000008d700000|  0%| F|  |TAMS 0x000000008d600000, 0x000000008d600000| Untracked 
| 215|0x000000008d700000, 0x000000008d700000, 0x000000008d800000|  0%| F|  |TAMS 0x000000008d700000, 0x000000008d700000| Untracked 
| 216|0x000000008d800000, 0x000000008d800000, 0x000000008d900000|  0%| F|  |TAMS 0x000000008d800000, 0x000000008d800000| Untracked 
| 217|0x000000008d900000, 0x000000008d900000, 0x000000008da00000|  0%| F|  |TAMS 0x000000008d900000, 0x000000008d900000| Untracked 
| 218|0x000000008da00000, 0x000000008da00000, 0x000000008db00000|  0%| F|  |TAMS 0x000000008da00000, 0x000000008da00000| Untracked 
| 219|0x000000008db00000, 0x000000008db00000, 0x000000008dc00000|  0%| F|  |TAMS 0x000000008db00000, 0x000000008db00000| Untracked 
| 220|0x000000008dc00000, 0x000000008dc00000, 0x000000008dd00000|  0%| F|  |TAMS 0x000000008dc00000, 0x000000008dc00000| Untracked 
| 221|0x000000008dd00000, 0x000000008dd00000, 0x000000008de00000|  0%| F|  |TAMS 0x000000008dd00000, 0x000000008dd00000| Untracked 
| 222|0x000000008de00000, 0x000000008de00000, 0x000000008df00000|  0%| F|  |TAMS 0x000000008de00000, 0x000000008de00000| Untracked 
| 223|0x000000008df00000, 0x000000008df00000, 0x000000008e000000|  0%| F|  |TAMS 0x000000008df00000, 0x000000008df00000| Untracked 
| 224|0x000000008e000000, 0x000000008e000000, 0x000000008e100000|  0%| F|  |TAMS 0x000000008e000000, 0x000000008e000000| Untracked 
| 225|0x000000008e100000, 0x000000008e100000, 0x000000008e200000|  0%| F|  |TAMS 0x000000008e100000, 0x000000008e100000| Untracked 
| 226|0x000000008e200000, 0x000000008e200000, 0x000000008e300000|  0%| F|  |TAMS 0x000000008e200000, 0x000000008e200000| Untracked 
| 227|0x000000008e300000, 0x000000008e300000, 0x000000008e400000|  0%| F|  |TAMS 0x000000008e300000, 0x000000008e300000| Untracked 
| 228|0x000000008e400000, 0x000000008e400000, 0x000000008e500000|  0%| F|  |TAMS 0x000000008e400000, 0x000000008e400000| Untracked 
| 229|0x000000008e500000, 0x000000008e500000, 0x000000008e600000|  0%| F|  |TAMS 0x000000008e500000, 0x000000008e500000| Untracked 
| 230|0x000000008e600000, 0x000000008e600000, 0x000000008e700000|  0%| F|  |TAMS 0x000000008e600000, 0x000000008e600000| Untracked 
| 231|0x000000008e700000, 0x000000008e700000, 0x000000008e800000|  0%| F|  |TAMS 0x000000008e700000, 0x000000008e700000| Untracked 
| 232|0x000000008e800000, 0x000000008e800000, 0x000000008e900000|  0%| F|  |TAMS 0x000000008e800000, 0x000000008e800000| Untracked 
| 233|0x000000008e900000, 0x000000008e900000, 0x000000008ea00000|  0%| F|  |TAMS 0x000000008e900000, 0x000000008e900000| Untracked 
| 234|0x000000008ea00000, 0x000000008ea00000, 0x000000008eb00000|  0%| F|  |TAMS 0x000000008ea00000, 0x000000008ea00000| Untracked 
| 235|0x000000008eb00000, 0x000000008eb00000, 0x000000008ec00000|  0%| F|  |TAMS 0x000000008eb00000, 0x000000008eb00000| Untracked 
| 236|0x000000008ec00000, 0x000000008ec00000, 0x000000008ed00000|  0%| F|  |TAMS 0x000000008ec00000, 0x000000008ec00000| Untracked 
| 237|0x000000008ed00000, 0x000000008ed00000, 0x000000008ee00000|  0%| F|  |TAMS 0x000000008ed00000, 0x000000008ed00000| Untracked 
| 238|0x000000008ee00000, 0x000000008ee00000, 0x000000008ef00000|  0%| F|  |TAMS 0x000000008ee00000, 0x000000008ee00000| Untracked 
| 239|0x000000008ef00000, 0x000000008ef00000, 0x000000008f000000|  0%| F|  |TAMS 0x000000008ef00000, 0x000000008ef00000| Untracked 
| 240|0x000000008f000000, 0x000000008f000000, 0x000000008f100000|  0%| F|  |TAMS 0x000000008f000000, 0x000000008f000000| Untracked 
| 241|0x000000008f100000, 0x000000008f100000, 0x000000008f200000|  0%| F|  |TAMS 0x000000008f100000, 0x000000008f100000| Untracked 
| 242|0x000000008f200000, 0x000000008f280800, 0x000000008f300000| 50%| E|  |TAMS 0x000000008f200000, 0x000000008f200000| Complete 
| 243|0x000000008f300000, 0x000000008f400000, 0x000000008f400000|100%| E|CS|TAMS 0x000000008f300000, 0x000000008f300000| Complete 
| 244|0x000000008f400000, 0x000000008f500000, 0x000000008f500000|100%| E|CS|TAMS 0x000000008f400000, 0x000000008f400000| Complete 
| 245|0x000000008f500000, 0x000000008f600000, 0x000000008f600000|100%| E|CS|TAMS 0x000000008f500000, 0x000000008f500000| Complete 
| 246|0x000000008f600000, 0x000000008f700000, 0x000000008f700000|100%| E|CS|TAMS 0x000000008f600000, 0x000000008f600000| Complete 
| 247|0x000000008f700000, 0x000000008f800000, 0x000000008f800000|100%| E|CS|TAMS 0x000000008f700000, 0x000000008f700000| Complete 
| 248|0x000000008f800000, 0x000000008f900000, 0x000000008f900000|100%| E|CS|TAMS 0x000000008f800000, 0x000000008f800000| Complete 
| 249|0x000000008f900000, 0x000000008fa00000, 0x000000008fa00000|100%| E|CS|TAMS 0x000000008f900000, 0x000000008f900000| Complete 
| 250|0x000000008fa00000, 0x000000008fb00000, 0x000000008fb00000|100%| E|CS|TAMS 0x000000008fa00000, 0x000000008fa00000| Complete 
| 251|0x000000008fb00000, 0x000000008fc00000, 0x000000008fc00000|100%| E|CS|TAMS 0x000000008fb00000, 0x000000008fb00000| Complete 
| 252|0x000000008fc00000, 0x000000008fd00000, 0x000000008fd00000|100%| E|CS|TAMS 0x000000008fc00000, 0x000000008fc00000| Complete 
| 253|0x000000008fd00000, 0x000000008fe00000, 0x000000008fe00000|100%| E|CS|TAMS 0x000000008fd00000, 0x000000008fd00000| Complete 
| 254|0x000000008fe00000, 0x000000008ff00000, 0x000000008ff00000|100%| E|CS|TAMS 0x000000008fe00000, 0x000000008fe00000| Complete 
| 255|0x000000008ff00000, 0x0000000090000000, 0x0000000090000000|100%| E|CS|TAMS 0x000000008ff00000, 0x000000008ff00000| Complete 
| 256|0x0000000090000000, 0x0000000090100000, 0x0000000090100000|100%| E|CS|TAMS 0x0000000090000000, 0x0000000090000000| Complete 
| 257|0x0000000090100000, 0x0000000090200000, 0x0000000090200000|100%| E|CS|TAMS 0x0000000090100000, 0x0000000090100000| Complete 
| 258|0x0000000090200000, 0x0000000090300000, 0x0000000090300000|100%| E|CS|TAMS 0x0000000090200000, 0x0000000090200000| Complete 
| 259|0x0000000090300000, 0x0000000090400000, 0x0000000090400000|100%| E|CS|TAMS 0x0000000090300000, 0x0000000090300000| Complete 
| 260|0x0000000090400000, 0x0000000090500000, 0x0000000090500000|100%| E|CS|TAMS 0x0000000090400000, 0x0000000090400000| Complete 
| 261|0x0000000090500000, 0x0000000090600000, 0x0000000090600000|100%| E|CS|TAMS 0x0000000090500000, 0x0000000090500000| Complete 
| 262|0x0000000090600000, 0x0000000090700000, 0x0000000090700000|100%| E|CS|TAMS 0x0000000090600000, 0x0000000090600000| Complete 
| 263|0x0000000090700000, 0x0000000090800000, 0x0000000090800000|100%| E|CS|TAMS 0x0000000090700000, 0x0000000090700000| Complete 
| 264|0x0000000090800000, 0x0000000090900000, 0x0000000090900000|100%| E|CS|TAMS 0x0000000090800000, 0x0000000090800000| Complete 
| 265|0x0000000090900000, 0x0000000090a00000, 0x0000000090a00000|100%| E|CS|TAMS 0x0000000090900000, 0x0000000090900000| Complete 
| 266|0x0000000090a00000, 0x0000000090b00000, 0x0000000090b00000|100%| E|CS|TAMS 0x0000000090a00000, 0x0000000090a00000| Complete 
| 267|0x0000000090b00000, 0x0000000090c00000, 0x0000000090c00000|100%| E|CS|TAMS 0x0000000090b00000, 0x0000000090b00000| Complete 
| 268|0x0000000090c00000, 0x0000000090d00000, 0x0000000090d00000|100%| E|CS|TAMS 0x0000000090c00000, 0x0000000090c00000| Complete 
| 269|0x0000000090d00000, 0x0000000090e00000, 0x0000000090e00000|100%| E|CS|TAMS 0x0000000090d00000, 0x0000000090d00000| Complete 
| 270|0x0000000090e00000, 0x0000000090f00000, 0x0000000090f00000|100%| E|CS|TAMS 0x0000000090e00000, 0x0000000090e00000| Complete 
| 271|0x0000000090f00000, 0x0000000091000000, 0x0000000091000000|100%| E|CS|TAMS 0x0000000090f00000, 0x0000000090f00000| Complete 
| 272|0x0000000091000000, 0x0000000091100000, 0x0000000091100000|100%| E|CS|TAMS 0x0000000091000000, 0x0000000091000000| Complete 
| 273|0x0000000091100000, 0x0000000091200000, 0x0000000091200000|100%| E|CS|TAMS 0x0000000091100000, 0x0000000091100000| Complete 
| 274|0x0000000091200000, 0x0000000091300000, 0x0000000091300000|100%| E|CS|TAMS 0x0000000091200000, 0x0000000091200000| Complete 
| 275|0x0000000091300000, 0x0000000091400000, 0x0000000091400000|100%| E|CS|TAMS 0x0000000091300000, 0x0000000091300000| Complete 
| 276|0x0000000091400000, 0x0000000091500000, 0x0000000091500000|100%| E|CS|TAMS 0x0000000091400000, 0x0000000091400000| Complete 
| 277|0x0000000091500000, 0x0000000091600000, 0x0000000091600000|100%| E|CS|TAMS 0x0000000091500000, 0x0000000091500000| Complete 
| 278|0x0000000091600000, 0x0000000091700000, 0x0000000091700000|100%| E|CS|TAMS 0x0000000091600000, 0x0000000091600000| Complete 
| 279|0x0000000091700000, 0x0000000091800000, 0x0000000091800000|100%| E|CS|TAMS 0x0000000091700000, 0x0000000091700000| Complete 
| 280|0x0000000091800000, 0x0000000091900000, 0x0000000091900000|100%| E|CS|TAMS 0x0000000091800000, 0x0000000091800000| Complete 
| 281|0x0000000091900000, 0x0000000091a00000, 0x0000000091a00000|100%| E|CS|TAMS 0x0000000091900000, 0x0000000091900000| Complete 
| 282|0x0000000091a00000, 0x0000000091b00000, 0x0000000091b00000|100%| E|CS|TAMS 0x0000000091a00000, 0x0000000091a00000| Complete 
| 283|0x0000000091b00000, 0x0000000091c00000, 0x0000000091c00000|100%| E|CS|TAMS 0x0000000091b00000, 0x0000000091b00000| Complete 
| 284|0x0000000091c00000, 0x0000000091d00000, 0x0000000091d00000|100%| E|CS|TAMS 0x0000000091c00000, 0x0000000091c00000| Complete 
| 285|0x0000000091d00000, 0x0000000091e00000, 0x0000000091e00000|100%| E|CS|TAMS 0x0000000091d00000, 0x0000000091d00000| Complete 
| 286|0x0000000091e00000, 0x0000000091f00000, 0x0000000091f00000|100%| E|CS|TAMS 0x0000000091e00000, 0x0000000091e00000| Complete 
| 287|0x0000000091f00000, 0x0000000092000000, 0x0000000092000000|100%| E|CS|TAMS 0x0000000091f00000, 0x0000000091f00000| Complete 
| 288|0x0000000092000000, 0x0000000092100000, 0x0000000092100000|100%| E|CS|TAMS 0x0000000092000000, 0x0000000092000000| Complete 
| 289|0x0000000092100000, 0x0000000092200000, 0x0000000092200000|100%| E|CS|TAMS 0x0000000092100000, 0x0000000092100000| Complete 
| 290|0x0000000092200000, 0x0000000092300000, 0x0000000092300000|100%| E|CS|TAMS 0x0000000092200000, 0x0000000092200000| Complete 
| 291|0x0000000092300000, 0x0000000092400000, 0x0000000092400000|100%| E|CS|TAMS 0x0000000092300000, 0x0000000092300000| Complete 
| 292|0x0000000092400000, 0x0000000092500000, 0x0000000092500000|100%| E|CS|TAMS 0x0000000092400000, 0x0000000092400000| Complete 
| 293|0x0000000092500000, 0x0000000092600000, 0x0000000092600000|100%| E|CS|TAMS 0x0000000092500000, 0x0000000092500000| Complete 
| 294|0x0000000092600000, 0x0000000092700000, 0x0000000092700000|100%| E|CS|TAMS 0x0000000092600000, 0x0000000092600000| Complete 
| 295|0x0000000092700000, 0x0000000092800000, 0x0000000092800000|100%| E|CS|TAMS 0x0000000092700000, 0x0000000092700000| Complete 
| 296|0x0000000092800000, 0x0000000092900000, 0x0000000092900000|100%| E|CS|TAMS 0x0000000092800000, 0x0000000092800000| Complete 
| 297|0x0000000092900000, 0x0000000092a00000, 0x0000000092a00000|100%| E|CS|TAMS 0x0000000092900000, 0x0000000092900000| Complete 
| 298|0x0000000092a00000, 0x0000000092b00000, 0x0000000092b00000|100%| E|CS|TAMS 0x0000000092a00000, 0x0000000092a00000| Complete 
| 299|0x0000000092b00000, 0x0000000092c00000, 0x0000000092c00000|100%| E|CS|TAMS 0x0000000092b00000, 0x0000000092b00000| Complete 
| 300|0x0000000092c00000, 0x0000000092d00000, 0x0000000092d00000|100%| E|CS|TAMS 0x0000000092c00000, 0x0000000092c00000| Complete 
| 301|0x0000000092d00000, 0x0000000092e00000, 0x0000000092e00000|100%| E|CS|TAMS 0x0000000092d00000, 0x0000000092d00000| Complete 
| 302|0x0000000092e00000, 0x0000000092f00000, 0x0000000092f00000|100%| E|CS|TAMS 0x0000000092e00000, 0x0000000092e00000| Complete 
| 303|0x0000000092f00000, 0x0000000093000000, 0x0000000093000000|100%| E|CS|TAMS 0x0000000092f00000, 0x0000000092f00000| Complete 
| 304|0x0000000093000000, 0x0000000093100000, 0x0000000093100000|100%| E|CS|TAMS 0x0000000093000000, 0x0000000093000000| Complete 
| 305|0x0000000093100000, 0x0000000093200000, 0x0000000093200000|100%| E|CS|TAMS 0x0000000093100000, 0x0000000093100000| Complete 
| 306|0x0000000093200000, 0x0000000093300000, 0x0000000093300000|100%| E|CS|TAMS 0x0000000093200000, 0x0000000093200000| Complete 
| 307|0x0000000093300000, 0x0000000093400000, 0x0000000093400000|100%| E|CS|TAMS 0x0000000093300000, 0x0000000093300000| Complete 
| 308|0x0000000093400000, 0x0000000093500000, 0x0000000093500000|100%| E|CS|TAMS 0x0000000093400000, 0x0000000093400000| Complete 
| 309|0x0000000093500000, 0x0000000093600000, 0x0000000093600000|100%| E|CS|TAMS 0x0000000093500000, 0x0000000093500000| Complete 
| 310|0x0000000093600000, 0x0000000093700000, 0x0000000093700000|100%| E|CS|TAMS 0x0000000093600000, 0x0000000093600000| Complete 
| 311|0x0000000093700000, 0x0000000093800000, 0x0000000093800000|100%| E|CS|TAMS 0x0000000093700000, 0x0000000093700000| Complete 
| 312|0x0000000093800000, 0x0000000093900000, 0x0000000093900000|100%| E|CS|TAMS 0x0000000093800000, 0x0000000093800000| Complete 
| 313|0x0000000093900000, 0x0000000093a00000, 0x0000000093a00000|100%| E|CS|TAMS 0x0000000093900000, 0x0000000093900000| Complete 
| 314|0x0000000093a00000, 0x0000000093b00000, 0x0000000093b00000|100%| E|CS|TAMS 0x0000000093a00000, 0x0000000093a00000| Complete 
| 315|0x0000000093b00000, 0x0000000093c00000, 0x0000000093c00000|100%| E|CS|TAMS 0x0000000093b00000, 0x0000000093b00000| Complete 
| 316|0x0000000093c00000, 0x0000000093d00000, 0x0000000093d00000|100%| E|CS|TAMS 0x0000000093c00000, 0x0000000093c00000| Complete 
| 317|0x0000000093d00000, 0x0000000093e00000, 0x0000000093e00000|100%| E|CS|TAMS 0x0000000093d00000, 0x0000000093d00000| Complete 
| 318|0x0000000093e00000, 0x0000000093f00000, 0x0000000093f00000|100%| E|CS|TAMS 0x0000000093e00000, 0x0000000093e00000| Complete 
| 319|0x0000000093f00000, 0x0000000094000000, 0x0000000094000000|100%| E|CS|TAMS 0x0000000093f00000, 0x0000000093f00000| Complete 
| 320|0x0000000094000000, 0x0000000094100000, 0x0000000094100000|100%| E|CS|TAMS 0x0000000094000000, 0x0000000094000000| Complete 

Card table byte_map: [0x0000012a7b150000,0x0000012a7b550000] _byte_map_base: 0x0000012a7ad50000

Marking Bits (Prev, Next): (CMBitMap*) 0x0000012a686a1ec0, (CMBitMap*) 0x0000012a686a1e88
 Prev Bits: [0x0000012a7d950000, 0x0000012a7f950000)
 Next Bits: [0x0000012a7b950000, 0x0000012a7d950000)

Polling page: 0x0000012a665f0000

Metaspace:

Usage:
  Non-class:     94.69 MB capacity,    92.91 MB ( 98%) used,     1.42 MB (  2%) free+waste,   363.50 KB ( <1%) overhead. 
      Class:     14.74 MB capacity,    13.68 MB ( 93%) used,   925.26 KB (  6%) free+waste,   159.00 KB (  1%) overhead. 
       Both:    109.43 MB capacity,   106.60 MB ( 97%) used,     2.32 MB (  2%) free+waste,   522.50 KB ( <1%) overhead. 

Virtual space:
  Non-class space:       96.00 MB reserved,      94.79 MB ( 99%) committed 
      Class space:        1.00 GB reserved,      14.82 MB (  1%) committed 
             Both:        1.09 GB reserved,     109.60 MB ( 10%) committed 

Chunk freelists:
   Non-Class:  34.00 KB
       Class:  0 bytes
        Both:  34.00 KB

MaxMetaspaceSize: 17179869184.00 GB
CompressedClassSpaceSize: 1.00 GB

CodeHeap 'non-profiled nmethods': size=120064Kb used=9647Kb max_used=9647Kb free=110416Kb
 bounds [0x0000012a73c10000, 0x0000012a74580000, 0x0000012a7b150000]
CodeHeap 'profiled nmethods': size=120000Kb used=37208Kb max_used=37208Kb free=82791Kb
 bounds [0x0000012a6c6e0000, 0x0000012a6eb40000, 0x0000012a73c10000]
CodeHeap 'non-nmethods': size=5696Kb used=2324Kb max_used=2412Kb free=3371Kb
 bounds [0x0000012a6c150000, 0x0000012a6c3d0000, 0x0000012a6c6e0000]
 total_blobs=17075 nmethods=16120 adapters=865
 compilation: enabled
              stopped_count=0, restarted_count=0
 full_count=0

Compilation events (20 events):
Event: 74.164 Thread 0x0000012a7fd40800 nmethod 16451 0x0000012a74576310 code [0x0000012a745764a0, 0x0000012a74576558]
Event: 74.198 Thread 0x0000012a7fd40800 16452       4       com.android.tools.r8.graph.B0$b::a (62 bytes)
Event: 74.201 Thread 0x0000012a7fd40800 nmethod 16452 0x0000012a74576610 code [0x0000012a745767c0, 0x0000012a745769c8]
Event: 74.201 Thread 0x0000012a7fd40800 16453       4       com.android.tools.r8.graph.B0$c::a (559 bytes)
Event: 74.290 Thread 0x0000012a7fd6c800 16459       3       com.android.tools.r8.internal.qr::b (142 bytes)
Event: 74.291 Thread 0x0000012a7fd6c800 nmethod 16459 0x0000012a6eb2c210 code [0x0000012a6eb2c560, 0x0000012a6eb2dc28]
Event: 74.305 Thread 0x0000012a7fd6c800 16466       2       com.android.tools.r8.graph.f0$s::<init> (6 bytes)
Event: 74.306 Thread 0x0000012a7fd6c800 nmethod 16466 0x0000012a6eb2e410 code [0x0000012a6eb2e5c0, 0x0000012a6eb2e6b8]
Event: 74.306 Thread 0x0000012a7fd6c800 16467       2       com.android.tools.r8.graph.f0$x::<init> (5 bytes)
Event: 74.306 Thread 0x0000012a7fd6c800 nmethod 16467 0x0000012a6eb2e790 code [0x0000012a6eb2e940, 0x0000012a6eb2ea38]
Event: 74.306 Thread 0x0000012a7fd6c800 16468       2       com.android.tools.r8.graph.f0$x::<init> (5 bytes)
Event: 74.306 Thread 0x0000012a7fd6c800 nmethod 16468 0x0000012a6eb2eb10 code [0x0000012a6eb2ecc0, 0x0000012a6eb2edb8]
Event: 74.323 Thread 0x0000012a7fd40800 nmethod 16453 0x0000012a74576c10 code [0x0000012a74577040, 0x0000012a7457a2b8]
Event: 74.323 Thread 0x0000012a7fd40800 16465 %     4       com.android.tools.r8.internal.U6::a @ 3180 (4191 bytes)
Event: 75.745 Thread 0x0000012a7fd6c800 16475 %     3       com.android.tools.r8.internal.v6::a @ 33 (102 bytes)
Event: 75.746 Thread 0x0000012a7fd6c800 nmethod 16475% 0x0000012a6eb2ee90 code [0x0000012a6eb2f160, 0x0000012a6eb30258]
Event: 75.746 Thread 0x0000012a7fd6c800 16476       3       com.android.tools.r8.internal.v6::a (102 bytes)
Event: 75.746 Thread 0x0000012a7fd6c800 nmethod 16476 0x0000012a6eb30810 code [0x0000012a6eb30ae0, 0x0000012a6eb31b58]
Event: 75.755 Thread 0x0000012a7fd6c800 16481   !   2       com.google.common.util.concurrent.InterruptibleTask::run (461 bytes)
Event: 75.759 Thread 0x0000012a7fd6c800 nmethod 16481 0x0000012a6eb32090 code [0x0000012a6eb326c0, 0x0000012a6eb35028]

GC Heap History (20 events):
Event: 60.389 GC heap before
{Heap before GC invocations=70 (full 0):
 garbage-first heap   total 328704K, used 274132K [0x0000000080000000, 0x0000000100000000)
  region size 1024K, 137 young (140288K), 7 survivors (7168K)
 Metaspace       used 108900K, capacity 111782K, committed 111976K, reserved 1146880K
  class space    used 13994K, capacity 15076K, committed 15172K, reserved 1048576K
}
Event: 60.405 GC heap after
{Heap after GC invocations=71 (full 0):
 garbage-first heap   total 328704K, used 136404K [0x0000000080000000, 0x0000000100000000)
  region size 1024K, 3 young (3072K), 3 survivors (3072K)
 Metaspace       used 108900K, capacity 111782K, committed 111976K, reserved 1146880K
  class space    used 13994K, capacity 15076K, committed 15172K, reserved 1048576K
}
Event: 61.411 GC heap before
{Heap before GC invocations=71 (full 0):
 garbage-first heap   total 328704K, used 292052K [0x0000000080000000, 0x0000000100000000)
  region size 1024K, 149 young (152576K), 3 survivors (3072K)
 Metaspace       used 108979K, capacity 111884K, committed 111976K, reserved 1146880K
  class space    used 13999K, capacity 15085K, committed 15172K, reserved 1048576K
}
Event: 61.430 GC heap after
{Heap after GC invocations=72 (full 0):
 garbage-first heap   total 328704K, used 139154K [0x0000000080000000, 0x0000000100000000)
  region size 1024K, 6 young (6144K), 6 survivors (6144K)
 Metaspace       used 108979K, capacity 111884K, committed 111976K, reserved 1146880K
  class space    used 13999K, capacity 15085K, committed 15172K, reserved 1048576K
}
Event: 62.399 GC heap before
{Heap before GC invocations=72 (full 0):
 garbage-first heap   total 328704K, used 282514K [0x0000000080000000, 0x0000000100000000)
  region size 1024K, 146 young (149504K), 6 survivors (6144K)
 Metaspace       used 108997K, capacity 111888K, committed 111976K, reserved 1146880K
  class space    used 14000K, capacity 15086K, committed 15172K, reserved 1048576K
}
Event: 62.415 GC heap after
{Heap after GC invocations=73 (full 0):
 garbage-first heap   total 328704K, used 139393K [0x0000000080000000, 0x0000000100000000)
  region size 1024K, 6 young (6144K), 6 survivors (6144K)
 Metaspace       used 108997K, capacity 111888K, committed 111976K, reserved 1146880K
  class space    used 14000K, capacity 15086K, committed 15172K, reserved 1048576K
}
Event: 63.369 GC heap before
{Heap before GC invocations=73 (full 0):
 garbage-first heap   total 328704K, used 282753K [0x0000000080000000, 0x0000000100000000)
  region size 1024K, 146 young (149504K), 6 survivors (6144K)
 Metaspace       used 109050K, capacity 111971K, committed 112232K, reserved 1146880K
  class space    used 14005K, capacity 15092K, committed 15172K, reserved 1048576K
}
Event: 63.384 GC heap after
{Heap after GC invocations=74 (full 0):
 garbage-first heap   total 328704K, used 137419K [0x0000000080000000, 0x0000000100000000)
  region size 1024K, 4 young (4096K), 4 survivors (4096K)
 Metaspace       used 109050K, capacity 111971K, committed 112232K, reserved 1146880K
  class space    used 14005K, capacity 15092K, committed 15172K, reserved 1048576K
}
Event: 64.215 GC heap before
{Heap before GC invocations=74 (full 0):
 garbage-first heap   total 328704K, used 283851K [0x0000000080000000, 0x0000000100000000)
  region size 1024K, 147 young (150528K), 4 survivors (4096K)
 Metaspace       used 109066K, capacity 111972K, committed 112232K, reserved 1146880K
  class space    used 14005K, capacity 15092K, committed 15172K, reserved 1048576K
}
Event: 64.233 GC heap after
{Heap after GC invocations=75 (full 0):
 garbage-first heap   total 328704K, used 140309K [0x0000000080000000, 0x0000000100000000)
  region size 1024K, 7 young (7168K), 7 survivors (7168K)
 Metaspace       used 109066K, capacity 111972K, committed 112232K, reserved 1146880K
  class space    used 14005K, capacity 15092K, committed 15172K, reserved 1048576K
}
Event: 65.301 GC heap before
{Heap before GC invocations=75 (full 0):
 garbage-first heap   total 328704K, used 282645K [0x0000000080000000, 0x0000000100000000)
  region size 1024K, 146 young (149504K), 7 survivors (7168K)
 Metaspace       used 109075K, capacity 111972K, committed 112232K, reserved 1146880K
  class space    used 14005K, capacity 15092K, committed 15172K, reserved 1048576K
}
Event: 65.317 GC heap after
{Heap after GC invocations=76 (full 0):
 garbage-first heap   total 328704K, used 138964K [0x0000000080000000, 0x0000000100000000)
  region size 1024K, 6 young (6144K), 6 survivors (6144K)
 Metaspace       used 109075K, capacity 111972K, committed 112232K, reserved 1146880K
  class space    used 14005K, capacity 15092K, committed 15172K, reserved 1048576K
}
Event: 68.148 GC heap before
{Heap before GC invocations=76 (full 0):
 garbage-first heap   total 328704K, used 283348K [0x0000000080000000, 0x0000000100000000)
  region size 1024K, 147 young (150528K), 6 survivors (6144K)
 Metaspace       used 109115K, capacity 111989K, committed 112232K, reserved 1146880K
  class space    used 14009K, capacity 15095K, committed 15172K, reserved 1048576K
}
Event: 68.173 GC heap after
{Heap after GC invocations=77 (full 0):
 garbage-first heap   total 328704K, used 145108K [0x0000000080000000, 0x0000000100000000)
  region size 1024K, 12 young (12288K), 12 survivors (12288K)
 Metaspace       used 109115K, capacity 111989K, committed 112232K, reserved 1146880K
  class space    used 14009K, capacity 15095K, committed 15172K, reserved 1048576K
}
Event: 68.865 GC heap before
{Heap before GC invocations=77 (full 0):
 garbage-first heap   total 328704K, used 278228K [0x0000000080000000, 0x0000000100000000)
  region size 1024K, 142 young (145408K), 12 survivors (12288K)
 Metaspace       used 109118K, capacity 111989K, committed 112232K, reserved 1146880K
  class space    used 14009K, capacity 15095K, committed 15172K, reserved 1048576K
}
Event: 68.886 GC heap after
{Heap after GC invocations=78 (full 0):
 garbage-first heap   total 328704K, used 143266K [0x0000000080000000, 0x0000000100000000)
  region size 1024K, 7 young (7168K), 7 survivors (7168K)
 Metaspace       used 109118K, capacity 111989K, committed 112232K, reserved 1146880K
  class space    used 14009K, capacity 15095K, committed 15172K, reserved 1048576K
}
Event: 69.655 GC heap before
{Heap before GC invocations=78 (full 0):
 garbage-first heap   total 328704K, used 282530K [0x0000000080000000, 0x0000000100000000)
  region size 1024K, 143 young (146432K), 7 survivors (7168K)
 Metaspace       used 109121K, capacity 111989K, committed 112232K, reserved 1146880K
  class space    used 14009K, capacity 15095K, committed 15172K, reserved 1048576K
}
Event: 69.663 GC heap after
{Heap after GC invocations=79 (full 0):
 garbage-first heap   total 328704K, used 142242K [0x0000000080000000, 0x0000000100000000)
  region size 1024K, 6 young (6144K), 6 survivors (6144K)
 Metaspace       used 109121K, capacity 111989K, committed 112232K, reserved 1146880K
  class space    used 14009K, capacity 15095K, committed 15172K, reserved 1048576K
}
Event: 70.360 GC heap before
{Heap before GC invocations=79 (full 0):
 garbage-first heap   total 328704K, used 282530K [0x0000000080000000, 0x0000000100000000)
  region size 1024K, 143 young (146432K), 6 survivors (6144K)
 Metaspace       used 109131K, capacity 111990K, committed 112232K, reserved 1146880K
  class space    used 14009K, capacity 15095K, committed 15172K, reserved 1048576K
}
Event: 70.368 GC heap after
{Heap after GC invocations=80 (full 0):
 garbage-first heap   total 328704K, used 142242K [0x0000000080000000, 0x0000000100000000)
  region size 1024K, 6 young (6144K), 6 survivors (6144K)
 Metaspace       used 109131K, capacity 111990K, committed 112232K, reserved 1146880K
  class space    used 14009K, capacity 15095K, committed 15172K, reserved 1048576K
}

Deoptimization events (20 events):
Event: 73.301 Thread 0x0000012a05146000 DEOPT PACKING pc=0x0000012a6de715cb sp=0x0000002a53ff9e60
Event: 73.301 Thread 0x0000012a05146000 DEOPT UNPACKING pc=0x0000012a6c176abf sp=0x0000002a53ff9390 mode 0
Event: 75.746 Thread 0x0000012a05146000 DEOPT PACKING pc=0x0000012a6ea65eaa sp=0x0000002a53ffa740
Event: 75.746 Thread 0x0000012a05146000 DEOPT UNPACKING pc=0x0000012a6c176abf sp=0x0000002a53ff9cb0 mode 0
Event: 75.747 Thread 0x0000012a05146000 Uncommon trap: trap_request=0xffffffbe fr.pc=0x0000012a7455d870 relative=0x00000000000026d0
Event: 75.747 Thread 0x0000012a05146000 Uncommon trap: reason=profile_predicate action=maybe_recompile pc=0x0000012a7455d870 method=com.android.tools.r8.internal.hr.e()Lcom/android/tools/r8/graph/P; @ 34 c2
Event: 75.747 Thread 0x0000012a05146000 DEOPT PACKING pc=0x0000012a7455d870 sp=0x0000002a53ffa250
Event: 75.747 Thread 0x0000012a05146000 DEOPT UNPACKING pc=0x0000012a6c176ca9 sp=0x0000002a53ff9df0 mode 2
Event: 75.747 Thread 0x0000012a05146000 Uncommon trap: trap_request=0xffffffbe fr.pc=0x0000012a7455d870 relative=0x00000000000026d0
Event: 75.747 Thread 0x0000012a05146000 Uncommon trap: reason=profile_predicate action=maybe_recompile pc=0x0000012a7455d870 method=com.android.tools.r8.internal.hr.e()Lcom/android/tools/r8/graph/P; @ 34 c2
Event: 75.747 Thread 0x0000012a05146000 DEOPT PACKING pc=0x0000012a7455d870 sp=0x0000002a53ffa250
Event: 75.747 Thread 0x0000012a05146000 DEOPT UNPACKING pc=0x0000012a6c176ca9 sp=0x0000002a53ff9df0 mode 2
Event: 75.747 Thread 0x0000012a05146000 Uncommon trap: trap_request=0xffffffbe fr.pc=0x0000012a7455d870 relative=0x00000000000026d0
Event: 75.748 Thread 0x0000012a05146000 Uncommon trap: reason=profile_predicate action=maybe_recompile pc=0x0000012a7455d870 method=com.android.tools.r8.internal.hr.e()Lcom/android/tools/r8/graph/P; @ 34 c2
Event: 75.748 Thread 0x0000012a05146000 DEOPT PACKING pc=0x0000012a7455d870 sp=0x0000002a53ffa250
Event: 75.748 Thread 0x0000012a05146000 DEOPT UNPACKING pc=0x0000012a6c176ca9 sp=0x0000002a53ff9df0 mode 2
Event: 75.748 Thread 0x0000012a05146000 Uncommon trap: trap_request=0xffffffbe fr.pc=0x0000012a7455d870 relative=0x00000000000026d0
Event: 75.748 Thread 0x0000012a05146000 Uncommon trap: reason=profile_predicate action=maybe_recompile pc=0x0000012a7455d870 method=com.android.tools.r8.internal.hr.e()Lcom/android/tools/r8/graph/P; @ 34 c2
Event: 75.748 Thread 0x0000012a05146000 DEOPT PACKING pc=0x0000012a7455d870 sp=0x0000002a53ffa250
Event: 75.748 Thread 0x0000012a05146000 DEOPT UNPACKING pc=0x0000012a6c176ca9 sp=0x0000002a53ff9df0 mode 2

Classes redefined (0 events):
No events

Internal exceptions (20 events):
Event: 63.646 Thread 0x0000012a05146000 Exception <a 'sun/nio/fs/WindowsException'{0x0000000091157068}> (0x0000000091157068) thrown at [./src/hotspot/share/prims/jni.cpp, line 615]
Event: 63.710 Thread 0x0000012a03a8b800 Exception <a 'sun/nio/fs/WindowsException'{0x0000000090960830}> (0x0000000090960830) thrown at [./src/hotspot/share/prims/jni.cpp, line 615]
Event: 63.766 Thread 0x0000012a05146000 Exception <a 'sun/nio/fs/WindowsException'{0x0000000090580f20}> (0x0000000090580f20) thrown at [./src/hotspot/share/prims/jni.cpp, line 615]
Event: 63.791 Thread 0x0000012a03a8b800 Exception <a 'sun/nio/fs/WindowsException'{0x000000009088bae8}> (0x000000009088bae8) thrown at [./src/hotspot/share/prims/jni.cpp, line 615]
Event: 64.184 Thread 0x0000012a03a8b800 Exception <a 'sun/nio/fs/WindowsException'{0x000000008b64af80}> (0x000000008b64af80) thrown at [./src/hotspot/share/prims/jni.cpp, line 615]
Event: 64.966 Thread 0x0000012a03a8b800 Exception <a 'sun/nio/fs/WindowsException'{0x000000008d993fc0}> (0x000000008d993fc0) thrown at [./src/hotspot/share/prims/jni.cpp, line 615]
Event: 65.102 Thread 0x0000012a05146000 Exception <a 'sun/nio/fs/WindowsException'{0x000000008c772ab0}> (0x000000008c772ab0) thrown at [./src/hotspot/share/prims/jni.cpp, line 615]
Event: 65.327 Thread 0x0000012a03a8b800 Exception <a 'sun/nio/fs/WindowsException'{0x0000000093fdbb50}> (0x0000000093fdbb50) thrown at [./src/hotspot/share/prims/jni.cpp, line 615]
Event: 65.382 Thread 0x0000012a05146000 Exception <a 'sun/nio/fs/WindowsException'{0x000000009403b328}> (0x000000009403b328) thrown at [./src/hotspot/share/prims/jni.cpp, line 615]
Event: 65.395 Thread 0x0000012a05146000 Exception <a 'sun/nio/fs/WindowsException'{0x0000000093b6e028}> (0x0000000093b6e028) thrown at [./src/hotspot/share/prims/jni.cpp, line 615]
Event: 65.397 Thread 0x0000012a03a8b800 Exception <a 'sun/nio/fs/WindowsException'{0x0000000093bbf990}> (0x0000000093bbf990) thrown at [./src/hotspot/share/prims/jni.cpp, line 615]
Event: 67.535 Thread 0x0000012a03a8b800 Implicit null exception at 0x0000012a7440f2f3 to 0x0000012a74414454
Event: 67.571 Thread 0x0000012a03a8b800 Exception <a 'sun/nio/fs/WindowsException'{0x000000008f690938}> (0x000000008f690938) thrown at [./src/hotspot/share/prims/jni.cpp, line 615]
Event: 67.656 Thread 0x0000012a05146000 Exception <a 'sun/nio/fs/WindowsException'{0x000000008f5bf188}> (0x000000008f5bf188) thrown at [./src/hotspot/share/prims/jni.cpp, line 615]
Event: 67.897 Thread 0x0000012a05146000 Exception <a 'sun/nio/fs/WindowsException'{0x000000008dcf1ad8}> (0x000000008dcf1ad8) thrown at [./src/hotspot/share/prims/jni.cpp, line 615]
Event: 68.002 Thread 0x0000012a03a8b800 Exception <a 'sun/nio/fs/WindowsException'{0x000000008d6836b8}> (0x000000008d6836b8) thrown at [./src/hotspot/share/prims/jni.cpp, line 615]
Event: 70.379 Thread 0x0000012a03a8b800 Exception <a 'sun/nio/fs/WindowsException'{0x00000000940c0120}> (0x00000000940c0120) thrown at [./src/hotspot/share/prims/jni.cpp, line 615]
Event: 70.408 Thread 0x0000012a03a8b800 Exception <a 'sun/nio/fs/WindowsException'{0x0000000093e0de18}> (0x0000000093e0de18) thrown at [./src/hotspot/share/prims/jni.cpp, line 615]
Event: 70.604 Thread 0x0000012a03a8b800 Exception <a 'sun/nio/fs/WindowsException'{0x000000009184d390}> (0x000000009184d390) thrown at [./src/hotspot/share/prims/jni.cpp, line 615]
Event: 72.627 Thread 0x0000012a05146000 Exception <a 'sun/nio/fs/WindowsException'{0x00000000908c16b8}> (0x00000000908c16b8) thrown at [./src/hotspot/share/prims/jni.cpp, line 615]

Events (20 events):
Event: 69.655 Executing VM operation: G1CollectForAllocation
Event: 69.664 Executing VM operation: G1CollectForAllocation done
Event: 70.360 Executing VM operation: G1CollectForAllocation
Event: 70.368 Executing VM operation: G1CollectForAllocation done
Event: 70.401 Executing VM operation: RevokeBias
Event: 70.401 Executing VM operation: RevokeBias done
Event: 70.618 Executing VM operation: RevokeBias
Event: 70.618 Executing VM operation: RevokeBias done
Event: 75.727 loading class com/android/tools/r8/graph/f0$a
Event: 75.727 loading class com/android/tools/r8/graph/f0$a done
Event: 75.747 Executing VM operation: RevokeBias
Event: 75.747 Executing VM operation: RevokeBias done
Event: 75.747 Executing VM operation: RevokeBias
Event: 75.747 Executing VM operation: RevokeBias done
Event: 75.747 Executing VM operation: RevokeBias
Event: 75.748 Executing VM operation: RevokeBias done
Event: 75.748 Executing VM operation: RevokeBias
Event: 75.748 Executing VM operation: RevokeBias done
Event: 75.752 loading class com/android/tools/r8/internal/l4$a
Event: 75.752 loading class com/android/tools/r8/internal/l4$a done


Dynamic libraries:
0x00007ff60e770000 - 0x00007ff60e77a000 	C:\Program Files\Android\Android Studio\jre\bin\java.exe
0x00007ff883690000 - 0x00007ff883885000 	C:\Windows\SYSTEM32\ntdll.dll
0x00007ff858100000 - 0x00007ff858116000 	C:\Program Files\Avast Software\Avast\aswhook.dll
0x00007ff882f60000 - 0x00007ff88301e000 	C:\Windows\System32\KERNEL32.DLL
0x00007ff880ee0000 - 0x00007ff8811a9000 	C:\Windows\System32\KERNELBASE.dll
0x00007ff880db0000 - 0x00007ff880eb0000 	C:\Windows\System32\ucrtbase.dll
0x00007ff86f410000 - 0x00007ff86f427000 	C:\Program Files\Android\Android Studio\jre\bin\VCRUNTIME140.dll
0x00007ff86c810000 - 0x00007ff86c829000 	C:\Program Files\Android\Android Studio\jre\bin\jli.dll
0x00007ff8833f0000 - 0x00007ff883591000 	C:\Windows\System32\USER32.dll
0x00007ff8812f0000 - 0x00007ff881312000 	C:\Windows\System32\win32u.dll
0x00007ff881f00000 - 0x00007ff881f2b000 	C:\Windows\System32\GDI32.dll
0x00007ff881580000 - 0x00007ff88168b000 	C:\Windows\System32\gdi32full.dll
0x00007ff860370000 - 0x00007ff86060a000 	C:\Windows\WinSxS\amd64_microsoft.windows.common-controls_6595b64144ccf1df_6.0.19041.1110_none_60b5254171f9507e\COMCTL32.dll
0x00007ff881320000 - 0x00007ff8813bd000 	C:\Windows\System32\msvcp_win.dll
0x00007ff883160000 - 0x00007ff8831fe000 	C:\Windows\System32\msvcrt.dll
0x00007ff8819d0000 - 0x00007ff881a00000 	C:\Windows\System32\IMM32.DLL
0x00007ff84f090000 - 0x00007ff84f12d000 	C:\Program Files\Android\Android Studio\jre\bin\msvcp140.dll
0x00007ff83e820000 - 0x00007ff83f2ef000 	C:\Program Files\Android\Android Studio\jre\bin\server\jvm.dll
0x00007ff881e50000 - 0x00007ff881efc000 	C:\Windows\System32\ADVAPI32.dll
0x00007ff881930000 - 0x00007ff8819cb000 	C:\Windows\System32\sechost.dll
0x00007ff882e30000 - 0x00007ff882f5a000 	C:\Windows\System32\RPCRT4.dll
0x00007ff8820e0000 - 0x00007ff8820e8000 	C:\Windows\System32\PSAPI.DLL
0x00007ff870af0000 - 0x00007ff870af9000 	C:\Windows\SYSTEM32\WSOCK32.dll
0x00007ff863860000 - 0x00007ff863887000 	C:\Windows\SYSTEM32\WINMM.dll
0x00007ff87bb30000 - 0x00007ff87bb3a000 	C:\Windows\SYSTEM32\VERSION.dll
0x00007ff8832f0000 - 0x00007ff88335b000 	C:\Windows\System32\WS2_32.dll
0x00007ff87ecd0000 - 0x00007ff87ece2000 	C:\Windows\SYSTEM32\kernel.appcore.dll
0x00007ff87da10000 - 0x00007ff87da21000 	C:\Program Files\Android\Android Studio\jre\bin\verify.dll
0x00007ff87b3e0000 - 0x00007ff87b5c4000 	C:\Windows\SYSTEM32\DBGHELP.DLL
0x00007ff87b340000 - 0x00007ff87b36c000 	C:\Windows\SYSTEM32\dbgcore.DLL
0x00007ff8811b0000 - 0x00007ff881233000 	C:\Windows\System32\bcryptPrimitives.dll
0x00007ff87d9e0000 - 0x00007ff87da09000 	C:\Program Files\Android\Android Studio\jre\bin\java.dll
0x00007ff87d9d0000 - 0x00007ff87d9db000 	C:\Program Files\Android\Android Studio\jre\bin\jimage.dll
0x00007ff87d9b0000 - 0x00007ff87d9c8000 	C:\Program Files\Android\Android Studio\jre\bin\zip.dll
0x00007ff8826f0000 - 0x00007ff882e2f000 	C:\Windows\System32\SHELL32.dll
0x00007ff87eed0000 - 0x00007ff87f660000 	C:\Windows\SYSTEM32\windows.storage.dll
0x00007ff881a60000 - 0x00007ff881db5000 	C:\Windows\System32\combase.dll
0x00007ff880730000 - 0x00007ff88075c000 	C:\Windows\SYSTEM32\Wldp.dll
0x00007ff8835a0000 - 0x00007ff88364e000 	C:\Windows\System32\SHCORE.dll
0x00007ff883100000 - 0x00007ff883155000 	C:\Windows\System32\shlwapi.dll
0x00007ff880cf0000 - 0x00007ff880d0f000 	C:\Windows\SYSTEM32\profapi.dll
0x00007ff87d990000 - 0x00007ff87d9aa000 	C:\Program Files\Android\Android Studio\jre\bin\net.dll
0x00007ff87c290000 - 0x00007ff87c398000 	C:\Windows\SYSTEM32\WINHTTP.dll
0x00007ff880490000 - 0x00007ff8804fa000 	C:\Windows\system32\mswsock.dll
0x00007ff87d970000 - 0x00007ff87d984000 	C:\Program Files\Android\Android Studio\jre\bin\nio.dll
0x00007ff86abc0000 - 0x00007ff86abe7000 	C:\Users\User\.gradle\native\8bec1ad78214c89d9ad589b4d07fe93259594b29d510b10fafb7a158f7737e5d\windows-amd64\native-platform.dll
0x00007ff84e140000 - 0x00007ff84e27d000 	C:\Users\User\.gradle\native\53dbd7edfb1c66fb8903c78663c9afc45aea4f116125fa6feffd364cf09443e8\windows-amd64\native-platform-file-events.dll
0x00007ff87d440000 - 0x00007ff87d44a000 	C:\Program Files\Android\Android Studio\jre\bin\management.dll
0x00007ff87c520000 - 0x00007ff87c52c000 	C:\Program Files\Android\Android Studio\jre\bin\management_ext.dll
0x00007ff880680000 - 0x00007ff880698000 	C:\Windows\SYSTEM32\CRYPTSP.dll
0x00007ff87fe10000 - 0x00007ff87fe44000 	C:\Windows\system32\rsaenh.dll
0x00007ff880eb0000 - 0x00007ff880ed7000 	C:\Windows\System32\bcrypt.dll
0x00007ff880c70000 - 0x00007ff880c9e000 	C:\Windows\SYSTEM32\USERENV.dll
0x00007ff8806a0000 - 0x00007ff8806ac000 	C:\Windows\SYSTEM32\CRYPTBASE.dll
0x00007ff880180000 - 0x00007ff8801bb000 	C:\Windows\SYSTEM32\IPHLPAPI.DLL
0x00007ff883360000 - 0x00007ff883368000 	C:\Windows\System32\NSI.dll
0x00007ff870b50000 - 0x00007ff870b67000 	C:\Windows\SYSTEM32\dhcpcsvc6.DLL
0x00007ff870b30000 - 0x00007ff870b4d000 	C:\Windows\SYSTEM32\dhcpcsvc.DLL
0x00007ff8801c0000 - 0x00007ff88028c000 	C:\Windows\SYSTEM32\DNSAPI.dll
0x00007ff8688f0000 - 0x00007ff86890e000 	C:\Users\User\AppData\Local\Temp\native-platform587748588717649177dir\native-platform.dll
0x00007ff8688e0000 - 0x00007ff8688e8000 	C:\Program Files\Android\Android Studio\jre\bin\rmi.dll

dbghelp: loaded successfully - version: 4.0.5 - missing functions: none
symbol engine: initialized successfully - sym options: 0x614 - pdb path: .;C:\Program Files\Android\Android Studio\jre\bin;C:\Windows\SYSTEM32;C:\Program Files\Avast Software\Avast;C:\Windows\WinSxS\amd64_microsoft.windows.common-controls_6595b64144ccf1df_6.0.19041.1110_none_60b5254171f9507e;C:\Program Files\Android\Android Studio\jre\bin\server;C:\Users\User\.gradle\native\8bec1ad78214c89d9ad589b4d07fe93259594b29d510b10fafb7a158f7737e5d\windows-amd64;C:\Users\User\.gradle\native\53dbd7edfb1c66fb8903c78663c9afc45aea4f116125fa6feffd364cf09443e8\windows-amd64;C:\Users\User\AppData\Local\Temp\native-platform587748588717649177dir

VM Arguments:
jvm_args: --add-opens=java.base/java.util=ALL-UNNAMED --add-opens=java.base/java.lang=ALL-UNNAMED --add-opens=java.base/java.lang.invoke=ALL-UNNAMED --add-opens=java.base/java.util=ALL-UNNAMED --add-opens=java.prefs/java.util.prefs=ALL-UNNAMED --add-opens=java.prefs/java.util.prefs=ALL-UNNAMED --add-opens=java.base/java.nio.charset=ALL-UNNAMED --add-opens=java.base/java.net=ALL-UNNAMED --add-opens=java.base/java.util.concurrent.atomic=ALL-UNNAMED -Xmx2048m -Dfile.encoding=UTF-8 -Duser.country=RU -Duser.language=ru -Duser.variant 
java_command: org.gradle.launcher.daemon.bootstrap.GradleDaemon 7.0.2
java_class_path (initial): C:\Users\User\.gradle\wrapper\dists\gradle-7.0.2-bin\857tjihv64xamwrf0h14cai3r\gradle-7.0.2\lib\gradle-launcher-7.0.2.jar
Launcher Type: SUN_STANDARD

[Global flags]
     intx CICompilerCount                          = 2                                         {product} {ergonomic}
     uint ConcGCThreads                            = 1                                         {product} {ergonomic}
     uint G1ConcRefinementThreads                  = 2                                         {product} {ergonomic}
   size_t G1HeapRegionSize                         = 1048576                                   {product} {ergonomic}
    uintx GCDrainStackTargetSize                   = 64                                        {product} {ergonomic}
   size_t InitialHeapSize                          = 134217728                                 {product} {ergonomic}
   size_t MarkStackSize                            = 4194304                                   {product} {ergonomic}
   size_t MaxHeapSize                              = 2147483648                                {product} {command line}
   size_t MaxNewSize                               = 1287651328                                {product} {ergonomic}
   size_t MinHeapDeltaBytes                        = 1048576                                   {product} {ergonomic}
    uintx NonNMethodCodeHeapSize                   = 5825164                                {pd product} {ergonomic}
    uintx NonProfiledCodeHeapSize                  = 122916538                              {pd product} {ergonomic}
    uintx ProfiledCodeHeapSize                     = 122916538                              {pd product} {ergonomic}
    uintx ReservedCodeCacheSize                    = 251658240                              {pd product} {ergonomic}
     bool SegmentedCodeCache                       = true                                      {product} {ergonomic}
     bool UseCompressedClassPointers               = true                                 {lp64_product} {ergonomic}
     bool UseCompressedOops                        = true                                 {lp64_product} {ergonomic}
     bool UseG1GC                                  = true                                      {product} {ergonomic}
     bool UseLargePagesIndividualAllocation        = false                                  {pd product} {ergonomic}

Logging:
Log output configuration:
 #0: stdout all=warning uptime,level,tags
 #1: stderr all=off uptime,level,tags

Environment Variables:
PATH=C:\Program Files\Eclipse Adoptium\jdk-11.0.14.9-hotspot\bin;C:\Windows\system32;C:\Windows;C:\Windows\System32\Wbem;C:\Windows\System32\WindowsPowerShell\v1.0\;C:\Program Files\nodejs\;C:\Program Files\Git\cmd;C:\Users\User\AppData\Local\Microsoft\WindowsApps;C:\Users\User\AppData\Local\Programs\Microsoft VS Code\bin;C:\Server\bin\PHP;C:\Users\User\AppData\Roaming\npm
USERNAME=User
OS=Windows_NT
PROCESSOR_IDENTIFIER=Intel64 Family 6 Model 158 Stepping 9, GenuineIntel



---------------  S Y S T E M  ---------------

OS: Windows 10 , 64 bit Build 19041 (10.0.19041.1202)
OS uptime: 0 days 1:35 hours

CPU:total 2 (initial active 2) (2 cores per cpu, 1 threads per core) family 6 model 158 stepping 9 microcode 0xb4, cmov, cx8, fxsr, mmx, sse, sse2, sse3, ssse3, sse4.1, sse4.2, popcnt, aes, clmul, erms, 3dnowpref, lzcnt, tsc, tscinvbit

Memory: 4k page, system-wide physical 8084M (205M free)
TotalPageFile size 9108M (AvailPageFile size 4M)
current process WorkingSet (physical memory assigned to process): 551M, peak: 627M
current process commit charge ("private bytes"): 715M, peak: 715M

vm_info: OpenJDK 64-Bit Server VM (11.0.10+0-b96-7249189) for windows-amd64 JRE (11.0.10+0-b96-7249189), built on Mar 31 2021 21:44:00 by "builder" with MS VC++ 14.0 (VS2015)

END.
